HVC286 0.051
HVC288 0.051
HVC314 0.051
HVC326 0.03
HVC328 0.051
HVC332 0.03
HVC333 0.03
HVC356 0.03
HVC443 0.03
HVC468 0.03
HVC472 0.051
HVC476 0.051
HVC477 0.051
HVC479 0.03
HVC480 0.03
HVC481 0.051
HVC505 0.03
HVC516 0.03
HVC522 0.051
HVC633 0.051
HVC657 0.051
HVC675 0.03
HVC677 0.03
HVC680 0.03
HVC709 0.051
HVC713 0.051
HVC716 0.03
HVC717 0.051
HVC720 0.03
HVC721 0.03
HVC728 0.03
HVC729 0.051
HVC731 0.03
HVC736 0.03
HVC739 0.051
HVC741 0.051
HVC745 0.051
HVC755 0.03
HVC788 0.03
HVC855 0.051
HVC857 0.03
HVC871 0.051
HVC872 0.051
HVC883 0.03
HVC887 0.03
HVC919 0.03
HVC921 0.051
HVC961 0.03
HVC1035 0.051
HVC1037 0.051
HVC1039 0.051
HVC1063 0.051
HVC1064 0.051
HVC1069 0.051
HVC1076 0.051
HVC1079 0.051
HVC1082 0.051
HVC1083 0.051
HVC1086 0.051
HVC1088 0.051
HVC1105 0.051
HVC1107 0.051
HVC1112 0.051
HVC1118 0.051
HVC1120 0.051
HVC1124 0.051
HVC1125 0.051
HVC1127 0.03
HVC1132 0.03
HVC1133 0.03
HVC1135 0.03
HVC1136 0.051
HVC1138 0.052
HVC1141 0.051
HVC1142 0.051
HVC1143 0.051
HVC1144 0.03
HVC1151 0.051
HVC1152 0.03
HVC1153 0.03
HVC1154 0.051
HVC1155 0.051
HVC1158 0.051
HVC1160 0.03
HVC1161 0.03
HVC1162 0.03
HVC1168 0.03
HVC1191 0.03
HVC1209 0.03
HVC1228 0.03
HVC1229 0.03
HVC1230 0.03
HVC1231 0.051
HVC1232 0.051
HVC1233 0.03
HVC1238 0.051
HVC1242 0.051
HVC1246 0.051
HVC1247 0.051
HVC1258 0.03
HVC1259 0.03
HVC1266 0.03
HVC1268 0.03
HVC1269 0.051
HVC1279 0.051
HVC1281 0.03
HVC1282 0.051
HVC1316 0.051
HVC1340 0.051
HVC1345 0.03
HVC1350 0.051
HVC1379 0.051
HVC1410 0.03
HVC1411 0.051
HVC1412 0.051
HVC1414 0.051
HVC1415 0.051
HVC1416 0.03
HVC1417 0.051
HVC1419 0.051
HVC1422 0.051
HVC1425 0.03
HVC1433 0.051
HVC1436 0.051
HVC1437 0.03
HVC1443 0.051
HVC1555 0.051
HVC1556 0.051
HVC1557 0.03
HVC1563 0.051
HVC1567 0.03
HVC1568 0.051
HVC1579 0.051
HVC1582 0.03
HVC1590 0.03
HVC1600 0.03
HVC1605 0.051
HVC1609 0.051
HVC1610 0.051
HVC1612 0.051
HVC1613 0.051
HVC1615 0.03
HVC1620 0.03
HVC1622 0.03
HVC1637 0.029
HVC1639 0.029
HVC1640 0.051
HVC1646 0.051
HVC1667 0.051
HVC1673 0.051
HVC1681 0.051
HVC1684 0.03
HVC1722 0.03
HVC1724 0.03
HVC1726 0.03
HVC1728 0.03
HVC1729 0.03
HVC1731 0.03
HVC1734 0.03
HVC1742 0.03
HVC1764 0.051
HVC1765 0.051
HVC1769 0.03
HVC1777 0.03
HVC1778 0.051
HVC1779 0.051
HVC1783 0.029
HVC1789 0.03
HVC1792 0.03
HVC1808 0.051
HVC1817 0.03
HVC1819 0.051
HVC1824 0.051
HVC1825 0.051
HVC1828 0.051
HVC1831 0.03
HVC1832 0.03
HVC1834 0.051
HVC1835 0.051
HVC1836 0.03
HVC1840 0.03
HVC1842 0.051
HVC1844 0.03
HVC1845 0.052
HVC1848 0.051
HVC1849 0.03
HVC1850 0.051
HVC1851 0.051
HVC1852 0.03
HVC1854 0.03
HVC1860 0.051
HVC1864 0.03
HVC1865 0.03
HVC1866 0.051
HVC1868 0.051
HVC1872 0.027
HVC1873 0.03
HVC1883 0.052
HVC1887 0.051
HVC1889 0.03
HVC1897 0.03
HVC1898 0.03
HVC1900 0.03
HVC1902 0.03
HVC1907 0.03
HVC1908 0.03
HVC1910 0.03
HVC1938 0.03
HVC1939 0.03
HVC1944 0.03
HVC1945 0.03
HVC1946 0.03
HVC1948 0.051
HVC1950 0.03
HVC1952 0.03
HVC1955 0.03
HVC1957 0.051
HVC1963 0.03
HVC1968 0.03
HVC1971 0.051
HVC1972 0.03
HVC1979 0.051
HVC1980 0.03
HVC1986 0.051
HVC1992 0.029
HVC1995 0.03
HVC2004 0.03
HVC2010 0.051
HVC2018 0.03
HVC2021 0.03
HVC2062 0.03
HVC2065 0.051
HVC2069 0.051
HVC2071 0.03
HVC2079 0.03
HVC2096 0.051
HVC2132 0.051
HVC2135 0.051
HVC2140 0.051
HVC2143 0.03
HVC2147 0.051
HVC2153 0.051
HVC2157 0.051
HVC2158 0.03
HVC2194 0.051
HVC2195 0.051
HVC2196 0.051
HVC2199 0.051
HVC2209 0.051
HVC2219 0.051
HVC2222 0.051
HVC2224 0.051
HVC2225 0.051
HVC2228 0.051
HVC2229 0.051
HVC2233 0.03
HVC2237 0.03
HVC2239 0.03
HVC2248 0.03
HVC2255 0.03
HVC2259 0.03
HVC2267 0.051
HVC2272 0.03
HVC2279 0.03
HVC2289 0.051
HVC2293 0.03
HVC2297 0.051
HVC2298 0.03
HVC2301 0.051
HVC2304 0.051
HVC2306 0.03
HVC2311 0.03
HVC2313 0.051
HVC2317 0.03
HVC2321 0.03
HVC2335 0.051
HVC2352 0.051
HVC2361 0.051
HVC2371 0.03
HVC2375 0.051
HVC2380 0.03
HVC2387 0.051
HVC2390 0.03
HVC2392 0.03
HVC2393 0.03
HVC2399 0.051
HVC2404 0.03
HVC2405 0.051
HVC2409 0.03
HVC2411 0.03
HVC2412 0.03
HVC2415 0.03
HVC2419 0.029
HVC2420 0.051
HVC2422 0.03
HVC2446 0.03
HVC2448 0.03
HVC2496 0.03
HVC2504 0.051
HVC2508 0.051
HVC2521 0.03
HVC2522 0.051
HVC2523 0.03
HVC2526 0.051
HVC2528 0.03
HVC2529 0.051
HVC2532 0.051
HVC2550 0.051
HVC2552 0.051
HVC2553 0.03
HVC2557 0.051
HVC2562 0.03
HVC2566 0.03
HVC2571 0.03
HVC2573 0.03
HVC2574 0.03
HVC2575 0.03
HVC2580 0.03
HVC2584 0.03
HVC2588 0.03
HVC2595 0.051
HVC2599 0.051
HVC2601 0.051
HVC2602 0.03
HVC2604 0.051
HVC2606 0.051
HVC2607 0.03
HVC2608 0.03
HVC2609 0.03
HVC2610 0.051
HVC2615 0.051
HVC2616 0.03
HVC2617 0.03
HVC2618 0.03
HVC2622 0.051
HVC2635 0.03
HVC2639 0.03
HVC2647 0.03
HVC2649 0.051
HVC2650 0.051
HVC2655 0.03
HVC2657 0.051
HVC2658 0.051
HVC2667 0.03
HVC2669 0.03
HVC2674 0.051
HVC2675 0.051
HVC2677 0.03
HVC2682 0.03
HVC2685 0.03
HVC2687 0.051
HVC2691 0.051
HVC2698 0.051
HVC2702 0.03
HVC2703 0.051
HVC2705 0.051
HVC2707 0.03
HVC2710 0.03
HVC2711 0.03
HVC2713 0.03
HVC2714 0.051
HVC2715 0.051
HVC2716 0.03
HVC2718 0.03
HVC2720 0.03
HVC2721 0.03
HVC2723 0.031
HVC2724 0.03
HVC2728 0.03
HVC2736 0.03
HVC2742 0.03
HVC2749 0.03
HVC2759 0.03
HVC2760 0.03
HVC2762 0.03
HVC2768 0.03
HVC2769 0.03
HVC2780 0.051
HVC2782 0.03
HVC2786 0.03
HVC2789 0.03
HVC2791 0.03
HVC2807 0.03
HVC2809 0.051
HVC2810 0.03
HVC2812 0.03
HVC2814 0.03
HVC2818 0.03
HVC2825 0.051
HVC2828 0.03
HVC2832 0.03
HVC2834 0.03
HVC2835 0.03
HVC2836 0.03
HVC2837 0.03
HVC2838 0.051
HVC2839 0.03
HVC2840 0.03
HVC2842 0.03
HVC2846 0.03
HVC2848 0.03
HVC2856 0.03
HVC2857 0.03
HVC2858 0.051
HVC3002 0.03
HVC3006 0.03
HVC3007 0.051
HVC3012 0.03
HVC3013 0.03
HVC3014 0.03
HVC3015 0.03
HVC3016 0.03
HVC3017 0.03
HVC3019 0.03
HVC3020 0.03
HVC3021 0.03
HVC3022 0.051
HVC3024 0.03
HVC3025 0.052
HVC3027 0.03
HVC3031 0.03
HVC3032 0.051
HVC3034 0.03
HVC3071 0.03
HVC3072 0.03
HVC3077 0.03
HVC3078 0.03
HVC3081 0.03
HVC3082 0.051
HVC3097 0.03
HVC3099 0.051
HVC3100 0.051
HVC3107 0.03
HVC3113 0.051
HVC3114 0.051
HVC3116 0.03
HVC3117 0.03
HVC3118 0.051
HVC3119 0.051
HVC3123 0.051
HVC3124 0.03
HVC3126 0.03
HVC3129 0.051
HVC3131 0.03
HVC3132 0.03
HVC3135 0.051
HVC3136 0.03
HVC3137 0.03
HVC3143 0.051
HVC3148 0.051
HVC3154 0.03
HVC3155 0.03
HVC3157 0.03
HVC3160 0.051
HVC3161 0.051
HVC3162 0.03
HVC3168 0.03
HVC3169 0.03
HVC3170 0.03
HVC3171 0.051
HVC3173 0.051
HVC3174 0.03
HVC3180 0.03
HVC3183 0.051
HVC3184 0.03
HVC3185 0.051
HVC3187 0.051
HVC3189 0.03
HVC3190 0.051
HVC3196 0.03
HVC3199 0.03
HVC3204 0.03
HVC3205 0.051
HVC3209 0.03
HVC3210 0.03
HVC3211 0.03
HVC3212 0.03
HVC3217 0.03
HVC3218 0.03
HVC3223 0.03
HVC3254 0.03
HVC3259 0.03
HVC3261 0.051
HVC3262 0.051
HVC3264 0.03
HVC3265 0.051
HVC3266 0.03
HVC3267 0.03
HVC3268 0.03
HVC3269 0.03
HVC3270 0.03
HVC3271 0.051
HVC3280 0.03
HVC3285 0.03
HVC3287 0.03
HVC3296 0.051
HVC3297 0.03
HVC3300 0.051
HVC3302 0.03
HVC3304 0.051
HVC3307 0.051
HVC3308 0.051
HVC3311 0.03
HVC3313 0.051
HVC3314 0.051
HVC3315 0.03
HVC3320 0.03
HVC3321 0.052
HVC3323 0.03
HVC3329 0.051
HVC3332 0.03
HVC3333 0.051
HVC3334 0.051
HVC3336 0.051
HVC3337 0.03
HVC3338 0.03
HVC3348 0.052
HVC3349 0.051
HVC3353 0.051
HVC3371 0.03
HVC3372 0.03
HVC3373 0.03
HVC3400 0.051
HVC3410 0.03
HVC3414 0.051
HVC3416 0.051
HVC3419 0.051
HVC3422 0.051
HVC3424 0.03
HVC3429 0.03
HVC3432 0.052
HVC3492 0.03
HVC3493 0.03
HVC3495 0.03
HVC3496 0.03
HVC3499 0.03
HVC3503 0.051
HVC3507 0.051
HVC3512 0.03
HVC3516 0.03
HVC3517 0.03
HVC3521 0.03
HVC3522 0.03
HVC3523 0.051
HVC3524 0.03
HVC3526 0.03
HVC3535 0.051
HVC3537 0.03
HVC3540 0.03
HVC3541 0.051
HVC3542 0.03
HVC3545 0.051
HVC3550 0.051
HVC3551 0.03
HVC3556 0.03
HVC3557 0.051
HVC3558 0.03
HVC3560 0.03
HVC3564 0.03
HVC3571 0.03
HVC3572 0.03
HVC3573 0.03
HVC3577 0.03
HVC3583 0.03
HVC3584 0.03
HVC3587 0.051
HVC3589 0.03
HVC3591 0.03
HVC3592 0.03
HVC3593 0.051
HVC3596 0.03
HVC3598 0.03
HVC3621 0.03
HVC3639 0.03
HVC3644 0.03
HVC3645 0.03
HVC3647 0.03
HVC3648 0.051
HVC3649 0.03
HVC3652 0.03
HVC3654 0.03
HVC3657 0.051
HVC3661 0.051
HVC3662 0.03
HVC3664 0.051
HVC3667 0.051
HVC3669 0.03
HVC3686 0.051
HVC3688 0.03
HVC3689 0.03
HVC3690 0.051
HVC3691 0.051
HVC3692 0.03
HVC3697 0.03
HVC3698 0.051
HVC3700 0.03
HVC3701 0.03
HVC3704 0.03
HVC3705 0.03
HVC3710 0.051
HVC3712 0.03
HVC3714 0.03
HVC3719 0.03
HVC3722 0.051
HVC3724 0.03
HVC3738 0.03
HVC3741 0.03
HVC3744 0.03
HVC3746 0.03
HVC3748 0.03
HVC3754 0.03
HVC3756 0.051
HVC3757 0.051
HVC3763 0.03
HVC3765 0.03
HVC3771 0.03
HVC3777 0.03
HVC3782 0.051
HVC3786 0.051
HVC3787 0.03
HVC3794 0.051
HVC3796 0.03
HVC3798 0.051
HVC3799 0.03
HVC3800 0.03
HVC3802 0.03
HVC3803 0.03
HVC3804 0.03
HVC3805 0.03
HVC3808 0.03
HVC3809 0.051
HVC3811 0.051
HVC3812 0.03
HVC3814 0.03
HVC3821 0.051
HVC3822 0.051
HVC3835 0.051
HVC3837 0.03
HVC3841 0.03
HVC3842 0.051
HVC3843 0.051
HVC3845 0.051
HVC3846 0.03
HVC3848 0.051
HVC3852 0.03
HVC3855 0.03
HVC3856 0.03
HVC3859 0.03
HVC3860 0.03
HVC3861 0.03
HVC3865 0.03
HVC3866 0.03
HVC3871 0.03
HVC3876 0.03
HVC3877 0.03
HVC3880 0.051
HVC3881 0.03
HVC3888 0.03
HVC3889 0.03
HVC3891 0.03
HVC3897 0.03
HVC3898 0.03
HVC3900 0.03
HVC3901 0.03
HVC3907 0.03
HVC3908 0.051
HVC3912 0.051
HVC3916 0.03
HVC3919 0.03
HVC3920 0.03
HVC3925 0.03
HVC3926 0.03
HVC3931 0.03
HVC3933 0.052
HVC3935 0.03
HVC3936 0.051
HVC3937 0.03
HVC3938 0.03
HVC3941 0.03
HVC3942 0.03
HVC3943 0.03
HVC3952 0.03
HVC3956 0.029
HVC3962 0.03
HVC3965 0.03
HVC3968 0.03
HVC3970 0.03
HVC3988 0.03
HVC3990 0.03
HVC3992 0.051
HVC3994 0.052
HVC3995 0.03
HVC3996 0.051
HVC3999 0.03
HVC4003 0.03
HVC4004 0.03
HVC4021 0.051
HVC4022 0.03
HVC4025 0.03
HVC4026 0.051
HVC4032 0.03
HVC4042 0.03
HVC4043 0.051
HVC4044 0.03
HVC4045 0.051
HVC4046 0.03
HVC4047 0.03
HVC4051 0.051
HVC4052 0.03
HVC4055 0.03
HVC4056 0.03
HVC4057 0.03
HVC4066 0.051
HVC4068 0.03
HVC4070 0.051
HVC4073 0.051
HVC4074 0.03
HVC4099 0.051
HVC4104 0.051
HVC4106 0.051
HVC4107 0.051
HVC4108 0.051
HVC4109 0.03
HVC4110 0.03
HVC4111 0.03
HVC4112 0.051
HVC4114 0.051
HVC4115 0.03
HVC4116 0.03
HVC4117 0.051
HVC4119 0.051
HVC4121 0.051
HVC4122 0.051
HVC4123 0.03
HVC4124 0.03
HVC4125 0.03
HVC4126 0.051
HVC4127 0.03
HVC4128 0.051
HVC4129 0.03
HVC4130 0.051
HVC4131 0.03
HVC4132 0.03
HVC4134 0.051
HVC4135 0.051
HVC4136 0.051
HVC4137 0.03
HVC4138 0.03
HVC4140 0.051
HVC4141 0.03
HVC4142 0.03
HVC4143 0.051
HVC4144 0.03
HVC4147 0.03
HVC4149 0.03
HVC4151 0.051
HVC4152 0.051
HVC4153 0.03
HVC4163 0.03
HVC4170 0.03
HVC4171 0.03
HVC4173 0.03
HVC4175 0.03
HVC4178 0.051
HVC4185 0.051
HVC4189 0.051
HVC4194 0.03
HVC4197 0.051
HVC4201 0.051
HVC4203 0.051
HVC4205 0.03
HVC4209 0.03
HVC4218 0.03
HVC4219 0.03
HVC4220 0.03
HVC4223 0.03
HVC4230 0.03
HVC4232 0.03
HVC4233 0.03
HVC4234 0.03
HVC4239 0.051
HVC4241 0.03
HVC4243 0.051
HVC4246 0.03
HVC4248 0.03
HVC4258 0.03
HVC4261 0.03
HVC4262 0.03
HVC4267 0.03
HVC4268 0.03
HVC4270 0.03
HVC4271 0.051
HVC4273 0.052
HVC4275 0.03
HVC4278 0.03
HVC4283 0.051
HVC4288 0.03
HVC4295 0.03
HVC4307 0.03
HVC4309 0.03
HVC4319 0.03
HVC4321 0.051
HVC4323 0.03
HVC4324 0.051
HVC4325 0.051
HVC4326 0.051
HVC4330 0.03
HVC4333 0.051
HVC4335 0.03
HVC4343 0.03
HVC4350 0.03
HVC4351 0.03
HVC4352 0.051
HVC4355 0.03
HVC4356 0.03
HVC4362 0.03
HVC4363 0.03
HVC4364 0.051
HVC4366 0.051
HVC4368 0.03
HVC4371 0.051
HVC4374 0.03
HVC4375 0.03
HVC4377 0.03
HVC4381 0.03
HVC4387 0.03
HVC4392 0.03
HVC4394 0.051
HVC4395 0.03
HVC4397 0.03
HVC4398 0.03
HVC4399 0.03
HVC4400 0.051
HVC4402 0.03
HVC4406 0.051
HVC4407 0.051
HVC4410 0.03
HVC4411 0.03
HVC4417 0.03
HVC4419 0.03
HVC4422 0.03
HVC4423 0.03
HVC4425 0.051
HVC4428 0.03
HVC4430 0.051
HVC4432 0.03
HVC4433 0.051
HVC4434 0.051
HVC4435 0.051
HVC4444 0.03
HVC4445 0.03
HVC4446 0.03
HVC4447 0.051
HVC4472 0.03
HVC4474 0.03
HVC4475 0.029
HVC4476 0.03
HVC532 0.03
HVC535 0.03
HVC624 0.03
HVC725 0.03
HVC893 0.03
HVC918 0.051
HVC1094 0.051
HVC1163 0.03
HVC1270 0.051
HVC1322 0.03
HVC1413 0.03
HVC1643 0.051
HVC1875 0.03
HVC1912 0.03
HVC1934 0.051
HVC1935 0.03
HVC1983 0.051
HVC1985 0.051
HVC2015 0.051
HVC2019 0.051
HVC2027 0.03
HVC2044 0.03
HVC2045 0.03
HVC2051 0.051
HVC2054 0.03
HVC2067 0.03
HVC2080 0.03
HVC2084 0.03
HVC2099 0.03
HVC2101 0.03
HVC2119 0.051
HVC2131 0.03
HVC2141 0.051
HVC2151 0.03
HVC2156 0.051
HVC2160 0.03
HVC2201 0.051
HVC2203 0.03
HVC2206 0.03
HVC2207 0.051
HVC2210 0.051
HVC2217 0.051
HVC2231 0.03
HVC2261 0.03
HVC2275 0.03
HVC2276 0.051
HVC2285 0.03
HVC2286 0.051
HVC2300 0.03
HVC2310 0.03
HVC2314 0.03
HVC2338 0.051
HVC2339 0.051
HVC2345 0.051
HVC2394 0.03
HVC2398 0.03
HVC2421 0.03
HVC2427 0.051
HVC2429 0.051
HVC2436 0.03
HVC2438 0.03
HVC2459 0.051
HVC2489 0.03
HVC2492 0.03
HVC2502 0.03
HVC2514 0.03
HVC2524 0.051
HVC2548 0.03
HVC2586 0.03
HVC2587 0.03
HVC2590 0.051
HVC2612 0.051
HVC2613 0.03
HVC2624 0.051
HVC2627 0.03
HVC2708 0.03
HVC2719 0.03
HVC2730 0.03
HVC2735 0.03
HVC2739 0.051
HVC2740 0.03
HVC2802 0.03
HVC2805 0.03
HVC3087 0.03
HVC3090 0.051
HVC3091 0.03
HVC3092 0.03
HVC3095 0.03
HVC3103 0.051
HVC3106 0.051
HVC3110 0.03
HVC3111 0.03
HVC3277 0.03
HVC3279 0.03
HVC3288 0.051
HVC3289 0.051
HVC3292 0.051
HVC3293 0.051
HVC3295 0.03
HVC3335 0.051
HVC3358 0.03
HVC3449 0.03
HVC3510 0.051
HVC3513 0.03
HVC3590 0.051
HVC3605 0.051
HVC3971 0.03
HVC3977 0.03
HVC4054 0.051
HVC4061 0.03
HVC4065 0.03
HVC4071 0.03
HVC4072 0.051
HVC4082 0.051
HVC4084 0.051
HVC4085 0.03
HVC4086 0.03
HVC4087 0.051
HVC4088 0.051
HVC4089 0.051
HVC4091 0.03
HVC4093 0.03
HVC4100 0.03
HVC4101 0.03
HVC4102 0.03
HVC4155 0.051
HVC4157 0.03
HVC4159 0.052
HVC4160 0.051
HVC4177 0.03
HVC4251 0.03
HVC4305 0.051
HVC4359 0.03
HVC4373 0.051
HVC4390 0.029
HVC4437 0.051
HVC4441 0.03
HVC4450 0.03
HVC4451 0.03
HVC4453 0.051
HVC4454 0.051
HVC4456 0.03
HVC4457 0.03
HVC4458 0.051
HVC4459 0.03
HVC4460 0.03
HVC4461 0.03
HVC4463 0.03
HVC4464 0.051
HVC4465 0.03
HVC4466 0.03
HVC4467 0.051
HVC4468 0.051
HVC4478 0.03
HVC4479 0.03
HVC4481 0.03
HVC4484 0.051
HVC4486 0.03
HVC4487 0.03
HVC4489 0.03
HVC4490 0.03
HVC4494 0.03
HVC4498 0.03
HVC4499 0.03
HVC4508 0.03
HVC4511 0.051
HVC4518 0.03
HVC4519 0.03
HVC4528 0.051
HVC4529 0.03
HVC4530 0.051
HVC4536 0.03
HVC4537 0.03
HVC4539 0.051
HVC4545 0.051
HVC4546 0.03
HVC4548 0.03
HVC4550 0.03
HVC4552 0.03
HVC4558 0.03
HVC4559 0.03
HVC4561 0.03
HVC4567 0.03
HVC4570 0.03
HVC4571 0.051
HVC4574 0.03
HVC4583 0.03
HVC4587 0.03
HVC4589 0.03
HVC4590 0.029
HVC4592 0.03
HVC4599 0.051
HVC4600 0.03
HVC4602 0.03
HVC4606 0.03
HVC4608 0.03
HVC4609 0.03
HVC4610 0.03
HVC4617 0.03
HVC4618 0.03
HVC4619 0.03
HVC4620 0.03
HVC4625 0.051
HVC4626 0.03
HVC4627 0.03
HVC4629 0.051
HVC4630 0.03
HVC4642 0.03
HVC4643 0.051
HVC4644 0.051
HVC4645 0.051
HVC4647 0.051
HVC4648 0.051
HVC4653 0.051
HVC4654 0.051
HVC4655 0.03
HVC4656 0.03
HVC4659 0.051
HVC4661 0.051
HVC4664 0.051
HVC4665 0.03
HVC4671 0.03
HVC4673 0.03
HVC4674 0.051
HVC4675 0.051
HVC4681 0.03
HVC4682 0.03
HVC4685 0.03
HVC4687 0.051
HVC4688 0.03
HVC4692 0.03
HVC4704 0.03
HVC4706 0.03
HVC4707 0.03
HVC4710 0.03
HVC4712 0.03
HVC4715 0.03
HVC4716 0.03
HVC4719 0.03
HVC4721 0.03
HVC4724 0.03
HVC4725 0.03
HVC4733 0.03
HVC4734 0.03
HVC4738 0.03
HVC4739 0.051
HVC4740 0.03
HVC4744 0.03
HVC4747 0.03
HVC4749 0.051
HVC4751 0.051
HVC4752 0.03
HVC4753 0.03
HVC4759 0.03
HVC4760 0.051
HVC4761 0.03
HVC4762 0.051
HVC4764 0.03
HVC4765 0.03
HVC4766 0.051
HVC4776 0.03
HVC4777 0.03
HVC4779 0.03
HVC4780 0.03
HVC4783 0.031
HVC4786 0.03
HVC4791 0.03
HVC4792 0.03
HVC4797 0.03
HVC4798 0.03
HVC4800 0.03
HVC4802 0.03
HVC4805 0.03
HVC4807 0.051
HVC4808 0.051
HVC4809 0.051
HVC4810 0.03
HVC4811 0.051
HVC4812 0.03
HVC4814 0.03
HVC4816 0.03
HVC4817 0.051
HVC4824 0.03
HVC4829 0.051
HVC4830 0.051
HVC4836 0.051
HVC4837 0.03
HVC4840 0.03
HVC4841 0.03
HVC4842 0.051
HVC4851 0.03
HVC4853 0.03
HVC4858 0.03
HVC4866 0.03
HVC4868 0.03
HVC4869 0.03
HVC4872 0.051
HVC4873 0.03
HVC4874 0.03
HVC4875 0.03
HVC4876 0.051
HVC4878 0.051
HVC4879 0.03
HVC4880 0.03
HVC4883 0.03
HVC4884 0.051
HVC4885 0.03
HVC4888 0.03
HVC4890 0.03
HVC4891 0.03
HVC4892 0.03
HVC4893 0.03
HVC4894 0.03
HVC4895 0.03
HVC4896 0.03
HVC4898 0.051
HVC4899 0.051
HVC4901 0.03
HVC4908 0.03
HVC4909 0.052
HVC4910 0.03
HVC4912 0.051
HVC4915 0.03
HVC4916 0.03
HVC4918 0.03
HVC4920 0.051
HVC4923 0.03
HVC4924 0.03
HVC4926 0.03
HVC4928 0.03
HVC4929 0.051
HVC4933 0.051
HVC4936 0.03
HVC4937 0.03
HVC4938 0.03
HVC4939 0.03
HVC4940 0.03
HVC4945 0.051
HVC4947 0.03
HVC4948 0.03
HVC4949 0.03
HVC4951 0.051
HVC4952 0.051
HVC4956 0.03
HVC4957 0.051
HVC4959 0.03
HVC4964 0.03
HVC4965 0.051
HVC4967 0.03
HVC4969 0.03
HVC4971 0.051
HVC4975 0.03
HVC4976 0.051
HVC4986 0.03
HVC4987 0.051
HVC4996 0.051
HVC4998 0.03
HVC4999 0.051
HVC5001 0.051
HVC5002 0.03
HVC5003 0.03
HVC5004 0.03
HVC5007 0.03
HVC5008 0.03
HVC5014 0.03
HVC5015 0.03
HVC5016 0.051
HVC5020 0.03
HVC5021 0.03
HVC5022 0.052
HVC5026 0.03
HVC5039 0.03
HVC5040 0.03
HVC5041 0.03
HVC5042 0.03
HVC5044 0.03
HVC5105 0.051
HVC5109 0.03
HVC5110 0.03
HVC5111 0.051
HVC5114 0.029
HVC5115 0.051
HVC5119 0.03
HVC5120 0.03
HVC5121 0.051
HVC5122 0.03
HVC5123 0.03
HVC5124 0.03
HVC5127 0.03
HVC5129 0.03
HVC5130 0.03
HVC5133 0.03
HVC5135 0.03
HVC5137 0.051
HVC5138 0.03
HVC5139 0.051
HVC5140 0.03
HVC5144 0.03
HVC5145 0.051
HVC5147 0.03
HVC5148 0.051
HVC5150 0.03
HVC5151 0.03
HVC5153 0.03
HVC5155 0.03
HVC5156 0.03
HVC5159 0.03
HVC5161 0.03
HVC5162 0.03
HVC5163 0.051
HVC5165 0.03
HVC5166 0.03
HVC5167 0.03
HVC5168 0.03
HVC5175 0.03
HVC5176 0.03
HVC5177 0.03
HVC5178 0.03
HVC5180 0.03
HVC5181 0.052
HVC5182 0.051
HVC5184 0.03
HVC5185 0.03
HVC5187 0.03
HVC5191 0.03
HVC5200 0.051
HVC5206 0.051
HVC5207 0.051
HVC5208 0.03
HVC5209 0.051
HVC5211 0.03
HVC5212 0.03
HVC5215 0.03
HVC5216 0.03
HVC5217 0.051
HVC5220 0.051
HVC5223 0.03
HVC5225 0.03
HVC5227 0.03
HVC5230 0.03
HVC5231 0.03
HVC5235 0.051
HVC5239 0.03
HVC5240 0.051
HVC5242 0.051
HVC5246 0.03
HVC5248 0.051
HVC5251 0.03
HVC5252 0.03
HVC5253 0.051
HVC5257 0.03
HVC5262 0.051
HVC5263 0.051
HVC5265 0.03
HVC5266 0.051
HVC5272 0.051
HVC5273 0.03
HVC5274 0.051
HVC5276 0.051
HVC5277 0.03
HVC5278 0.03
HVC5281 0.051
HVC5285 0.051
HVC5289 0.03
HVC5290 0.03
HVC5291 0.051
HVC5292 0.03
HVC5294 0.051
HVC5299 0.051
HVC5301 0.03
HVC5302 0.03
HVC5304 0.03
HVC5380 0.051
HVC5389 0.03
HVC5390 0.03
HVC5391 0.03
HVC5395 0.03
HVC5396 0.03
HVC5398 0.03
HVC5399 0.051
HVC5400 0.051
HVC5402 0.051
HVC5403 0.03
HVC5404 0.03
HVC5405 0.03
HVC5408 0.03
HVC5410 0.03
HVC5411 0.03
HVC5421 0.03
HVC5422 0.052
HVC5423 0.03
HVC5425 0.03
HVC5427 0.03
HVC5428 0.03
HVC5429 0.03
HVC5430 0.03
HVC5434 0.03
HVC5435 0.03
HVC5436 0.03
HVC5437 0.03
HVC5438 0.03
HVC5439 0.03
HVC5440 0.03
HVC5442 0.051
HVC5445 0.03
HVC5446 0.03
HVC5447 0.051
HVC5448 0.03
HVC5451 0.051
HVC5453 0.051
HVC5466 0.051
HVC5467 0.051
HVC5470 0.051
HVC5471 0.051
HVC5476 0.03
HVC5484 0.03
HVC5486 0.03
HVC5487 0.03
HVC5488 0.03
HVC5489 0.03
HVC5490 0.03
HVC5492 0.03
HVC5495 0.03
HVC5500 0.03
HVC5504 0.03
HVC5508 0.051
HVC5509 0.051
HVC5510 0.03
HVC5512 0.051
HVC5515 0.051
HVC5517 0.03
HVC5519 0.03
HVC5522 0.03
HVC5523 0.051
HVC5524 0.03
HVC5526 0.03
HVC5527 0.03
HVC5528 0.03
HVC5530 0.051
HVC5531 0.051
HVC5535 0.03
HVC5536 0.051
HVC5546 0.03
HVC5547 0.03
HVC5554 0.051
HVC5555 0.03
HVC5557 0.051
HVC5559 0.03
HVC5560 0.03
HVC5561 0.03
HVC5562 0.051
HVC5563 0.051
HVC5564 0.03
HVC5565 0.03
HVC5572 0.03
HVC5574 0.051
HVC5575 0.051
HVC5576 0.051
HVC5577 0.03
HVC5579 0.051
HVC5584 0.051
HVC5585 0.051
HVC5587 0.051
HVC5592 0.03
HVC5593 0.03
HVC5595 0.051
HVC5596 0.051
HVC5597 0.03
HVC5598 0.03
HVC5599 0.051
HVC5601 0.03
HVC5602 0.03
HVC5609 0.051
HVC5610 0.051
HVC5611 0.051
HVC5612 0.051
HVC5614 0.051
HVC5618 0.03
HVC5619 0.03
HVC5620 0.051
HVC5625 0.03
HVC5627 0.03
HVC5629 0.03
HVC5634 0.031
HVC5638 0.051
HVC5639 0.051
HVC5643 0.03
HVC5644 0.03
HVC5645 0.03
HVC5647 0.051
HVC5648 0.03
HVC5649 0.051
HVC5651 0.03
HVC5654 0.051
HVC5655 0.03
HVC5659 0.051
HVC5661 0.051
HVC5662 0.03
HVC5663 0.051
HVC5664 0.03
HVC5665 0.052
HVC5666 0.051
HVC5667 0.03
HVC5668 0.051
HVC5673 0.03
HVC5674 0.051
HVC5677 0.03
HVC5684 0.029
HVC5689 0.03
HVC5691 0.051
HVC5692 0.03
HVC5697 0.03
HVC5698 0.051
HVC5699 0.03
HVC5701 0.051
HVC5702 0.03
HVC5712 0.03
HVC5715 0.03
HVC5716 0.051
HVC5718 0.03
HVC5719 0.03
HVC5724 0.03
HVC5725 0.03
HVC5728 0.03
HVC5729 0.051
HVC5730 0.03
HVC5733 0.03
HVC5735 0.051
HVC5736 0.03
HVC5737 0.03
HVC5738 0.03
HVC5740 0.051
HVC5743 0.03
HVC5753 0.03
HVC5754 0.03
HVC5765 0.051
HVC5766 0.03
HVC5768 0.03
HVC5771 0.03
HVC5772 0.051
HVC5774 0.03
HVC5778 0.03
HVC5779 0.03
HVC5781 0.03
HVC5782 0.03
HVC5785 0.051
HVC5786 0.051
HVC5787 0.03
HVC5789 0.051
HVC5790 0.051
HVC5792 0.03
HVC5795 0.051
HVC5800 0.03
HVC5801 0.051
HVC5802 0.03
HVC5805 0.03
HVC5806 0.051
HVC5810 0.051
HVC5811 0.051
HVC5812 0.03
HVC5813 0.03
HVC5815 0.03
HVC5816 0.03
HVC5817 0.03
HVC5818 0.03
HVC5819 0.03
HVC5820 0.051
HVC5824 0.03
HVC5825 0.051
HVC5826 0.051
HVC5830 0.051
HVC5831 0.051
HVC5834 0.03
HVC5836 0.03
HVC5837 0.051
HVC5838 0.03
HVC5841 0.051
HVC5842 0.03
HVC5844 0.03
HVC5847 0.03
HVC5848 0.03
HVC5849 0.051
HVC5850 0.03
HVC5851 0.051
HVC5852 0.03
HVC5853 0.051
HVC5854 0.051
HVC5860 0.051
HVC5861 0.051
HVC5863 0.051
HVC5864 0.051
HVC5865 0.03
HVC5866 0.03
HVC5867 0.051
HVC5869 0.03
HVC5870 0.03
HVC5871 0.03
HVC5873 0.03
HVC5874 0.03
HVC5875 0.03
HVC5876 0.03
HVC5878 0.03
HVC5882 0.03
HVC5884 0.051
HVC5885 0.051
HVC5886 0.029
HVC5890 0.051
HVC5892 0.03
HVC5894 0.03
HVC5895 0.03
HVC5896 0.03
HVC5898 0.03
HVC5926 0.051
HVC5949 0.03
HVC5953 0.03
HVC5962 0.03
HVC5963 0.03
HVC5973 0.03
HVC5974 0.051
HVC5976 0.051
HVC5977 0.03
HVC5978 0.051
HVC5979 0.03
HVC5980 0.03
HVC5981 0.03
HVC5983 0.03
HVC5988 0.03
HVC5989 0.03
HVC5992 0.03
HVC5993 0.051
HVC5994 0.051
HVC5995 0.03
HVC5996 0.051
HVC5997 0.03
HVC5999 0.051
HVC6000 0.03
HVC6004 0.051
HVC6005 0.051
HVC6008 0.051
HVC6011 0.051
HVC6012 0.051
HVC6016 0.03
HVC6025 0.051
HVC6027 0.03
HVC6028 0.03
HVC6031 0.03
HVC6032 0.03
HVC6035 0.03
HVC6037 0.03
HVC6038 0.051
HVC6039 0.03
HVC6040 0.051
HVC6042 0.051
HVC6044 0.03
HVC6046 0.03
HVC6047 0.03
HVC6048 0.03
HVC6049 0.03
HVC6057 0.03
HVC6059 0.03
HVC6062 0.051
HVC6063 0.03
HVC6065 0.03
HVC6067 0.03
HVC6071 0.03
HVC6072 0.051
HVC6073 0.03
HVC6074 0.051
HVC6079 0.03
HVC6080 0.03
HVC6082 0.051
HVC6083 0.051
HVC6088 0.03
HVC6089 0.03
HVC6090 0.051
HVC6092 0.03
HVC6096 0.051
HVC6103 0.03
HVC6104 0.03
HVC6107 0.03
HVC6108 0.03
HVC6109 0.052
HVC6110 0.03
HVC6121 0.03
HVC6122 0.03
HVC6124 0.051
HVC6127 0.03
HVC6129 0.051
HVC6130 0.051
HVC6132 0.03
HVC6133 0.051
HVC6134 0.03
HVC6139 0.051
HVC6141 0.051
HVC6145 0.03
HVC6146 0.051
HVC6148 0.03
HVC6149 0.03
HVC6151 0.052
HVC6155 0.051
HVC6157 0.051
HVC6158 0.03
HVC6159 0.03
HVC6160 0.03
HVC6162 0.051
HVC6165 0.051
HVC6166 0.03
HVC6167 0.03
HVC6169 0.03
HVC6175 0.03
HVC6176 0.029
HVC6178 0.03
HVC6183 0.051
HVC6184 0.03
HVC6185 0.03
HVC6188 0.051
HVC6189 0.051
HVC6196 0.051
HVC6198 0.051
HVC6199 0.051
HVC6201 0.051
HVC6202 0.029
HVC6208 0.051
HVC6210 0.03
HVC6214 0.03
HVC6217 0.03
HVC6218 0.03
HVC6219 0.03
HVC6223 0.03
HVC6224 0.03
HVC6226 0.03
HVC6228 0.03
HVC6230 0.03
HVC6231 0.051
HVC6232 0.03
HVC6233 0.03
HVC6235 0.03
HVC6239 0.03
HVC6241 0.051
HVC6242 0.051
HVC6244 0.051
HVC6245 0.051
