HVC286 0.086
HVC288 0.086
HVC314 0.086
HVC326 0.018
HVC328 0.086
HVC332 0.018
HVC333 0.018
HVC356 0.018
HVC443 0.018
HVC468 0.018
HVC472 0.086
HVC476 0.086
HVC477 0.086
HVC479 0.018
HVC480 0.023
HVC481 0.086
HVC505 0.018
HVC516 0.018
HVC522 0.086
HVC633 0.086
HVC657 0.086
HVC675 0.018
HVC677 0.018
HVC680 0.018
HVC709 0.086
HVC713 0.086
HVC716 0.018
HVC717 0.086
HVC720 0.018
HVC721 0.018
HVC728 0.018
HVC729 0.086
HVC731 0.018
HVC736 0.018
HVC739 0.086
HVC741 0.086
HVC745 0.086
HVC755 0.02
HVC788 0.02
HVC855 0.086
HVC857 0.018
HVC871 0.086
HVC872 0.086
HVC883 0.018
HVC887 0.018
HVC919 0.018
HVC921 0.086
HVC961 0.018
HVC1035 0.086
HVC1037 0.086
HVC1039 0.086
HVC1063 0.086
HVC1064 0.086
HVC1069 0.086
HVC1076 0.086
HVC1079 0.086
HVC1082 0.086
HVC1083 0.086
HVC1086 0.086
HVC1088 0.086
HVC1105 0.086
HVC1107 0.086
HVC1112 0.086
HVC1118 0.086
HVC1120 0.086
HVC1124 0.086
HVC1125 0.086
HVC1127 0.018
HVC1132 0.018
HVC1133 0.031
HVC1135 0.018
HVC1136 0.086
HVC1138 0.016
HVC1141 0.086
HVC1142 0.086
HVC1143 0.086
HVC1144 0.018
HVC1151 0.086
HVC1152 0.018
HVC1153 0.016
HVC1154 0.086
HVC1155 0.086
HVC1158 0.086
HVC1160 0.018
HVC1161 0.018
HVC1162 0.018
HVC1168 0.018
HVC1191 0.018
HVC1209 0.018
HVC1228 0.018
HVC1229 0.018
HVC1230 0.018
HVC1231 0.086
HVC1232 0.086
HVC1233 0.018
HVC1238 0.086
HVC1242 0.086
HVC1246 0.086
HVC1247 0.086
HVC1258 0.015
HVC1259 0.018
HVC1266 0.018
HVC1268 0.018
HVC1269 0.086
HVC1279 0.086
HVC1281 0.018
HVC1282 0.086
HVC1316 0.086
HVC1340 0.086
HVC1345 0.018
HVC1350 0.086
HVC1379 0.086
HVC1410 0.029
HVC1411 0.086
HVC1412 0.086
HVC1414 0.086
HVC1415 0.086
HVC1416 0.018
HVC1417 0.086
HVC1419 0.086
HVC1422 0.086
HVC1425 0.018
HVC1433 0.086
HVC1436 0.086
HVC1437 0.018
HVC1443 0.086
HVC1555 0.086
HVC1556 0.086
HVC1557 0.019
HVC1563 0.086
HVC1567 0.018
HVC1568 0.086
HVC1579 0.086
HVC1582 0.018
HVC1590 0.018
HVC1600 0.02
HVC1605 0.086
HVC1609 0.086
HVC1610 0.086
HVC1612 0.086
HVC1613 0.086
HVC1615 0.018
HVC1620 0.018
HVC1622 0.018
HVC1637 0.017
HVC1639 0.017
HVC1640 0.086
HVC1646 0.086
HVC1667 0.086
HVC1673 0.086
HVC1681 0.086
HVC1684 0.018
HVC1722 0.018
HVC1724 0.018
HVC1726 0.018
HVC1728 0.013
HVC1729 0.018
HVC1731 0.018
HVC1734 0.023
HVC1742 0.018
HVC1764 0.086
HVC1765 0.086
HVC1769 0.021
HVC1777 0.019
HVC1778 0.086
HVC1779 0.086
HVC1783 0.017
HVC1789 0.018
HVC1792 0.018
HVC1808 0.086
HVC1817 0.018
HVC1819 0.086
HVC1824 0.086
HVC1825 0.086
HVC1828 0.086
HVC1831 0.023
HVC1832 0.018
HVC1834 0.086
HVC1835 0.086
HVC1836 0.018
HVC1840 0.018
HVC1842 0.086
HVC1844 0.018
HVC1845 0.016
HVC1848 0.086
HVC1849 0.018
HVC1850 0.086
HVC1851 0.086
HVC1852 0.018
HVC1854 0.018
HVC1860 0.086
HVC1864 0.018
HVC1865 0.018
HVC1866 0.086
HVC1868 0.086
HVC1872 0.015
HVC1873 0.018
HVC1883 0.016
HVC1887 0.086
HVC1889 0.018
HVC1897 0.018
HVC1898 0.021
HVC1900 0.018
HVC1902 0.018
HVC1907 0.018
HVC1908 0.018
HVC1910 0.018
HVC1938 0.014
HVC1939 0.018
HVC1944 0.018
HVC1945 0.018
HVC1946 0.021
HVC1948 0.086
HVC1950 0.018
HVC1952 0.018
HVC1955 0.018
HVC1957 0.086
HVC1963 0.018
HVC1968 0.018
HVC1971 0.086
HVC1972 0.018
HVC1979 0.086
HVC1980 0.018
HVC1986 0.086
HVC1992 0.017
HVC1995 0.059
HVC2004 0.019
HVC2010 0.086
HVC2018 0.018
HVC2021 0.018
HVC2062 0.018
HVC2065 0.086
HVC2069 0.086
HVC2071 0.022
HVC2079 0.018
HVC2096 0.086
HVC2132 0.086
HVC2135 0.086
HVC2140 0.086
HVC2143 0.018
HVC2147 0.086
HVC2153 0.086
HVC2157 0.086
HVC2158 0.015
HVC2194 0.086
HVC2195 0.086
HVC2196 0.086
HVC2199 0.086
HVC2209 0.086
HVC2219 0.086
HVC2222 0.086
HVC2224 0.086
HVC2225 0.086
HVC2228 0.086
HVC2229 0.086
HVC2233 0.018
HVC2237 0.018
HVC2239 0.018
HVC2248 0.018
HVC2255 0.019
HVC2259 0.018
HVC2267 0.086
HVC2272 0.018
HVC2279 0.018
HVC2289 0.086
HVC2293 0.018
HVC2297 0.086
HVC2298 0.032
HVC2301 0.086
HVC2304 0.086
HVC2306 0.018
HVC2311 0.018
HVC2313 0.086
HVC2317 0.018
HVC2321 0.018
HVC2335 0.086
HVC2352 0.086
HVC2361 0.086
HVC2371 0.033
HVC2375 0.086
HVC2380 0.015
HVC2387 0.086
HVC2390 0.018
HVC2392 0.018
HVC2393 0.018
HVC2399 0.086
HVC2404 0.018
HVC2405 0.086
HVC2409 0.018
HVC2411 0.018
HVC2412 0.018
HVC2415 0.018
HVC2419 0.015
HVC2420 0.086
HVC2422 0.018
HVC2446 0.022
HVC2448 0.018
HVC2496 0.018
HVC2504 0.086
HVC2508 0.086
HVC2521 0.018
HVC2522 0.086
HVC2523 0.018
HVC2526 0.086
HVC2528 0.015
HVC2529 0.086
HVC2532 0.086
HVC2550 0.086
HVC2552 0.086
HVC2553 0.018
HVC2557 0.086
HVC2562 0.018
HVC2566 0.018
HVC2571 0.02
HVC2573 0.018
HVC2574 0.018
HVC2575 0.018
HVC2580 0.018
HVC2584 0.018
HVC2588 0.018
HVC2595 0.086
HVC2599 0.086
HVC2601 0.086
HVC2602 0.018
HVC2604 0.086
HVC2606 0.086
HVC2607 0.018
HVC2608 0.018
HVC2609 0.018
HVC2610 0.086
HVC2615 0.086
HVC2616 0.018
HVC2617 0.018
HVC2618 0.018
HVC2622 0.086
HVC2635 0.018
HVC2639 0.018
HVC2647 0.022
HVC2649 0.086
HVC2650 0.086
HVC2655 0.018
HVC2657 0.086
HVC2658 0.086
HVC2667 0.018
HVC2669 0.018
HVC2674 0.086
HVC2675 0.086
HVC2677 0.018
HVC2682 0.018
HVC2685 0.018
HVC2687 0.086
HVC2691 0.086
HVC2698 0.086
HVC2702 0.018
HVC2703 0.086
HVC2705 0.086
HVC2707 0.018
HVC2710 0.015
HVC2711 0.011
HVC2713 0.021
HVC2714 0.086
HVC2715 0.086
HVC2716 0.018
HVC2718 0.018
HVC2720 0.018
HVC2721 0.018
HVC2723 0.018
HVC2724 0.018
HVC2728 0.024
HVC2736 0.023
HVC2742 0.018
HVC2749 0.018
HVC2759 0.018
HVC2760 0.018
HVC2762 0.018
HVC2768 0.019
HVC2769 0.018
HVC2780 0.086
HVC2782 0.018
HVC2786 0.018
HVC2789 0.018
HVC2791 0.018
HVC2807 0.018
HVC2809 0.086
HVC2810 0.018
HVC2812 0.018
HVC2814 0.018
HVC2818 0.018
HVC2825 0.086
HVC2828 0.02
HVC2832 0.018
HVC2834 0.029
HVC2835 0.018
HVC2836 0.018
HVC2837 0.018
HVC2838 0.086
HVC2839 0.021
HVC2840 0.018
HVC2842 0.018
HVC2846 0.018
HVC2848 0.018
HVC2856 0.018
HVC2857 0.018
HVC2858 0.086
HVC3002 0.018
HVC3006 0.018
HVC3007 0.086
HVC3012 0.024
HVC3013 0.018
HVC3014 0.018
HVC3015 0.018
HVC3016 0.018
HVC3017 0.018
HVC3019 0.021
HVC3020 0.017
HVC3021 0.018
HVC3022 0.086
HVC3024 0.03
HVC3025 0.016
HVC3027 0.018
HVC3031 0.018
HVC3032 0.086
HVC3034 0.018
HVC3071 0.019
HVC3072 0.019
HVC3077 0.018
HVC3078 0.018
HVC3081 0.018
HVC3082 0.086
HVC3097 0.018
HVC3099 0.086
HVC3100 0.086
HVC3107 0.018
HVC3113 0.086
HVC3114 0.086
HVC3116 0.018
HVC3117 0.02
HVC3118 0.086
HVC3119 0.086
HVC3123 0.086
HVC3124 0.018
HVC3126 0.018
HVC3129 0.086
HVC3131 0.018
HVC3132 0.018
HVC3135 0.086
HVC3136 0.018
HVC3137 0.018
HVC3143 0.086
HVC3148 0.086
HVC3154 0.018
HVC3155 0.016
HVC3157 0.018
HVC3160 0.086
HVC3161 0.086
HVC3162 0.018
HVC3168 0.018
HVC3169 0.023
HVC3170 0.018
HVC3171 0.086
HVC3173 0.086
HVC3174 0.018
HVC3180 0.018
HVC3183 0.086
HVC3184 0.018
HVC3185 0.086
HVC3187 0.086
HVC3189 0.018
HVC3190 0.086
HVC3196 0.018
HVC3199 0.018
HVC3204 0.018
HVC3205 0.086
HVC3209 0.018
HVC3210 0.018
HVC3211 0.018
HVC3212 0.018
HVC3217 0.018
HVC3218 0.018
HVC3223 0.018
HVC3254 0.018
HVC3259 0.014
HVC3261 0.086
HVC3262 0.086
HVC3264 0.018
HVC3265 0.086
HVC3266 0.018
HVC3267 0.018
HVC3268 0.018
HVC3269 0.022
HVC3270 0.018
HVC3271 0.086
HVC3280 0.018
HVC3285 0.018
HVC3287 0.022
HVC3296 0.086
HVC3297 0.018
HVC3300 0.086
HVC3302 0.018
HVC3304 0.086
HVC3307 0.086
HVC3308 0.086
HVC3311 0.019
HVC3313 0.086
HVC3314 0.086
HVC3315 0.018
HVC3320 0.018
HVC3321 0.016
HVC3323 0.018
HVC3329 0.086
HVC3332 0.018
HVC3333 0.086
HVC3334 0.086
HVC3336 0.086
HVC3337 0.02
HVC3338 0.018
HVC3348 0.016
HVC3349 0.086
HVC3353 0.086
HVC3371 0.018
HVC3372 0.018
HVC3373 0.018
HVC3400 0.086
HVC3410 0.018
HVC3414 0.086
HVC3416 0.086
HVC3419 0.086
HVC3422 0.086
HVC3424 0.029
HVC3429 0.018
HVC3432 0.016
HVC3492 0.018
HVC3493 0.018
HVC3495 0.018
HVC3496 0.018
HVC3499 0.018
HVC3503 0.086
HVC3507 0.086
HVC3512 0.017
HVC3516 0.018
HVC3517 0.011
HVC3521 0.018
HVC3522 0.018
HVC3523 0.086
HVC3524 0.018
HVC3526 0.018
HVC3535 0.086
HVC3537 0.059
HVC3540 0.018
HVC3541 0.086
HVC3542 0.018
HVC3545 0.086
HVC3550 0.086
HVC3551 0.024
HVC3556 0.018
HVC3557 0.086
HVC3558 0.018
HVC3560 0.018
HVC3564 0.018
HVC3571 0.018
HVC3572 0.018
HVC3573 0.018
HVC3577 0.018
HVC3583 0.018
HVC3584 0.018
HVC3587 0.086
HVC3589 0.018
HVC3591 0.018
HVC3592 0.018
HVC3593 0.086
HVC3596 0.018
HVC3598 0.018
HVC3621 0.018
HVC3639 0.018
HVC3644 0.018
HVC3645 0.018
HVC3647 0.018
HVC3648 0.086
HVC3649 0.018
HVC3652 0.02
HVC3654 0.018
HVC3657 0.086
HVC3661 0.086
HVC3662 0.018
HVC3664 0.086
HVC3667 0.086
HVC3669 0.018
HVC3686 0.086
HVC3688 0.018
HVC3689 0.018
HVC3690 0.086
HVC3691 0.086
HVC3692 0.018
HVC3697 0.024
HVC3698 0.086
HVC3700 0.018
HVC3701 0.018
HVC3704 0.018
HVC3705 0.018
HVC3710 0.086
HVC3712 0.018
HVC3714 0.018
HVC3719 0.018
HVC3722 0.086
HVC3724 0.018
HVC3738 0.018
HVC3741 0.018
HVC3744 0.018
HVC3746 0.018
HVC3748 0.011
HVC3754 0.017
HVC3756 0.086
HVC3757 0.086
HVC3763 0.018
HVC3765 0.018
HVC3771 0.018
HVC3777 0.018
HVC3782 0.086
HVC3786 0.086
HVC3787 0.021
HVC3794 0.086
HVC3796 0.018
HVC3798 0.086
HVC3799 0.018
HVC3800 0.018
HVC3802 0.018
HVC3803 0.018
HVC3804 0.018
HVC3805 0.018
HVC3808 0.018
HVC3809 0.086
HVC3811 0.086
HVC3812 0.018
HVC3814 0.018
HVC3821 0.086
HVC3822 0.086
HVC3835 0.086
HVC3837 0.036
HVC3841 0.018
HVC3842 0.086
HVC3843 0.086
HVC3845 0.086
HVC3846 0.018
HVC3848 0.086
HVC3852 0.018
HVC3855 0.018
HVC3856 0.018
HVC3859 0.018
HVC3860 0.018
HVC3861 0.017
HVC3865 0.018
HVC3866 0.018
HVC3871 0.023
HVC3876 0.018
HVC3877 0.018
HVC3880 0.086
HVC3881 0.02
HVC3888 0.018
HVC3889 0.022
HVC3891 0.011
HVC3897 0.018
HVC3898 0.018
HVC3900 0.018
HVC3901 0.018
HVC3907 0.018
HVC3908 0.086
HVC3912 0.086
HVC3916 0.018
HVC3919 0.018
HVC3920 0.018
HVC3925 0.018
HVC3926 0.018
HVC3931 0.018
HVC3933 0.016
HVC3935 0.019
HVC3936 0.086
HVC3937 0.029
HVC3938 0.018
HVC3941 0.02
HVC3942 0.018
HVC3943 0.018
HVC3952 0.018
HVC3956 0.017
HVC3962 0.018
HVC3965 0.018
HVC3968 0.018
HVC3970 0.018
HVC3988 0.02
HVC3990 0.019
HVC3992 0.086
HVC3994 0.016
HVC3995 0.018
HVC3996 0.086
HVC3999 0.018
HVC4003 0.018
HVC4004 0.018
HVC4021 0.086
HVC4022 0.018
HVC4025 0.018
HVC4026 0.086
HVC4032 0.018
HVC4042 0.018
HVC4043 0.086
HVC4044 0.018
HVC4045 0.086
HVC4046 0.018
HVC4047 0.021
HVC4051 0.086
HVC4052 0.018
HVC4055 0.018
HVC4056 0.018
HVC4057 0.018
HVC4066 0.086
HVC4068 0.018
HVC4070 0.086
HVC4073 0.086
HVC4074 0.018
HVC4099 0.086
HVC4104 0.086
HVC4106 0.086
HVC4107 0.086
HVC4108 0.086
HVC4109 0.018
HVC4110 0.018
HVC4111 0.018
HVC4112 0.086
HVC4114 0.086
HVC4115 0.018
HVC4116 0.018
HVC4117 0.086
HVC4119 0.086
HVC4121 0.086
HVC4122 0.086
HVC4123 0.018
HVC4124 0.018
HVC4125 0.018
HVC4126 0.086
HVC4127 0.018
HVC4128 0.086
HVC4129 0.018
HVC4130 0.086
HVC4131 0.022
HVC4132 0.018
HVC4134 0.086
HVC4135 0.086
HVC4136 0.086
HVC4137 0.018
HVC4138 0.018
HVC4140 0.086
HVC4141 0.018
HVC4142 0.018
HVC4143 0.086
HVC4144 0.018
HVC4147 0.018
HVC4149 0.019
HVC4151 0.086
HVC4152 0.086
HVC4153 0.019
HVC4163 0.021
HVC4170 0.018
HVC4171 0.018
HVC4173 0.018
HVC4175 0.018
HVC4178 0.086
HVC4185 0.086
HVC4189 0.086
HVC4194 0.018
HVC4197 0.086
HVC4201 0.086
HVC4203 0.086
HVC4205 0.018
HVC4209 0.018
HVC4218 0.018
HVC4219 0.016
HVC4220 0.018
HVC4223 0.018
HVC4230 0.018
HVC4232 0.018
HVC4233 0.019
HVC4234 0.023
HVC4239 0.086
HVC4241 0.018
HVC4243 0.086
HVC4246 0.018
HVC4248 0.018
HVC4258 0.018
HVC4261 0.018
HVC4262 0.018
HVC4267 0.018
HVC4268 0.018
HVC4270 0.018
HVC4271 0.086
HVC4273 0.016
HVC4275 0.018
HVC4278 0.018
HVC4283 0.086
HVC4288 0.018
HVC4295 0.018
HVC4307 0.018
HVC4309 0.018
HVC4319 0.018
HVC4321 0.086
HVC4323 0.021
HVC4324 0.086
HVC4325 0.086
HVC4326 0.086
HVC4330 0.018
HVC4333 0.086
HVC4335 0.018
HVC4343 0.018
HVC4350 0.018
HVC4351 0.018
HVC4352 0.086
HVC4355 0.013
HVC4356 0.018
HVC4362 0.018
HVC4363 0.018
HVC4364 0.086
HVC4366 0.086
HVC4368 0.018
HVC4371 0.086
HVC4374 0.019
HVC4375 0.018
HVC4377 0.018
HVC4381 0.018
HVC4387 0.021
HVC4392 0.018
HVC4394 0.086
HVC4395 0.018
HVC4397 0.018
HVC4398 0.018
HVC4399 0.016
HVC4400 0.086
HVC4402 0.018
HVC4406 0.086
HVC4407 0.086
HVC4410 0.018
HVC4411 0.018
HVC4417 0.018
HVC4419 0.018
HVC4422 0.018
HVC4423 0.018
HVC4425 0.086
HVC4428 0.023
HVC4430 0.086
HVC4432 0.02
HVC4433 0.086
HVC4434 0.086
HVC4435 0.086
HVC4444 0.018
HVC4445 0.018
HVC4446 0.018
HVC4447 0.086
HVC4472 0.018
HVC4474 0.018
HVC4475 0.021
HVC4476 0.018
HVC532 0.018
HVC535 0.018
HVC624 0.018
HVC725 0.018
HVC893 0.018
HVC918 0.086
HVC1094 0.086
HVC1163 0.018
HVC1270 0.086
HVC1322 0.018
HVC1413 0.018
HVC1643 0.086
HVC1875 0.011
HVC1912 0.018
HVC1934 0.086
HVC1935 0.018
HVC1983 0.086
HVC1985 0.086
HVC2015 0.086
HVC2019 0.086
HVC2027 0.018
HVC2044 0.023
HVC2045 0.018
HVC2051 0.086
HVC2054 0.018
HVC2067 0.018
HVC2080 0.018
HVC2084 0.018
HVC2099 0.011
HVC2101 0.018
HVC2119 0.086
HVC2131 0.018
HVC2141 0.086
HVC2151 0.018
HVC2156 0.086
HVC2160 0.018
HVC2201 0.086
HVC2203 0.014
HVC2206 0.018
HVC2207 0.086
HVC2210 0.086
HVC2217 0.086
HVC2231 0.018
HVC2261 0.018
HVC2275 0.018
HVC2276 0.086
HVC2285 0.018
HVC2286 0.086
HVC2300 0.018
HVC2310 0.018
HVC2314 0.018
HVC2338 0.086
HVC2339 0.086
HVC2345 0.086
HVC2394 0.018
HVC2398 0.018
HVC2421 0.017
HVC2427 0.086
HVC2429 0.086
HVC2436 0.018
HVC2438 0.018
HVC2459 0.086
HVC2489 0.018
HVC2492 0.018
HVC2502 0.018
HVC2514 0.018
HVC2524 0.086
HVC2548 0.018
HVC2586 0.018
HVC2587 0.018
HVC2590 0.086
HVC2612 0.086
HVC2613 0.018
HVC2624 0.086
HVC2627 0.018
HVC2708 0.018
HVC2719 0.018
HVC2730 0.018
HVC2735 0.018
HVC2739 0.086
HVC2740 0.018
HVC2802 0.018
HVC2805 0.018
HVC3087 0.016
HVC3090 0.086
HVC3091 0.018
HVC3092 0.018
HVC3095 0.018
HVC3103 0.086
HVC3106 0.086
HVC3110 0.018
HVC3111 0.021
HVC3277 0.018
HVC3279 0.023
HVC3288 0.086
HVC3289 0.086
HVC3292 0.086
HVC3293 0.086
HVC3295 0.018
HVC3335 0.086
HVC3358 0.018
HVC3449 0.018
HVC3510 0.086
HVC3513 0.018
HVC3590 0.086
HVC3605 0.086
HVC3971 0.018
HVC3977 0.018
HVC4054 0.086
HVC4061 0.018
HVC4065 0.023
HVC4071 0.018
HVC4072 0.086
HVC4082 0.086
HVC4084 0.086
HVC4085 0.018
HVC4086 0.018
HVC4087 0.086
HVC4088 0.086
HVC4089 0.086
HVC4091 0.018
HVC4093 0.018
HVC4100 0.018
HVC4101 0.023
HVC4102 0.018
HVC4155 0.086
HVC4157 0.018
HVC4159 0.016
HVC4160 0.086
HVC4177 0.018
HVC4251 0.018
HVC4305 0.086
HVC4359 0.018
HVC4373 0.086
HVC4390 0.017
HVC4437 0.086
HVC4441 0.018
HVC4450 0.018
HVC4451 0.018
HVC4453 0.086
HVC4454 0.086
HVC4456 0.019
HVC4457 0.018
HVC4458 0.086
HVC4459 0.018
HVC4460 0.018
HVC4461 0.018
HVC4463 0.018
HVC4464 0.086
HVC4465 0.018
HVC4466 0.018
HVC4467 0.086
HVC4468 0.086
HVC4478 0.018
HVC4479 0.018
HVC4481 0.018
HVC4484 0.086
HVC4486 0.018
HVC4487 0.018
HVC4489 0.017
HVC4490 0.018
HVC4494 0.018
HVC4498 0.018
HVC4499 0.021
HVC4508 0.018
HVC4511 0.086
HVC4518 0.018
HVC4519 0.018
HVC4528 0.086
HVC4529 0.018
HVC4530 0.086
HVC4536 0.018
HVC4537 0.018
HVC4539 0.086
HVC4545 0.086
HVC4546 0.018
HVC4548 0.018
HVC4550 0.018
HVC4552 0.018
HVC4558 0.018
HVC4559 0.018
HVC4561 0.018
HVC4567 0.018
HVC4570 0.011
HVC4571 0.086
HVC4574 0.018
HVC4583 0.018
HVC4587 0.026
HVC4589 0.018
HVC4590 0.017
HVC4592 0.018
HVC4599 0.086
HVC4600 0.018
HVC4602 0.018
HVC4606 0.018
HVC4608 0.018
HVC4609 0.018
HVC4610 0.018
HVC4617 0.018
HVC4618 0.018
HVC4619 0.018
HVC4620 0.018
HVC4625 0.086
HVC4626 0.018
HVC4627 0.018
HVC4629 0.086
HVC4630 0.018
HVC4642 0.018
HVC4643 0.086
HVC4644 0.086
HVC4645 0.086
HVC4647 0.086
HVC4648 0.086
HVC4653 0.086
HVC4654 0.086
HVC4655 0.018
HVC4656 0.018
HVC4659 0.086
HVC4661 0.086
HVC4664 0.086
HVC4665 0.018
HVC4671 0.024
HVC4673 0.019
HVC4674 0.086
HVC4675 0.086
HVC4681 0.019
HVC4682 0.018
HVC4685 0.018
HVC4687 0.086
HVC4688 0.018
HVC4692 0.018
HVC4704 0.018
HVC4706 0.018
HVC4707 0.018
HVC4710 0.018
HVC4712 0.018
HVC4715 0.018
HVC4716 0.018
HVC4719 0.018
HVC4721 0.018
HVC4724 0.018
HVC4725 0.018
HVC4733 0.018
HVC4734 0.011
HVC4738 0.018
HVC4739 0.086
HVC4740 0.017
HVC4744 0.018
HVC4747 0.018
HVC4749 0.086
HVC4751 0.086
HVC4752 0.018
HVC4753 0.018
HVC4759 0.018
HVC4760 0.086
HVC4761 0.018
HVC4762 0.086
HVC4764 0.018
HVC4765 0.018
HVC4766 0.086
HVC4776 0.018
HVC4777 0.019
HVC4779 0.018
HVC4780 0.018
HVC4783 0.019
HVC4786 0.018
HVC4791 0.018
HVC4792 0.018
HVC4797 0.018
HVC4798 0.018
HVC4800 0.018
HVC4802 0.018
HVC4805 0.018
HVC4807 0.086
HVC4808 0.086
HVC4809 0.086
HVC4810 0.018
HVC4811 0.086
HVC4812 0.018
HVC4814 0.018
HVC4816 0.02
HVC4817 0.086
HVC4824 0.018
HVC4829 0.086
HVC4830 0.086
HVC4836 0.086
HVC4837 0.018
HVC4840 0.018
HVC4841 0.018
HVC4842 0.086
HVC4851 0.018
HVC4853 0.018
HVC4858 0.018
HVC4866 0.018
HVC4868 0.018
HVC4869 0.019
HVC4872 0.086
HVC4873 0.02
HVC4874 0.023
HVC4875 0.018
HVC4876 0.086
HVC4878 0.086
HVC4879 0.018
HVC4880 0.036
HVC4883 0.018
HVC4884 0.086
HVC4885 0.018
HVC4888 0.018
HVC4890 0.018
HVC4891 0.018
HVC4892 0.024
HVC4893 0.018
HVC4894 0.023
HVC4895 0.018
HVC4896 0.018
HVC4898 0.086
HVC4899 0.086
HVC4901 0.018
HVC4908 0.024
HVC4909 0.016
HVC4910 0.018
HVC4912 0.086
HVC4915 0.019
HVC4916 0.021
HVC4918 0.018
HVC4920 0.086
HVC4923 0.018
HVC4924 0.018
HVC4926 0.018
HVC4928 0.023
HVC4929 0.086
HVC4933 0.086
HVC4936 0.018
HVC4937 0.018
HVC4938 0.018
HVC4939 0.018
HVC4940 0.018
HVC4945 0.086
HVC4947 0.018
HVC4948 0.018
HVC4949 0.018
HVC4951 0.086
HVC4952 0.086
HVC4956 0.018
HVC4957 0.086
HVC4959 0.018
HVC4964 0.018
HVC4965 0.086
HVC4967 0.018
HVC4969 0.018
HVC4971 0.086
HVC4975 0.018
HVC4976 0.086
HVC4986 0.018
HVC4987 0.086
HVC4996 0.086
HVC4998 0.018
HVC4999 0.086
HVC5001 0.086
HVC5002 0.018
HVC5003 0.018
HVC5004 0.023
HVC5007 0.018
HVC5008 0.018
HVC5014 0.014
HVC5015 0.018
HVC5016 0.086
HVC5020 0.011
HVC5021 0.018
HVC5022 0.016
HVC5026 0.026
HVC5039 0.018
HVC5040 0.018
HVC5041 0.018
HVC5042 0.018
HVC5044 0.018
HVC5105 0.086
HVC5109 0.018
HVC5110 0.018
HVC5111 0.086
HVC5114 0.017
HVC5115 0.086
HVC5119 0.024
HVC5120 0.018
HVC5121 0.086
HVC5122 0.019
HVC5123 0.018
HVC5124 0.018
HVC5127 0.018
HVC5129 0.018
HVC5130 0.018
HVC5133 0.018
HVC5135 0.02
HVC5137 0.086
HVC5138 0.015
HVC5139 0.086
HVC5140 0.02
HVC5144 0.018
HVC5145 0.086
HVC5147 0.018
HVC5148 0.086
HVC5150 0.018
HVC5151 0.018
HVC5153 0.018
HVC5155 0.018
HVC5156 0.018
HVC5159 0.018
HVC5161 0.018
HVC5162 0.018
HVC5163 0.086
HVC5165 0.018
HVC5166 0.018
HVC5167 0.018
HVC5168 0.018
HVC5175 0.016
HVC5176 0.018
HVC5177 0.018
HVC5178 0.018
HVC5180 0.018
HVC5181 0.016
HVC5182 0.086
HVC5184 0.018
HVC5185 0.018
HVC5187 0.018
HVC5191 0.018
HVC5200 0.086
HVC5206 0.086
HVC5207 0.086
HVC5208 0.018
HVC5209 0.086
HVC5211 0.02
HVC5212 0.018
HVC5215 0.018
HVC5216 0.018
HVC5217 0.086
HVC5220 0.086
HVC5223 0.018
HVC5225 0.018
HVC5227 0.018
HVC5230 0.018
HVC5231 0.015
HVC5235 0.086
HVC5239 0.015
HVC5240 0.086
HVC5242 0.086
HVC5246 0.018
HVC5248 0.086
HVC5251 0.018
HVC5252 0.018
HVC5253 0.086
HVC5257 0.018
HVC5262 0.086
HVC5263 0.086
HVC5265 0.011
HVC5266 0.086
HVC5272 0.086
HVC5273 0.018
HVC5274 0.086
HVC5276 0.086
HVC5277 0.012
HVC5278 0.019
HVC5281 0.086
HVC5285 0.086
HVC5289 0.018
HVC5290 0.018
HVC5291 0.086
HVC5292 0.018
HVC5294 0.086
HVC5299 0.086
HVC5301 0.018
HVC5302 0.011
HVC5304 0.016
HVC5380 0.086
HVC5389 0.023
HVC5390 0.018
HVC5391 0.018
HVC5395 0.02
HVC5396 0.018
HVC5398 0.018
HVC5399 0.086
HVC5400 0.086
HVC5402 0.086
HVC5403 0.018
HVC5404 0.018
HVC5405 0.018
HVC5408 0.018
HVC5410 0.018
HVC5411 0.018
HVC5421 0.018
HVC5422 0.016
HVC5423 0.018
HVC5425 0.018
HVC5427 0.018
HVC5428 0.018
HVC5429 0.019
HVC5430 0.018
HVC5434 0.018
HVC5435 0.018
HVC5436 0.018
HVC5437 0.018
HVC5438 0.018
HVC5439 0.018
HVC5440 0.018
HVC5442 0.086
HVC5445 0.018
HVC5446 0.018
HVC5447 0.086
HVC5448 0.018
HVC5451 0.086
HVC5453 0.086
HVC5466 0.086
HVC5467 0.086
HVC5470 0.086
HVC5471 0.086
HVC5476 0.018
HVC5484 0.018
HVC5486 0.018
HVC5487 0.018
HVC5488 0.018
HVC5489 0.018
HVC5490 0.018
HVC5492 0.018
HVC5495 0.018
HVC5500 0.018
HVC5504 0.018
HVC5508 0.086
HVC5509 0.086
HVC5510 0.018
HVC5512 0.086
HVC5515 0.086
HVC5517 0.018
HVC5519 0.018
HVC5522 0.018
HVC5523 0.086
HVC5524 0.018
HVC5526 0.018
HVC5527 0.018
HVC5528 0.018
HVC5530 0.086
HVC5531 0.086
HVC5535 0.019
HVC5536 0.086
HVC5546 0.023
HVC5547 0.018
HVC5554 0.086
HVC5555 0.018
HVC5557 0.086
HVC5559 0.018
HVC5560 0.018
HVC5561 0.018
HVC5562 0.086
HVC5563 0.086
HVC5564 0.018
HVC5565 0.018
HVC5572 0.018
HVC5574 0.086
HVC5575 0.086
HVC5576 0.086
HVC5577 0.018
HVC5579 0.086
HVC5584 0.086
HVC5585 0.086
HVC5587 0.086
HVC5592 0.018
HVC5593 0.018
HVC5595 0.086
HVC5596 0.086
HVC5597 0.018
HVC5598 0.018
HVC5599 0.086
HVC5601 0.018
HVC5602 0.017
HVC5609 0.086
HVC5610 0.086
HVC5611 0.086
HVC5612 0.086
HVC5614 0.086
HVC5618 0.018
HVC5619 0.018
HVC5620 0.086
HVC5625 0.018
HVC5627 0.023
HVC5629 0.011
HVC5634 0.019
HVC5638 0.086
HVC5639 0.086
HVC5643 0.018
HVC5644 0.018
HVC5645 0.018
HVC5647 0.086
HVC5648 0.011
HVC5649 0.086
HVC5651 0.019
HVC5654 0.086
HVC5655 0.019
HVC5659 0.086
HVC5661 0.086
HVC5662 0.018
HVC5663 0.086
HVC5664 0.018
HVC5665 0.016
HVC5666 0.086
HVC5667 0.018
HVC5668 0.086
HVC5673 0.018
HVC5674 0.086
HVC5677 0.023
HVC5684 0.017
HVC5689 0.021
HVC5691 0.086
HVC5692 0.018
HVC5697 0.02
HVC5698 0.086
HVC5699 0.018
HVC5701 0.086
HVC5702 0.025
HVC5712 0.018
HVC5715 0.018
HVC5716 0.086
HVC5718 0.018
HVC5719 0.018
HVC5724 0.018
HVC5725 0.018
HVC5728 0.018
HVC5729 0.086
HVC5730 0.018
HVC5733 0.018
HVC5735 0.086
HVC5736 0.018
HVC5737 0.018
HVC5738 0.018
HVC5740 0.086
HVC5743 0.018
HVC5753 0.018
HVC5754 0.018
HVC5765 0.086
HVC5766 0.02
HVC5768 0.018
HVC5771 0.018
HVC5772 0.086
HVC5774 0.018
HVC5778 0.018
HVC5779 0.018
HVC5781 0.018
HVC5782 0.018
HVC5785 0.086
HVC5786 0.086
HVC5787 0.018
HVC5789 0.086
HVC5790 0.086
HVC5792 0.018
HVC5795 0.086
HVC5800 0.018
HVC5801 0.086
HVC5802 0.018
HVC5805 0.018
HVC5806 0.086
HVC5810 0.086
HVC5811 0.086
HVC5812 0.018
HVC5813 0.018
HVC5815 0.018
HVC5816 0.018
HVC5817 0.018
HVC5818 0.018
HVC5819 0.018
HVC5820 0.086
HVC5824 0.018
HVC5825 0.086
HVC5826 0.086
HVC5830 0.086
HVC5831 0.086
HVC5834 0.018
HVC5836 0.018
HVC5837 0.086
HVC5838 0.018
HVC5841 0.086
HVC5842 0.018
HVC5844 0.018
HVC5847 0.018
HVC5848 0.018
HVC5849 0.086
HVC5850 0.018
HVC5851 0.086
HVC5852 0.018
HVC5853 0.086
HVC5854 0.086
HVC5860 0.086
HVC5861 0.086
HVC5863 0.086
HVC5864 0.086
HVC5865 0.018
HVC5866 0.018
HVC5867 0.086
HVC5869 0.018
HVC5870 0.018
HVC5871 0.018
HVC5873 0.018
HVC5874 0.019
HVC5875 0.018
HVC5876 0.023
HVC5878 0.018
HVC5882 0.018
HVC5884 0.086
HVC5885 0.086
HVC5886 0.017
HVC5890 0.086
HVC5892 0.018
HVC5894 0.015
HVC5895 0.018
HVC5896 0.018
HVC5898 0.02
HVC5926 0.086
HVC5949 0.018
HVC5953 0.018
HVC5962 0.018
HVC5963 0.018
HVC5973 0.018
HVC5974 0.086
HVC5976 0.086
HVC5977 0.018
HVC5978 0.086
HVC5979 0.018
HVC5980 0.021
HVC5981 0.018
HVC5983 0.018
HVC5988 0.018
HVC5989 0.018
HVC5992 0.018
HVC5993 0.086
HVC5994 0.086
HVC5995 0.018
HVC5996 0.086
HVC5997 0.051
HVC5999 0.086
HVC6000 0.018
HVC6004 0.086
HVC6005 0.086
HVC6008 0.086
HVC6011 0.086
HVC6012 0.086
HVC6016 0.018
HVC6025 0.086
HVC6027 0.011
HVC6028 0.018
HVC6031 0.018
HVC6032 0.018
HVC6035 0.018
HVC6037 0.018
HVC6038 0.086
HVC6039 0.018
HVC6040 0.086
HVC6042 0.086
HVC6044 0.018
HVC6046 0.018
HVC6047 0.018
HVC6048 0.018
HVC6049 0.018
HVC6057 0.018
HVC6059 0.026
HVC6062 0.086
HVC6063 0.018
HVC6065 0.018
HVC6067 0.018
HVC6071 0.018
HVC6072 0.086
HVC6073 0.018
HVC6074 0.086
HVC6079 0.018
HVC6080 0.018
HVC6082 0.086
HVC6083 0.086
HVC6088 0.018
HVC6089 0.018
HVC6090 0.086
HVC6092 0.018
HVC6096 0.086
HVC6103 0.018
HVC6104 0.018
HVC6107 0.018
HVC6108 0.019
HVC6109 0.016
HVC6110 0.018
HVC6121 0.018
HVC6122 0.018
HVC6124 0.086
HVC6127 0.023
HVC6129 0.086
HVC6130 0.086
HVC6132 0.018
HVC6133 0.086
HVC6134 0.018
HVC6139 0.086
HVC6141 0.086
HVC6145 0.018
HVC6146 0.086
HVC6148 0.018
HVC6149 0.018
HVC6151 0.016
HVC6155 0.086
HVC6157 0.086
HVC6158 0.02
HVC6159 0.018
HVC6160 0.018
HVC6162 0.086
HVC6165 0.086
HVC6166 0.018
HVC6167 0.018
HVC6169 0.018
HVC6175 0.018
HVC6176 0.017
HVC6178 0.018
HVC6183 0.086
HVC6184 0.018
HVC6185 0.011
HVC6188 0.086
HVC6189 0.086
HVC6196 0.086
HVC6198 0.086
HVC6199 0.086
HVC6201 0.086
HVC6202 0.017
HVC6208 0.086
HVC6210 0.018
HVC6214 0.018
HVC6217 0.018
HVC6218 0.018
HVC6219 0.011
HVC6223 0.011
HVC6224 0.021
HVC6226 0.019
HVC6228 0.012
HVC6230 0.018
HVC6231 0.086
HVC6232 0.019
HVC6233 0.018
HVC6235 0.018
HVC6239 0.018
HVC6241 0.086
HVC6242 0.086
HVC6244 0.086
HVC6245 0.086
