HVC286 0.045
HVC288 0.045
HVC314 0.045
HVC326 0.045
HVC328 0.045
HVC332 0.046
HVC333 0.046
HVC356 0.046
HVC443 0.046
HVC468 0.046
HVC472 0.045
HVC476 0.045
HVC477 0.045
HVC479 0.046
HVC480 0.059
HVC481 0.045
HVC505 0.041
HVC516 0.046
HVC522 0.045
HVC633 0.045
HVC657 0.045
HVC675 0.046
HVC677 0.046
HVC680 0.048
HVC709 0.045
HVC713 0.045
HVC716 0.048
HVC717 0.045
HVC720 0.046
HVC721 0.046
HVC728 0.046
HVC729 0.045
HVC731 0.046
HVC736 0.046
HVC739 0.045
HVC741 0.045
HVC745 0.045
HVC755 0.024
HVC788 0.051
HVC855 0.045
HVC857 0.046
HVC871 0.045
HVC872 0.045
HVC883 0.046
HVC887 0.046
HVC919 0.047
HVC921 0.045
HVC961 0.046
HVC1035 0.045
HVC1037 0.045
HVC1039 0.045
HVC1063 0.045
HVC1064 0.045
HVC1069 0.045
HVC1076 0.045
HVC1079 0.045
HVC1082 0.045
HVC1083 0.045
HVC1086 0.045
HVC1088 0.045
HVC1105 0.045
HVC1107 0.045
HVC1112 0.045
HVC1118 0.045
HVC1120 0.045
HVC1124 0.045
HVC1125 0.045
HVC1127 0.046
HVC1132 0.062
HVC1133 0.034
HVC1135 0.046
HVC1136 0.045
HVC1138 0.012
HVC1141 0.045
HVC1142 0.045
HVC1143 0.045
HVC1144 0.052
HVC1151 0.045
HVC1152 0.046
HVC1153 0.038
HVC1154 0.045
HVC1155 0.045
HVC1158 0.045
HVC1160 0.046
HVC1161 0.046
HVC1162 0.047
HVC1168 0.046
HVC1191 0.046
HVC1209 0.045
HVC1228 0.046
HVC1229 0.042
HVC1230 0.046
HVC1231 0.045
HVC1232 0.045
HVC1233 0.046
HVC1238 0.045
HVC1242 0.045
HVC1246 0.045
HVC1247 0.045
HVC1258 0.042
HVC1259 0.056
HVC1266 0.046
HVC1268 0.046
HVC1269 0.045
HVC1279 0.045
HVC1281 0.046
HVC1282 0.045
HVC1316 0.045
HVC1340 0.045
HVC1345 0.046
HVC1350 0.045
HVC1379 0.045
HVC1410 0.045
HVC1411 0.045
HVC1412 0.045
HVC1414 0.045
HVC1415 0.045
HVC1416 0.048
HVC1417 0.045
HVC1419 0.045
HVC1422 0.045
HVC1425 0.048
HVC1433 0.045
HVC1436 0.045
HVC1437 0.044
HVC1443 0.045
HVC1555 0.045
HVC1556 0.045
HVC1557 0.046
HVC1563 0.045
HVC1567 0.046
HVC1568 0.045
HVC1579 0.045
HVC1582 0.051
HVC1590 0.044
HVC1600 0.043
HVC1605 0.045
HVC1609 0.045
HVC1610 0.045
HVC1612 0.045
HVC1613 0.045
HVC1615 0.046
HVC1620 0.052
HVC1622 0.049
HVC1637 0.042
HVC1639 0.042
HVC1640 0.045
HVC1646 0.045
HVC1667 0.045
HVC1673 0.045
HVC1681 0.045
HVC1684 0.046
HVC1722 0.046
HVC1724 0.049
HVC1726 0.048
HVC1728 0.024
HVC1729 0.045
HVC1731 0.029
HVC1734 0.059
HVC1742 0.046
HVC1764 0.045
HVC1765 0.045
HVC1769 0.037
HVC1777 0.029
HVC1778 0.045
HVC1779 0.045
HVC1783 0.05
HVC1789 0.046
HVC1792 0.046
HVC1808 0.045
HVC1817 0.046
HVC1819 0.045
HVC1824 0.045
HVC1825 0.045
HVC1828 0.045
HVC1831 0.059
HVC1832 0.045
HVC1834 0.045
HVC1835 0.045
HVC1836 0.046
HVC1840 0.046
HVC1842 0.045
HVC1844 0.045
HVC1845 0.012
HVC1848 0.045
HVC1849 0.045
HVC1850 0.045
HVC1851 0.045
HVC1852 0.046
HVC1854 0.05
HVC1860 0.045
HVC1864 0.039
HVC1865 0.035
HVC1866 0.045
HVC1868 0.045
HVC1872 0.019
HVC1873 0.046
HVC1883 0.012
HVC1887 0.045
HVC1889 0.046
HVC1897 0.045
HVC1898 0.034
HVC1900 0.046
HVC1902 0.046
HVC1907 0.046
HVC1908 0.046
HVC1910 0.045
HVC1938 0.031
HVC1939 0.046
HVC1944 0.046
HVC1945 0.046
HVC1946 0.041
HVC1948 0.045
HVC1950 0.043
HVC1952 0.046
HVC1955 0.046
HVC1957 0.045
HVC1963 0.046
HVC1968 0.046
HVC1971 0.045
HVC1972 0.059
HVC1979 0.045
HVC1980 0.045
HVC1986 0.045
HVC1992 0.042
HVC1995 0.034
HVC2004 0.045
HVC2010 0.045
HVC2018 0.041
HVC2021 0.046
HVC2062 0.046
HVC2065 0.045
HVC2069 0.045
HVC2071 0.034
HVC2079 0.046
HVC2096 0.045
HVC2132 0.045
HVC2135 0.045
HVC2140 0.045
HVC2143 0.041
HVC2147 0.045
HVC2153 0.045
HVC2157 0.045
HVC2158 0.045
HVC2194 0.045
HVC2195 0.045
HVC2196 0.045
HVC2199 0.045
HVC2209 0.045
HVC2219 0.045
HVC2222 0.045
HVC2224 0.045
HVC2225 0.045
HVC2228 0.045
HVC2229 0.045
HVC2233 0.046
HVC2237 0.046
HVC2239 0.046
HVC2248 0.046
HVC2255 0.017
HVC2259 0.046
HVC2267 0.045
HVC2272 0.046
HVC2279 0.045
HVC2289 0.045
HVC2293 0.046
HVC2297 0.045
HVC2298 0.042
HVC2301 0.045
HVC2304 0.045
HVC2306 0.03
HVC2311 0.044
HVC2313 0.045
HVC2317 0.045
HVC2321 0.046
HVC2335 0.045
HVC2352 0.045
HVC2361 0.045
HVC2371 0.045
HVC2375 0.045
HVC2380 0.041
HVC2387 0.045
HVC2390 0.046
HVC2392 0.046
HVC2393 0.046
HVC2399 0.045
HVC2404 0.046
HVC2405 0.045
HVC2409 0.046
HVC2411 0.049
HVC2412 0.046
HVC2415 0.064
HVC2419 0.041
HVC2420 0.045
HVC2422 0.045
HVC2446 0.066
HVC2448 0.045
HVC2496 0.046
HVC2504 0.045
HVC2508 0.045
HVC2521 0.046
HVC2522 0.045
HVC2523 0.046
HVC2526 0.045
HVC2528 0.035
HVC2529 0.045
HVC2532 0.045
HVC2550 0.045
HVC2552 0.045
HVC2553 0.046
HVC2557 0.045
HVC2562 0.046
HVC2566 0.041
HVC2571 0.051
HVC2573 0.046
HVC2574 0.046
HVC2575 0.046
HVC2580 0.046
HVC2584 0.046
HVC2588 0.046
HVC2595 0.045
HVC2599 0.045
HVC2601 0.045
HVC2602 0.046
HVC2604 0.045
HVC2606 0.045
HVC2607 0.046
HVC2608 0.046
HVC2609 0.032
HVC2610 0.045
HVC2615 0.045
HVC2616 0.045
HVC2617 0.046
HVC2618 0.046
HVC2622 0.045
HVC2635 0.046
HVC2639 0.046
HVC2647 0.038
HVC2649 0.045
HVC2650 0.045
HVC2655 0.046
HVC2657 0.045
HVC2658 0.045
HVC2667 0.046
HVC2669 0.046
HVC2674 0.045
HVC2675 0.045
HVC2677 0.046
HVC2682 0.046
HVC2685 0.046
HVC2687 0.045
HVC2691 0.045
HVC2698 0.045
HVC2702 0.038
HVC2703 0.045
HVC2705 0.045
HVC2707 0.046
HVC2710 0.032
HVC2711 0.014
HVC2713 0.035
HVC2714 0.045
HVC2715 0.045
HVC2716 0.046
HVC2718 0.046
HVC2720 0.046
HVC2721 0.044
HVC2723 0.023
HVC2724 0.04
HVC2728 0.057
HVC2736 0.109
HVC2742 0.046
HVC2749 0.046
HVC2759 0.045
HVC2760 0.046
HVC2762 0.046
HVC2768 0.042
HVC2769 0.046
HVC2780 0.045
HVC2782 0.046
HVC2786 0.044
HVC2789 0.045
HVC2791 0.046
HVC2807 0.046
HVC2809 0.045
HVC2810 0.045
HVC2812 0.046
HVC2814 0.045
HVC2818 0.047
HVC2825 0.045
HVC2828 0.036
HVC2832 0.046
HVC2834 0.046
HVC2835 0.046
HVC2836 0.045
HVC2837 0.046
HVC2838 0.045
HVC2839 0.056
HVC2840 0.046
HVC2842 0.036
HVC2846 0.044
HVC2848 0.046
HVC2856 0.046
HVC2857 0.047
HVC2858 0.045
HVC3002 0.046
HVC3006 0.044
HVC3007 0.045
HVC3012 0.046
HVC3013 0.044
HVC3014 0.045
HVC3015 0.046
HVC3016 0.046
HVC3017 0.046
HVC3019 0.053
HVC3020 0.054
HVC3021 0.046
HVC3022 0.045
HVC3024 0.035
HVC3025 0.012
HVC3027 0.046
HVC3031 0.046
HVC3032 0.045
HVC3034 0.046
HVC3071 0.046
HVC3072 0.017
HVC3077 0.037
HVC3078 0.057
HVC3081 0.046
HVC3082 0.045
HVC3097 0.044
HVC3099 0.045
HVC3100 0.045
HVC3107 0.046
HVC3113 0.045
HVC3114 0.045
HVC3116 0.042
HVC3117 0.048
HVC3118 0.045
HVC3119 0.045
HVC3123 0.045
HVC3124 0.046
HVC3126 0.046
HVC3129 0.045
HVC3131 0.046
HVC3132 0.045
HVC3135 0.045
HVC3136 0.046
HVC3137 0.046
HVC3143 0.045
HVC3148 0.045
HVC3154 0.045
HVC3155 0.144
HVC3157 0.046
HVC3160 0.045
HVC3161 0.045
HVC3162 0.046
HVC3168 0.046
HVC3169 0.059
HVC3170 0.046
HVC3171 0.045
HVC3173 0.045
HVC3174 0.049
HVC3180 0.046
HVC3183 0.045
HVC3184 0.046
HVC3185 0.045
HVC3187 0.045
HVC3189 0.043
HVC3190 0.045
HVC3196 0.047
HVC3199 0.048
HVC3204 0.045
HVC3205 0.045
HVC3209 0.046
HVC3210 0.048
HVC3211 0.046
HVC3212 0.042
HVC3217 0.046
HVC3218 0.045
HVC3223 0.046
HVC3254 0.046
HVC3259 0.064
HVC3261 0.045
HVC3262 0.045
HVC3264 0.046
HVC3265 0.045
HVC3266 0.044
HVC3267 0.046
HVC3268 0.046
HVC3269 0.038
HVC3270 0.046
HVC3271 0.045
HVC3280 0.046
HVC3285 0.046
HVC3287 0.061
HVC3296 0.045
HVC3297 0.046
HVC3300 0.045
HVC3302 0.043
HVC3304 0.045
HVC3307 0.045
HVC3308 0.045
HVC3311 0.038
HVC3313 0.045
HVC3314 0.045
HVC3315 0.046
HVC3320 0.046
HVC3321 0.012
HVC3323 0.046
HVC3329 0.045
HVC3332 0.046
HVC3333 0.045
HVC3334 0.045
HVC3336 0.045
HVC3337 0.032
HVC3338 0.037
HVC3348 0.012
HVC3349 0.045
HVC3353 0.045
HVC3371 0.046
HVC3372 0.046
HVC3373 0.046
HVC3400 0.045
HVC3410 0.045
HVC3414 0.045
HVC3416 0.045
HVC3419 0.045
HVC3422 0.045
HVC3424 0.036
HVC3429 0.045
HVC3432 0.012
HVC3492 0.046
HVC3493 0.046
HVC3495 0.042
HVC3496 0.04
HVC3499 0.046
HVC3503 0.045
HVC3507 0.045
HVC3512 0.06
HVC3516 0.038
HVC3517 0.044
HVC3521 0.046
HVC3522 0.046
HVC3523 0.045
HVC3524 0.044
HVC3526 0.046
HVC3535 0.045
HVC3537 0.041
HVC3540 0.045
HVC3541 0.045
HVC3542 0.046
HVC3545 0.045
HVC3550 0.045
HVC3551 0.062
HVC3556 0.061
HVC3557 0.045
HVC3558 0.046
HVC3560 0.046
HVC3564 0.046
HVC3571 0.045
HVC3572 0.046
HVC3573 0.046
HVC3577 0.046
HVC3583 0.046
HVC3584 0.042
HVC3587 0.045
HVC3589 0.046
HVC3591 0.041
HVC3592 0.046
HVC3593 0.045
HVC3596 0.046
HVC3598 0.046
HVC3621 0.042
HVC3639 0.046
HVC3644 0.046
HVC3645 0.051
HVC3647 0.046
HVC3648 0.045
HVC3649 0.046
HVC3652 0.019
HVC3654 0.046
HVC3657 0.045
HVC3661 0.045
HVC3662 0.046
HVC3664 0.045
HVC3667 0.045
HVC3669 0.046
HVC3686 0.045
HVC3688 0.048
HVC3689 0.046
HVC3690 0.045
HVC3691 0.045
HVC3692 0.046
HVC3697 0.029
HVC3698 0.045
HVC3700 0.046
HVC3701 0.046
HVC3704 0.046
HVC3705 0.046
HVC3710 0.045
HVC3712 0.044
HVC3714 0.046
HVC3719 0.044
HVC3722 0.045
HVC3724 0.046
HVC3738 0.046
HVC3741 0.046
HVC3744 0.06
HVC3746 0.046
HVC3748 0.014
HVC3754 0.042
HVC3756 0.045
HVC3757 0.045
HVC3763 0.046
HVC3765 0.044
HVC3771 0.046
HVC3777 0.044
HVC3782 0.045
HVC3786 0.045
HVC3787 0.019
HVC3794 0.045
HVC3796 0.047
HVC3798 0.045
HVC3799 0.046
HVC3800 0.046
HVC3802 0.045
HVC3803 0.046
HVC3804 0.04
HVC3805 0.046
HVC3808 0.046
HVC3809 0.045
HVC3811 0.045
HVC3812 0.046
HVC3814 0.043
HVC3821 0.045
HVC3822 0.045
HVC3835 0.045
HVC3837 0.022
HVC3841 0.043
HVC3842 0.045
HVC3843 0.045
HVC3845 0.045
HVC3846 0.046
HVC3848 0.045
HVC3852 0.046
HVC3855 0.046
HVC3856 0.046
HVC3859 0.046
HVC3860 0.046
HVC3861 0.041
HVC3865 0.045
HVC3866 0.046
HVC3871 0.059
HVC3876 0.044
HVC3877 0.044
HVC3880 0.045
HVC3881 0.04
HVC3888 0.045
HVC3889 0.032
HVC3891 0.024
HVC3897 0.043
HVC3898 0.047
HVC3900 0.046
HVC3901 0.046
HVC3907 0.049
HVC3908 0.045
HVC3912 0.045
HVC3916 0.046
HVC3919 0.057
HVC3920 0.046
HVC3925 0.046
HVC3926 0.045
HVC3931 0.048
HVC3933 0.012
HVC3935 0.041
HVC3936 0.045
HVC3937 0.062
HVC3938 0.046
HVC3941 0.037
HVC3942 0.046
HVC3943 0.046
HVC3952 0.046
HVC3956 0.05
HVC3962 0.044
HVC3965 0.045
HVC3968 0.046
HVC3970 0.046
HVC3988 0.043
HVC3990 0.07
HVC3992 0.045
HVC3994 0.012
HVC3995 0.046
HVC3996 0.045
HVC3999 0.046
HVC4003 0.046
HVC4004 0.046
HVC4021 0.045
HVC4022 0.046
HVC4025 0.046
HVC4026 0.045
HVC4032 0.048
HVC4042 0.046
HVC4043 0.045
HVC4044 0.046
HVC4045 0.045
HVC4046 0.046
HVC4047 0.038
HVC4051 0.045
HVC4052 0.046
HVC4055 0.045
HVC4056 0.046
HVC4057 0.046
HVC4066 0.045
HVC4068 0.046
HVC4070 0.045
HVC4073 0.045
HVC4074 0.046
HVC4099 0.045
HVC4104 0.045
HVC4106 0.045
HVC4107 0.045
HVC4108 0.045
HVC4109 0.046
HVC4110 0.046
HVC4111 0.046
HVC4112 0.045
HVC4114 0.045
HVC4115 0.046
HVC4116 0.046
HVC4117 0.045
HVC4119 0.045
HVC4121 0.045
HVC4122 0.045
HVC4123 0.04
HVC4124 0.045
HVC4125 0.038
HVC4126 0.045
HVC4127 0.046
HVC4128 0.045
HVC4129 0.046
HVC4130 0.045
HVC4131 0.04
HVC4132 0.046
HVC4134 0.045
HVC4135 0.045
HVC4136 0.045
HVC4137 0.028
HVC4138 0.046
HVC4140 0.045
HVC4141 0.046
HVC4142 0.046
HVC4143 0.045
HVC4144 0.045
HVC4147 0.046
HVC4149 0.017
HVC4151 0.045
HVC4152 0.045
HVC4153 0.047
HVC4163 0.033
HVC4170 0.043
HVC4171 0.046
HVC4173 0.047
HVC4175 0.046
HVC4178 0.045
HVC4185 0.045
HVC4189 0.045
HVC4194 0.046
HVC4197 0.045
HVC4201 0.045
HVC4203 0.045
HVC4205 0.045
HVC4209 0.046
HVC4218 0.046
HVC4219 0.046
HVC4220 0.045
HVC4223 0.046
HVC4230 0.046
HVC4232 0.046
HVC4233 0.014
HVC4234 0.041
HVC4239 0.045
HVC4241 0.049
HVC4243 0.045
HVC4246 0.046
HVC4248 0.046
HVC4258 0.046
HVC4261 0.046
HVC4262 0.046
HVC4267 0.046
HVC4268 0.046
HVC4270 0.046
HVC4271 0.045
HVC4273 0.012
HVC4275 0.046
HVC4278 0.046
HVC4283 0.045
HVC4288 0.046
HVC4295 0.046
HVC4307 0.044
HVC4309 0.046
HVC4319 0.041
HVC4321 0.045
HVC4323 0.031
HVC4324 0.045
HVC4325 0.045
HVC4326 0.045
HVC4330 0.046
HVC4333 0.045
HVC4335 0.046
HVC4343 0.046
HVC4350 0.041
HVC4351 0.046
HVC4352 0.045
HVC4355 0.025
HVC4356 0.047
HVC4362 0.036
HVC4363 0.046
HVC4364 0.045
HVC4366 0.045
HVC4368 0.042
HVC4371 0.045
HVC4374 0.045
HVC4375 0.046
HVC4377 0.046
HVC4381 0.046
HVC4387 0.081
HVC4392 0.046
HVC4394 0.045
HVC4395 0.046
HVC4397 0.047
HVC4398 0.043
HVC4399 0.055
HVC4400 0.045
HVC4402 0.046
HVC4406 0.045
HVC4407 0.045
HVC4410 0.046
HVC4411 0.046
HVC4417 0.046
HVC4419 0.046
HVC4422 0.048
HVC4423 0.046
HVC4425 0.045
HVC4428 0.059
HVC4430 0.045
HVC4432 0.032
HVC4433 0.045
HVC4434 0.045
HVC4435 0.045
HVC4444 0.046
HVC4445 0.046
HVC4446 0.046
HVC4447 0.045
HVC4472 0.046
HVC4474 0.046
HVC4475 0.101
HVC4476 0.046
HVC532 0.046
HVC535 0.046
HVC624 0.046
HVC725 0.046
HVC893 0.024
HVC918 0.045
HVC1094 0.045
HVC1163 0.046
HVC1270 0.045
HVC1322 0.046
HVC1413 0.046
HVC1643 0.045
HVC1875 0.02
HVC1912 0.045
HVC1934 0.045
HVC1935 0.046
HVC1983 0.045
HVC1985 0.045
HVC2015 0.045
HVC2019 0.045
HVC2027 0.046
HVC2044 0.059
HVC2045 0.046
HVC2051 0.045
HVC2054 0.046
HVC2067 0.046
HVC2080 0.046
HVC2084 0.046
HVC2099 0.044
HVC2101 0.046
HVC2119 0.045
HVC2131 0.042
HVC2141 0.045
HVC2151 0.037
HVC2156 0.045
HVC2160 0.045
HVC2201 0.045
HVC2203 0.064
HVC2206 0.046
HVC2207 0.045
HVC2210 0.045
HVC2217 0.045
HVC2231 0.046
HVC2261 0.043
HVC2275 0.046
HVC2276 0.045
HVC2285 0.046
HVC2286 0.045
HVC2300 0.046
HVC2310 0.046
HVC2314 0.046
HVC2338 0.045
HVC2339 0.045
HVC2345 0.045
HVC2394 0.046
HVC2398 0.046
HVC2421 0.045
HVC2427 0.045
HVC2429 0.045
HVC2436 0.044
HVC2438 0.049
HVC2459 0.045
HVC2489 0.046
HVC2492 0.046
HVC2502 0.046
HVC2514 0.046
HVC2524 0.045
HVC2548 0.046
HVC2586 0.046
HVC2587 0.046
HVC2590 0.045
HVC2612 0.045
HVC2613 0.023
HVC2624 0.045
HVC2627 0.046
HVC2708 0.046
HVC2719 0.046
HVC2730 0.046
HVC2735 0.046
HVC2739 0.045
HVC2740 0.046
HVC2802 0.042
HVC2805 0.047
HVC3087 0.029
HVC3090 0.045
HVC3091 0.044
HVC3092 0.046
HVC3095 0.045
HVC3103 0.045
HVC3106 0.045
HVC3110 0.046
HVC3111 0.034
HVC3277 0.055
HVC3279 0.044
HVC3288 0.045
HVC3289 0.045
HVC3292 0.045
HVC3293 0.045
HVC3295 0.04
HVC3335 0.045
HVC3358 0.046
HVC3449 0.046
HVC3510 0.045
HVC3513 0.058
HVC3590 0.045
HVC3605 0.045
HVC3971 0.045
HVC3977 0.042
HVC4054 0.045
HVC4061 0.046
HVC4065 0.059
HVC4071 0.039
HVC4072 0.045
HVC4082 0.045
HVC4084 0.045
HVC4085 0.046
HVC4086 0.046
HVC4087 0.045
HVC4088 0.045
HVC4089 0.045
HVC4091 0.059
HVC4093 0.035
HVC4100 0.049
HVC4101 0.059
HVC4102 0.043
HVC4155 0.045
HVC4157 0.046
HVC4159 0.012
HVC4160 0.045
HVC4177 0.047
HVC4251 0.046
HVC4305 0.045
HVC4359 0.046
HVC4373 0.045
HVC4390 0.05
HVC4437 0.045
HVC4441 0.046
HVC4450 0.07
HVC4451 0.046
HVC4453 0.045
HVC4454 0.045
HVC4456 0.034
HVC4457 0.046
HVC4458 0.045
HVC4459 0.046
HVC4460 0.045
HVC4461 0.046
HVC4463 0.046
HVC4464 0.045
HVC4465 0.046
HVC4466 0.046
HVC4467 0.045
HVC4468 0.045
HVC4478 0.016
HVC4479 0.045
HVC4481 0.045
HVC4484 0.045
HVC4486 0.054
HVC4487 0.046
HVC4489 0.08
HVC4490 0.046
HVC4494 0.044
HVC4498 0.046
HVC4499 0.037
HVC4508 0.046
HVC4511 0.045
HVC4518 0.046
HVC4519 0.046
HVC4528 0.045
HVC4529 0.046
HVC4530 0.045
HVC4536 0.046
HVC4537 0.045
HVC4539 0.045
HVC4545 0.045
HVC4546 0.046
HVC4548 0.046
HVC4550 0.046
HVC4552 0.044
HVC4558 0.046
HVC4559 0.045
HVC4561 0.061
HVC4567 0.046
HVC4570 0.014
HVC4571 0.045
HVC4574 0.046
HVC4583 0.046
HVC4587 0.043
HVC4589 0.046
HVC4590 0.05
HVC4592 0.042
HVC4599 0.045
HVC4600 0.046
HVC4602 0.046
HVC4606 0.046
HVC4608 0.046
HVC4609 0.046
HVC4610 0.046
HVC4617 0.046
HVC4618 0.046
HVC4619 0.046
HVC4620 0.046
HVC4625 0.045
HVC4626 0.046
HVC4627 0.046
HVC4629 0.045
HVC4630 0.047
HVC4642 0.046
HVC4643 0.045
HVC4644 0.045
HVC4645 0.045
HVC4647 0.045
HVC4648 0.045
HVC4653 0.045
HVC4654 0.045
HVC4655 0.042
HVC4656 0.046
HVC4659 0.045
HVC4661 0.045
HVC4664 0.045
HVC4665 0.046
HVC4671 0.048
HVC4673 0.045
HVC4674 0.045
HVC4675 0.045
HVC4681 0.04
HVC4682 0.046
HVC4685 0.051
HVC4687 0.045
HVC4688 0.046
HVC4692 0.041
HVC4704 0.046
HVC4706 0.043
HVC4707 0.046
HVC4710 0.046
HVC4712 0.046
HVC4715 0.046
HVC4716 0.046
HVC4719 0.046
HVC4721 0.046
HVC4724 0.046
HVC4725 0.046
HVC4733 0.024
HVC4734 0.044
HVC4738 0.046
HVC4739 0.045
HVC4740 0.04
HVC4744 0.046
HVC4747 0.045
HVC4749 0.045
HVC4751 0.045
HVC4752 0.046
HVC4753 0.046
HVC4759 0.045
HVC4760 0.045
HVC4761 0.046
HVC4762 0.045
HVC4764 0.048
HVC4765 0.045
HVC4766 0.045
HVC4776 0.04
HVC4777 0.034
HVC4779 0.045
HVC4780 0.042
HVC4783 0.014
HVC4786 0.046
HVC4791 0.046
HVC4792 0.049
HVC4797 0.046
HVC4798 0.043
HVC4800 0.041
HVC4802 0.046
HVC4805 0.046
HVC4807 0.045
HVC4808 0.045
HVC4809 0.045
HVC4810 0.046
HVC4811 0.045
HVC4812 0.042
HVC4814 0.047
HVC4816 0.039
HVC4817 0.045
HVC4824 0.046
HVC4829 0.045
HVC4830 0.045
HVC4836 0.045
HVC4837 0.044
HVC4840 0.042
HVC4841 0.045
HVC4842 0.045
HVC4851 0.046
HVC4853 0.046
HVC4858 0.046
HVC4866 0.046
HVC4868 0.046
HVC4869 0.017
HVC4872 0.045
HVC4873 0.04
HVC4874 0.059
HVC4875 0.046
HVC4876 0.045
HVC4878 0.045
HVC4879 0.046
HVC4880 0.031
HVC4883 0.044
HVC4884 0.045
HVC4885 0.045
HVC4888 0.046
HVC4890 0.046
HVC4891 0.046
HVC4892 0.034
HVC4893 0.046
HVC4894 0.059
HVC4895 0.044
HVC4896 0.046
HVC4898 0.045
HVC4899 0.045
HVC4901 0.046
HVC4908 0.035
HVC4909 0.012
HVC4910 0.046
HVC4912 0.045
HVC4915 0.04
HVC4916 0.033
HVC4918 0.046
HVC4920 0.045
HVC4923 0.046
HVC4924 0.046
HVC4926 0.046
HVC4928 0.059
HVC4929 0.045
HVC4933 0.045
HVC4936 0.046
HVC4937 0.041
HVC4938 0.047
HVC4939 0.047
HVC4940 0.046
HVC4945 0.045
HVC4947 0.046
HVC4948 0.046
HVC4949 0.046
HVC4951 0.045
HVC4952 0.045
HVC4956 0.046
HVC4957 0.045
HVC4959 0.046
HVC4964 0.046
HVC4965 0.045
HVC4967 0.046
HVC4969 0.046
HVC4971 0.045
HVC4975 0.046
HVC4976 0.045
HVC4986 0.046
HVC4987 0.045
HVC4996 0.045
HVC4998 0.038
HVC4999 0.045
HVC5001 0.045
HVC5002 0.046
HVC5003 0.048
HVC5004 0.059
HVC5007 0.046
HVC5008 0.047
HVC5014 0.032
HVC5015 0.046
HVC5016 0.045
HVC5020 0.02
HVC5021 0.046
HVC5022 0.012
HVC5026 0.034
HVC5039 0.046
HVC5040 0.045
HVC5041 0.043
HVC5042 0.046
HVC5044 0.046
HVC5105 0.045
HVC5109 0.045
HVC5110 0.048
HVC5111 0.045
HVC5114 0.05
HVC5115 0.045
HVC5119 0.04
HVC5120 0.046
HVC5121 0.045
HVC5122 0.039
HVC5123 0.046
HVC5124 0.046
HVC5127 0.045
HVC5129 0.054
HVC5130 0.048
HVC5133 0.046
HVC5135 0.064
HVC5137 0.045
HVC5138 0.013
HVC5139 0.045
HVC5140 0.04
HVC5144 0.046
HVC5145 0.045
HVC5147 0.039
HVC5148 0.045
HVC5150 0.044
HVC5151 0.047
HVC5153 0.044
HVC5155 0.046
HVC5156 0.046
HVC5159 0.046
HVC5161 0.046
HVC5162 0.046
HVC5163 0.045
HVC5165 0.045
HVC5166 0.046
HVC5167 0.049
HVC5168 0.046
HVC5175 0.021
HVC5176 0.046
HVC5177 0.046
HVC5178 0.046
HVC5180 0.038
HVC5181 0.012
HVC5182 0.045
HVC5184 0.046
HVC5185 0.046
HVC5187 0.046
HVC5191 0.046
HVC5200 0.045
HVC5206 0.045
HVC5207 0.045
HVC5208 0.046
HVC5209 0.045
HVC5211 0.037
HVC5212 0.044
HVC5215 0.046
HVC5216 0.039
HVC5217 0.045
HVC5220 0.045
HVC5223 0.046
HVC5225 0.046
HVC5227 0.046
HVC5230 0.047
HVC5231 0.032
HVC5235 0.045
HVC5239 0.032
HVC5240 0.045
HVC5242 0.045
HVC5246 0.046
HVC5248 0.045
HVC5251 0.046
HVC5252 0.04
HVC5253 0.045
HVC5257 0.043
HVC5262 0.045
HVC5263 0.045
HVC5265 0.014
HVC5266 0.045
HVC5272 0.045
HVC5273 0.046
HVC5274 0.045
HVC5276 0.045
HVC5277 0.077
HVC5278 0.043
HVC5281 0.045
HVC5285 0.045
HVC5289 0.057
HVC5290 0.046
HVC5291 0.045
HVC5292 0.046
HVC5294 0.045
HVC5299 0.045
HVC5301 0.046
HVC5302 0.014
HVC5304 0.021
HVC5380 0.045
HVC5389 0.059
HVC5390 0.046
HVC5391 0.046
HVC5395 0.034
HVC5396 0.043
HVC5398 0.047
HVC5399 0.045
HVC5400 0.045
HVC5402 0.045
HVC5403 0.046
HVC5404 0.052
HVC5405 0.045
HVC5408 0.047
HVC5410 0.046
HVC5411 0.054
HVC5421 0.046
HVC5422 0.012
HVC5423 0.046
HVC5425 0.045
HVC5427 0.041
HVC5428 0.038
HVC5429 0.044
HVC5430 0.046
HVC5434 0.046
HVC5435 0.046
HVC5436 0.046
HVC5437 0.045
HVC5438 0.046
HVC5439 0.046
HVC5440 0.046
HVC5442 0.045
HVC5445 0.046
HVC5446 0.048
HVC5447 0.045
HVC5448 0.046
HVC5451 0.045
HVC5453 0.045
HVC5466 0.045
HVC5467 0.045
HVC5470 0.045
HVC5471 0.045
HVC5476 0.046
HVC5484 0.046
HVC5486 0.046
HVC5487 0.046
HVC5488 0.046
HVC5489 0.046
HVC5490 0.046
HVC5492 0.046
HVC5495 0.046
HVC5500 0.046
HVC5504 0.046
HVC5508 0.045
HVC5509 0.045
HVC5510 0.046
HVC5512 0.045
HVC5515 0.045
HVC5517 0.046
HVC5519 0.046
HVC5522 0.046
HVC5523 0.045
HVC5524 0.046
HVC5526 0.046
HVC5527 0.046
HVC5528 0.046
HVC5530 0.045
HVC5531 0.045
HVC5535 0.057
HVC5536 0.045
HVC5546 0.052
HVC5547 0.046
HVC5554 0.045
HVC5555 0.046
HVC5557 0.045
HVC5559 0.042
HVC5560 0.029
HVC5561 0.046
HVC5562 0.045
HVC5563 0.045
HVC5564 0.045
HVC5565 0.045
HVC5572 0.044
HVC5574 0.045
HVC5575 0.045
HVC5576 0.045
HVC5577 0.046
HVC5579 0.045
HVC5584 0.045
HVC5585 0.045
HVC5587 0.045
HVC5592 0.046
HVC5593 0.046
HVC5595 0.045
HVC5596 0.045
HVC5597 0.032
HVC5598 0.045
HVC5599 0.045
HVC5601 0.046
HVC5602 0.045
HVC5609 0.045
HVC5610 0.045
HVC5611 0.045
HVC5612 0.045
HVC5614 0.045
HVC5618 0.046
HVC5619 0.045
HVC5620 0.045
HVC5625 0.038
HVC5627 0.043
HVC5629 0.044
HVC5634 0.029
HVC5638 0.045
HVC5639 0.045
HVC5643 0.046
HVC5644 0.046
HVC5645 0.045
HVC5647 0.045
HVC5648 0.014
HVC5649 0.045
HVC5651 0.042
HVC5654 0.045
HVC5655 0.024
HVC5659 0.045
HVC5661 0.045
HVC5662 0.042
HVC5663 0.045
HVC5664 0.045
HVC5665 0.012
HVC5666 0.045
HVC5667 0.046
HVC5668 0.045
HVC5673 0.036
HVC5674 0.045
HVC5677 0.059
HVC5684 0.05
HVC5689 0.044
HVC5691 0.045
HVC5692 0.046
HVC5697 0.039
HVC5698 0.045
HVC5699 0.047
HVC5701 0.045
HVC5702 0.042
HVC5712 0.047
HVC5715 0.046
HVC5716 0.045
HVC5718 0.046
HVC5719 0.046
HVC5724 0.045
HVC5725 0.046
HVC5728 0.046
HVC5729 0.045
HVC5730 0.046
HVC5733 0.046
HVC5735 0.045
HVC5736 0.046
HVC5737 0.046
HVC5738 0.046
HVC5740 0.045
HVC5743 0.034
HVC5753 0.046
HVC5754 0.051
HVC5765 0.045
HVC5766 0.029
HVC5768 0.055
HVC5771 0.046
HVC5772 0.045
HVC5774 0.046
HVC5778 0.046
HVC5779 0.046
HVC5781 0.046
HVC5782 0.046
HVC5785 0.045
HVC5786 0.045
HVC5787 0.046
HVC5789 0.045
HVC5790 0.045
HVC5792 0.043
HVC5795 0.045
HVC5800 0.045
HVC5801 0.045
HVC5802 0.046
HVC5805 0.046
HVC5806 0.045
HVC5810 0.045
HVC5811 0.045
HVC5812 0.048
HVC5813 0.046
HVC5815 0.046
HVC5816 0.044
HVC5817 0.046
HVC5818 0.046
HVC5819 0.049
HVC5820 0.045
HVC5824 0.046
HVC5825 0.045
HVC5826 0.045
HVC5830 0.045
HVC5831 0.045
HVC5834 0.046
HVC5836 0.046
HVC5837 0.045
HVC5838 0.044
HVC5841 0.045
HVC5842 0.046
HVC5844 0.047
HVC5847 0.047
HVC5848 0.047
HVC5849 0.045
HVC5850 0.048
HVC5851 0.045
HVC5852 0.045
HVC5853 0.045
HVC5854 0.045
HVC5860 0.045
HVC5861 0.045
HVC5863 0.045
HVC5864 0.045
HVC5865 0.043
HVC5866 0.046
HVC5867 0.045
HVC5869 0.045
HVC5870 0.047
HVC5871 0.046
HVC5873 0.044
HVC5874 0.017
HVC5875 0.046
HVC5876 0.059
HVC5878 0.046
HVC5882 0.046
HVC5884 0.045
HVC5885 0.045
HVC5886 0.05
HVC5890 0.045
HVC5892 0.048
HVC5894 0.045
HVC5895 0.045
HVC5896 0.045
HVC5898 0.031
HVC5926 0.045
HVC5949 0.046
HVC5953 0.046
HVC5962 0.046
HVC5963 0.044
HVC5973 0.042
HVC5974 0.045
HVC5976 0.045
HVC5977 0.046
HVC5978 0.045
HVC5979 0.045
HVC5980 0.048
HVC5981 0.046
HVC5983 0.046
HVC5988 0.04
HVC5989 0.039
HVC5992 0.046
HVC5993 0.045
HVC5994 0.045
HVC5995 0.046
HVC5996 0.045
HVC5997 0.03
HVC5999 0.045
HVC6000 0.044
HVC6004 0.045
HVC6005 0.045
HVC6008 0.045
HVC6011 0.045
HVC6012 0.045
HVC6016 0.046
HVC6025 0.045
HVC6027 0.014
HVC6028 0.045
HVC6031 0.046
HVC6032 0.046
HVC6035 0.046
HVC6037 0.046
HVC6038 0.045
HVC6039 0.046
HVC6040 0.045
HVC6042 0.045
HVC6044 0.046
HVC6046 0.046
HVC6047 0.046
HVC6048 0.046
HVC6049 0.046
HVC6057 0.046
HVC6059 0.042
HVC6062 0.045
HVC6063 0.046
HVC6065 0.046
HVC6067 0.046
HVC6071 0.046
HVC6072 0.045
HVC6073 0.039
HVC6074 0.045
HVC6079 0.046
HVC6080 0.046
HVC6082 0.045
HVC6083 0.045
HVC6088 0.048
HVC6089 0.046
HVC6090 0.045
HVC6092 0.046
HVC6096 0.045
HVC6103 0.046
HVC6104 0.046
HVC6107 0.042
HVC6108 0.047
HVC6109 0.012
HVC6110 0.046
HVC6121 0.045
HVC6122 0.044
HVC6124 0.045
HVC6127 0.031
HVC6129 0.045
HVC6130 0.045
HVC6132 0.047
HVC6133 0.045
HVC6134 0.045
HVC6139 0.045
HVC6141 0.045
HVC6145 0.043
HVC6146 0.045
HVC6148 0.046
HVC6149 0.045
HVC6151 0.012
HVC6155 0.045
HVC6157 0.045
HVC6158 0.031
HVC6159 0.046
HVC6160 0.046
HVC6162 0.045
HVC6165 0.045
HVC6166 0.046
HVC6167 0.046
HVC6169 0.046
HVC6175 0.044
HVC6176 0.05
HVC6178 0.034
HVC6183 0.045
HVC6184 0.044
HVC6185 0.014
HVC6188 0.045
HVC6189 0.045
HVC6196 0.045
HVC6198 0.045
HVC6199 0.045
HVC6201 0.045
HVC6202 0.05
HVC6208 0.045
HVC6210 0.046
HVC6214 0.029
HVC6217 0.046
HVC6218 0.044
HVC6219 0.029
HVC6223 0.02
HVC6224 0.045
HVC6226 0.041
HVC6228 0.02
HVC6230 0.043
HVC6231 0.045
HVC6232 0.036
HVC6233 0.046
HVC6235 0.046
HVC6239 0.046
HVC6241 0.045
HVC6242 0.045
HVC6244 0.045
HVC6245 0.045
