HVC286 0.026
HVC288 0.024
HVC314 0.024
HVC326 0.026
HVC328 0.024
HVC332 0.035
HVC333 0.016
HVC356 0.024
HVC443 0.014
HVC468 0.016
HVC472 0.024
HVC476 0.026
HVC477 0.026
HVC479 0.108
HVC480 0.026
HVC481 0.022
HVC505 0.025
HVC516 0.027
HVC522 0.026
HVC633 0.028
HVC657 0.028
HVC675 0.029
HVC677 0.03
HVC680 0.021
HVC709 0.024
HVC713 0.023
HVC716 0.025
HVC717 0.025
HVC720 0.019
HVC721 0.027
HVC728 0.031
HVC729 0.008
HVC731 0.086
HVC736 0.016
HVC739 0.027
HVC741 0.027
HVC745 0.025
HVC755 0.024
HVC788 0.019
HVC855 0.024
HVC857 0.019
HVC871 0.024
HVC872 0.045
HVC883 0.027
HVC887 0.027
HVC919 0.023
HVC921 0.026
HVC961 0.035
HVC1035 0.021
HVC1037 0.106
HVC1039 0.074
HVC1063 0.014
HVC1064 0.009
HVC1069 0.022
HVC1076 0.027
HVC1079 0.029
HVC1082 0.025
HVC1083 0.026
HVC1086 0.026
HVC1088 0.027
HVC1105 0.307
HVC1107 0.025
HVC1112 0.022
HVC1118 0.027
HVC1120 0.019
HVC1124 0.009
HVC1125 0.022
HVC1127 0.018
HVC1132 0.026
HVC1133 0.026
HVC1135 0.025
HVC1136 0.024
HVC1138 0.024
HVC1141 0.046
HVC1142 0.023
HVC1143 0.025
HVC1144 0.022
HVC1151 0.024
HVC1152 0.018
HVC1153 0.024
HVC1154 0.023
HVC1155 0.025
HVC1158 0.022
HVC1160 0.011
HVC1161 0.027
HVC1162 0.029
HVC1168 0.021
HVC1191 0.026
HVC1209 0.023
HVC1228 0.034
HVC1229 0.033
HVC1230 0.024
HVC1231 0.03
HVC1232 0.019
HVC1233 0.022
HVC1238 0.026
HVC1242 0.025
HVC1246 0.026
HVC1247 0.026
HVC1258 0.018
HVC1259 0.021
HVC1266 0.024
HVC1268 0.001
HVC1269 0.463
HVC1279 0.463
HVC1281 0.03
HVC1282 0.463
HVC1316 0.022
HVC1340 0.021
HVC1345 0.011
HVC1350 0.017
HVC1379 0.026
HVC1410 0.025
HVC1411 0.058
HVC1412 0.026
HVC1414 0.023
HVC1415 0.027
HVC1416 0.024
HVC1417 0.02
HVC1419 0.038
HVC1422 0.028
HVC1425 0.026
HVC1433 0.027
HVC1436 0.026
HVC1437 0.027
HVC1443 0.027
HVC1555 0.024
HVC1556 0.033
HVC1557 0.026
HVC1563 0.026
HVC1567 0.025
HVC1568 0.026
HVC1579 0.019
HVC1582 0.026
HVC1590 0.025
HVC1600 0.024
HVC1605 0.026
HVC1609 0.026
HVC1610 0.026
HVC1612 0.025
HVC1613 0.026
HVC1615 0.027
HVC1620 0.025
HVC1622 0.027
HVC1637 0.025
HVC1639 0.025
HVC1640 0.025
HVC1646 0.025
HVC1667 0.026
HVC1673 0.023
HVC1681 0.026
HVC1684 0.024
HVC1722 0.09
HVC1724 0.026
HVC1726 0.024
HVC1728 0.025
HVC1729 0.027
HVC1731 0.027
HVC1734 0.027
HVC1742 0.024
HVC1764 0.026
HVC1765 0.04
HVC1769 0.026
HVC1777 0.025
HVC1778 0.026
HVC1779 0.027
HVC1783 0.026
HVC1789 0.079
HVC1792 0.025
HVC1808 0.024
HVC1817 0.027
HVC1819 0.025
HVC1824 0.027
HVC1825 0.028
HVC1828 0.025
HVC1831 0.026
HVC1832 0.014
HVC1834 0.154
HVC1835 0.027
HVC1836 0.045
HVC1840 0.399
HVC1842 0.026
HVC1844 0.027
HVC1845 0.025
HVC1848 0.019
HVC1849 0.024
HVC1850 0.027
HVC1851 0.021
HVC1852 0.026
HVC1854 0.009
HVC1860 0.027
HVC1864 0.022
HVC1865 0.028
HVC1866 0.027
HVC1868 0.026
HVC1872 0.026
HVC1873 0.027
HVC1883 0.052
HVC1887 0.463
HVC1889 0.019
HVC1897 0.028
HVC1898 0.025
HVC1900 0.027
HVC1902 0.016
HVC1907 0.019
HVC1908 0.023
HVC1910 0.017
HVC1938 0.025
HVC1939 0.5
HVC1944 0.026
HVC1945 0.023
HVC1946 0.027
HVC1948 0.027
HVC1950 0.026
HVC1952 0.026
HVC1955 0.022
HVC1957 0.025
HVC1963 0.019
HVC1968 0.024
HVC1971 0.024
HVC1972 0.015
HVC1979 0.024
HVC1980 0.029
HVC1986 0.463
HVC1992 0.027
HVC1995 0.022
HVC2004 0.021
HVC2010 0.021
HVC2018 0.022
HVC2021 0.018
HVC2062 0.02
HVC2065 0.025
HVC2069 0.025
HVC2071 0.033
HVC2079 0.026
HVC2096 0.028
HVC2132 0.024
HVC2135 0.025
HVC2140 0.026
HVC2143 0.025
HVC2147 0.024
HVC2153 0.026
HVC2157 0.023
HVC2158 0.028
HVC2194 0.025
HVC2195 0.034
HVC2196 0.032
HVC2199 0.019
HVC2209 0.041
HVC2219 0.463
HVC2222 0.026
HVC2224 0.025
HVC2225 0.026
HVC2228 0.022
HVC2229 0.024
HVC2233 0.024
HVC2237 0.011
HVC2239 0.017
HVC2248 0.024
HVC2255 0.019
HVC2259 0.034
HVC2267 0.031
HVC2272 0.01
HVC2279 0.03
HVC2289 0.025
HVC2293 0.027
HVC2297 0.025
HVC2298 0.023
HVC2301 0.024
HVC2304 0.036
HVC2306 0.022
HVC2311 0.016
HVC2313 0.029
HVC2317 0.021
HVC2321 0.021
HVC2335 0.026
HVC2352 0.027
HVC2361 0.463
HVC2371 0.029
HVC2375 0.029
HVC2380 0.027
HVC2387 0.008
HVC2390 0.031
HVC2392 0.027
HVC2393 0.022
HVC2399 0.01
HVC2404 0.022
HVC2405 0.011
HVC2409 0.026
HVC2411 0.023
HVC2412 0.026
HVC2415 0.024
HVC2419 0.038
HVC2420 0.463
HVC2422 0.024
HVC2446 0.022
HVC2448 0.018
HVC2496 0.018
HVC2504 0.017
HVC2508 0.025
HVC2521 0.025
HVC2522 0.023
HVC2523 0.026
HVC2526 0.022
HVC2528 0.027
HVC2529 0.025
HVC2532 0.026
HVC2550 0.025
HVC2552 0.035
HVC2553 0.027
HVC2557 0.008
HVC2562 0.039
HVC2566 0.027
HVC2571 0.027
HVC2573 0.018
HVC2574 0.012
HVC2575 0.023
HVC2580 0.002
HVC2584 0.009
HVC2588 0.028
HVC2595 0.021
HVC2599 0.027
HVC2601 0.031
HVC2602 0.032
HVC2604 0.018
HVC2606 0.019
HVC2607 0.018
HVC2608 0.027
HVC2609 0.057
HVC2610 0.027
HVC2615 0.027
HVC2616 0.026
HVC2617 0.027
HVC2618 0.025
HVC2622 0.026
HVC2635 0.028
HVC2639 0.023
HVC2647 0.042
HVC2649 0.006
HVC2650 0.028
HVC2655 0.024
HVC2657 0.008
HVC2658 0.009
HVC2667 0.02
HVC2669 0.02
HVC2674 0.022
HVC2675 0.026
HVC2677 0.031
HVC2682 0.026
HVC2685 0.026
HVC2687 0.026
HVC2691 0.031
HVC2698 0.027
HVC2702 0.022
HVC2703 0.026
HVC2705 0.023
HVC2707 0.02
HVC2710 0.028
HVC2711 0.025
HVC2713 0.021
HVC2714 0.463
HVC2715 0.024
HVC2716 0.049
HVC2718 0.02
HVC2720 0.028
HVC2721 0.025
HVC2723 0.05
HVC2724 0.038
HVC2728 0.032
HVC2736 0.024
HVC2742 0.033
HVC2749 0.027
HVC2759 0.016
HVC2760 0.016
HVC2762 0.014
HVC2768 0.024
HVC2769 0.03
HVC2780 0.463
HVC2782 0.018
HVC2786 0.02
HVC2789 0.028
HVC2791 0.022
HVC2807 0.028
HVC2809 0.463
HVC2810 0.02
HVC2812 0.025
HVC2814 0.024
HVC2818 0.021
HVC2825 0.027
HVC2828 0.029
HVC2832 0.022
HVC2834 0.027
HVC2835 0.015
HVC2836 0.021
HVC2837 0.025
HVC2838 0.035
HVC2839 0.029
HVC2840 0.018
HVC2842 0.028
HVC2846 0.026
HVC2848 0.025
HVC2856 0.021
HVC2857 0.021
HVC2858 0.027
HVC3002 0.024
HVC3006 0.025
HVC3007 0.027
HVC3012 0.032
HVC3013 0.021
HVC3014 0.037
HVC3015 0.017
HVC3016 0.022
HVC3017 0.027
HVC3019 0.029
HVC3020 0.036
HVC3021 0.021
HVC3022 0.019
HVC3024 0.024
HVC3025 0.022
HVC3027 0.017
HVC3031 0.022
HVC3032 0.061
HVC3034 0.026
HVC3071 0.019
HVC3072 0.036
HVC3077 0.02
HVC3078 0.052
HVC3081 0.026
HVC3082 0.025
HVC3097 0.022
HVC3099 0.025
HVC3100 0.021
HVC3107 0.025
HVC3113 0.027
HVC3114 0.029
HVC3116 0.02
HVC3117 0.023
HVC3118 0.023
HVC3119 0.026
HVC3123 0.027
HVC3124 0.024
HVC3126 0.026
HVC3129 0.029
HVC3131 0.026
HVC3132 0.023
HVC3135 0.027
HVC3136 0.017
HVC3137 0.023
HVC3143 0.022
HVC3148 0.05
HVC3154 0.022
HVC3155 0.016
HVC3157 0.021
HVC3160 0.025
HVC3161 0.463
HVC3162 0.041
HVC3168 0.023
HVC3169 0.032
HVC3170 0.013
HVC3171 0.026
HVC3173 0.024
HVC3174 0.025
HVC3180 0.027
HVC3183 0.03
HVC3184 0.017
HVC3185 0.025
HVC3187 0.025
HVC3189 0.026
HVC3190 0.024
HVC3196 0.027
HVC3199 0.027
HVC3204 0.025
HVC3205 0.029
HVC3209 0.118
HVC3210 0.03
HVC3211 0.022
HVC3212 0.025
HVC3217 0.026
HVC3218 0.026
HVC3223 0.02
HVC3254 0.04
HVC3259 0.026
HVC3261 0.008
HVC3262 0.021
HVC3264 0.024
HVC3265 0.025
HVC3266 0.025
HVC3267 0.022
HVC3268 0.023
HVC3269 0.023
HVC3270 0.024
HVC3271 0.024
HVC3280 0.026
HVC3285 0.025
HVC3287 0.028
HVC3296 0.025
HVC3297 0.015
HVC3300 0.001
HVC3302 0.025
HVC3304 0.027
HVC3307 0.025
HVC3308 0.035
HVC3311 0.022
HVC3313 0.034
HVC3314 0.026
HVC3315 0.027
HVC3320 0.014
HVC3321 0.027
HVC3323 0.017
HVC3329 0.027
HVC3332 0.033
HVC3333 0.026
HVC3334 0.028
HVC3336 0.025
HVC3337 0.05
HVC3338 0.105
HVC3348 0.021
HVC3349 0.027
HVC3353 0.02
HVC3371 0.033
HVC3372 0.023
HVC3373 0.024
HVC3400 0.026
HVC3410 0.038
HVC3414 0.463
HVC3416 0.037
HVC3419 0.463
HVC3422 0.463
HVC3424 0.034
HVC3429 0.021
HVC3432 0.027
HVC3492 0.023
HVC3493 0.049
HVC3495 0.026
HVC3496 0.024
HVC3499 0.032
HVC3503 0.015
HVC3507 0.463
HVC3512 0.041
HVC3516 0.026
HVC3517 0.023
HVC3521 0.027
HVC3522 0.093
HVC3523 0.008
HVC3524 0.025
HVC3526 0.021
HVC3535 0.463
HVC3537 0.021
HVC3540 0.036
HVC3541 0.027
HVC3542 0.027
HVC3545 0.025
HVC3550 0.463
HVC3551 0.024
HVC3556 0.017
HVC3557 0.026
HVC3558 0.026
HVC3560 0.026
HVC3564 0.016
HVC3571 0.025
HVC3572 0.028
HVC3573 0.026
HVC3577 0.02
HVC3583 0.024
HVC3584 0.024
HVC3587 0.027
HVC3589 0.009
HVC3591 0.026
HVC3592 0.014
HVC3593 0.017
HVC3596 0.026
HVC3598 0.029
HVC3621 0.024
HVC3639 0.027
HVC3644 0.017
HVC3645 0.022
HVC3647 0.017
HVC3648 0.463
HVC3649 0.021
HVC3652 0.021
HVC3654 0.028
HVC3657 0.027
HVC3661 0.463
HVC3662 0.025
HVC3664 0.016
HVC3667 0.463
HVC3669 0.025
HVC3686 0.027
HVC3688 0.022
HVC3689 0.026
HVC3690 0.025
HVC3691 0.025
HVC3692 0.017
HVC3697 0.026
HVC3698 0.028
HVC3700 0.027
HVC3701 0.024
HVC3704 0.013
HVC3705 0.023
HVC3710 0.023
HVC3712 0.026
HVC3714 0.022
HVC3719 0.023
HVC3722 0.023
HVC3724 0.025
HVC3738 0.026
HVC3741 0.028
HVC3744 0.022
HVC3746 0.026
HVC3748 0.026
HVC3754 0.027
HVC3756 0.027
HVC3757 0.034
HVC3763 0.024
HVC3765 0.016
HVC3771 0.027
HVC3777 0.027
HVC3782 0.022
HVC3786 0.024
HVC3787 0.025
HVC3794 0.025
HVC3796 0.025
HVC3798 0.038
HVC3799 0.023
HVC3800 0.027
HVC3802 0.027
HVC3803 0.024
HVC3804 0.032
HVC3805 0.029
HVC3808 0.024
HVC3809 0.013
HVC3811 0.025
HVC3812 0.027
HVC3814 0.023
HVC3821 0.027
HVC3822 0.027
HVC3835 0.047
HVC3837 0.03
HVC3841 0.026
HVC3842 0.045
HVC3843 0.021
HVC3845 0.026
HVC3846 0.025
HVC3848 0.024
HVC3852 0.03
HVC3855 0.046
HVC3856 0.027
HVC3859 0.031
HVC3860 0.026
HVC3861 0.021
HVC3865 0.021
HVC3866 0.023
HVC3871 0.025
HVC3876 0.025
HVC3877 0.039
HVC3880 0.028
HVC3881 0.027
HVC3888 0.028
HVC3889 0.027
HVC3891 0.028
HVC3897 0.019
HVC3898 0.027
HVC3900 0.024
HVC3901 0.026
HVC3907 0.031
HVC3908 0.027
HVC3912 0.025
HVC3916 0.026
HVC3919 0.023
HVC3920 0.02
HVC3925 0.022
HVC3926 0.018
HVC3931 0.034
HVC3933 0.028
HVC3935 0.032
HVC3936 0.042
HVC3937 0.029
HVC3938 0.022
HVC3941 0.023
HVC3942 0.134
HVC3943 0.031
HVC3952 0.009
HVC3956 0.025
HVC3962 0.025
HVC3965 0.036
HVC3968 0.025
HVC3970 0.028
HVC3988 0.026
HVC3990 0.026
HVC3992 0.463
HVC3994 0.027
HVC3995 0.025
HVC3996 0.026
HVC3999 0.024
HVC4003 0.034
HVC4004 0.021
HVC4021 0.022
HVC4022 0.021
HVC4025 0.019
HVC4026 0.027
HVC4032 0.462
HVC4042 0.028
HVC4043 0.021
HVC4044 0.025
HVC4045 0.025
HVC4046 0.03
HVC4047 0.018
HVC4051 0.022
HVC4052 0.03
HVC4055 0.027
HVC4056 0.03
HVC4057 0.025
HVC4066 0.024
HVC4068 0.025
HVC4070 0.024
HVC4073 0.029
HVC4074 0.016
HVC4099 0.008
HVC4104 0.034
HVC4106 0.03
HVC4107 0.025
HVC4108 0.037
HVC4109 0.026
HVC4110 0.022
HVC4111 0.022
HVC4112 0.026
HVC4114 0.024
HVC4115 0.067
HVC4116 0.026
HVC4117 0.019
HVC4119 0.026
HVC4121 0.018
HVC4122 0.021
HVC4123 0.025
HVC4124 0.012
HVC4125 0.025
HVC4126 0.027
HVC4127 0.026
HVC4128 0.008
HVC4129 0.027
HVC4130 0.024
HVC4131 0.027
HVC4132 0.026
HVC4134 0.023
HVC4135 0.025
HVC4136 0.027
HVC4137 0.025
HVC4138 0.021
HVC4140 0.02
HVC4141 0.024
HVC4142 0.026
HVC4143 0.027
HVC4144 0.026
HVC4147 0.014
HVC4149 0.021
HVC4151 0.027
HVC4152 0.027
HVC4153 0.026
HVC4163 0.031
HVC4170 0.025
HVC4171 0.025
HVC4173 0.024
HVC4175 0.025
HVC4178 0.463
HVC4185 0.463
HVC4189 0.008
HVC4194 0.028
HVC4197 0.027
HVC4201 0.02
HVC4203 0.02
HVC4205 0.024
HVC4209 0.021
HVC4218 0.02
HVC4219 0.036
HVC4220 0.021
HVC4223 0.024
HVC4230 0.015
HVC4232 0.035
HVC4233 0.026
HVC4234 0.026
HVC4239 0.463
HVC4241 0.025
HVC4243 0.019
HVC4246 0.029
HVC4248 0.025
HVC4258 0.02
HVC4261 0.023
HVC4262 0.021
HVC4267 0.022
HVC4268 0.03
HVC4270 0.026
HVC4271 0.027
HVC4273 0.025
HVC4275 0.025
HVC4278 0.027
HVC4283 0.026
HVC4288 0.022
HVC4295 0.026
HVC4307 0.016
HVC4309 0.024
HVC4319 0.026
HVC4321 0.026
HVC4323 0.02
HVC4324 0.025
HVC4325 0.008
HVC4326 0.028
HVC4330 0.024
HVC4333 0.463
HVC4335 0.033
HVC4343 0.021
HVC4350 0.026
HVC4351 0.021
HVC4352 0.023
HVC4355 0.025
HVC4356 0.026
HVC4362 0.025
HVC4363 0.019
HVC4364 0.027
HVC4366 0.047
HVC4368 0.016
HVC4371 0.463
HVC4374 0.026
HVC4375 0.019
HVC4377 0.039
HVC4381 0.025
HVC4387 0.035
HVC4392 0.018
HVC4394 0.032
HVC4395 0.024
HVC4397 0.027
HVC4398 0.015
HVC4399 0.029
HVC4400 0.021
HVC4402 0.024
HVC4406 0.463
HVC4407 0.025
HVC4410 0.024
HVC4411 0.027
HVC4417 0.032
HVC4419 0.031
HVC4422 0.024
HVC4423 0.026
HVC4425 0.024
HVC4428 0.051
HVC4430 0.047
HVC4432 0.017
HVC4433 0.032
HVC4434 0.027
HVC4435 0.024
HVC4444 0.021
HVC4445 0.024
HVC4446 0.034
HVC4447 0.028
HVC4472 0.022
HVC4474 0.022
HVC4475 0.027
HVC4476 0.053
HVC532 0.038
HVC535 0.03
HVC624 0.027
HVC725 0.011
HVC893 0.03
HVC918 0.023
HVC1094 0.026
HVC1163 0.072
HVC1270 0.026
HVC1322 0.062
HVC1413 0.029
HVC1643 0.022
HVC1875 0.034
HVC1912 0.025
HVC1934 0.024
HVC1935 0.022
HVC1983 0.026
HVC1985 0.026
HVC2015 0.019
HVC2019 0.03
HVC2027 0.022
HVC2044 0.025
HVC2045 0.024
HVC2051 0.026
HVC2054 0.026
HVC2067 0.025
HVC2080 0.022
HVC2084 0.026
HVC2099 0.025
HVC2101 0.023
HVC2119 0.026
HVC2131 0.025
HVC2141 0.026
HVC2151 0.025
HVC2156 0.027
HVC2160 0.026
HVC2201 0.026
HVC2203 0.027
HVC2206 0.026
HVC2207 0.025
HVC2210 0.027
HVC2217 0.026
HVC2231 0.008
HVC2261 0.013
HVC2275 0.013
HVC2276 0.463
HVC2285 0.021
HVC2286 0.008
HVC2300 0.026
HVC2310 0.016
HVC2314 0.023
HVC2338 0.026
HVC2339 0.026
HVC2345 0.026
HVC2394 0.023
HVC2398 0.032
HVC2421 0.027
HVC2427 0.03
HVC2429 0.027
HVC2436 0.027
HVC2438 0.022
HVC2459 0.019
HVC2489 0.027
HVC2492 0.03
HVC2502 0.029
HVC2514 0.068
HVC2524 0.027
HVC2548 0.024
HVC2586 0.023
HVC2587 0.027
HVC2590 0.022
HVC2612 0.025
HVC2613 0.027
HVC2624 0.027
HVC2627 0.02
HVC2708 0.026
HVC2719 0.032
HVC2730 0.028
HVC2735 0.024
HVC2739 0.026
HVC2740 0.017
HVC2802 0.026
HVC2805 0.027
HVC3087 0.026
HVC3090 0.016
HVC3091 0.025
HVC3092 0.027
HVC3095 0.031
HVC3103 0.019
HVC3106 0.02
HVC3110 0.069
HVC3111 0.022
HVC3277 0.026
HVC3279 0.026
HVC3288 0.027
HVC3289 0.023
HVC3292 0.026
HVC3293 0.026
HVC3295 0.025
HVC3335 0.026
HVC3358 0.019
HVC3449 0.026
HVC3510 0.027
HVC3513 0.029
HVC3590 0.026
HVC3605 0.024
HVC3971 0.026
HVC3977 0.028
HVC4054 0.025
HVC4061 0.03
HVC4065 0.027
HVC4071 0.03
HVC4072 0.027
HVC4082 0.027
HVC4084 0.027
HVC4085 0.027
HVC4086 0.025
HVC4087 0.027
HVC4088 0.022
HVC4089 0.026
HVC4091 0.025
HVC4093 0.026
HVC4100 0.025
HVC4101 0.025
HVC4102 0.027
HVC4155 0.027
HVC4157 0.026
HVC4159 0.023
HVC4160 0.026
HVC4177 0.025
HVC4251 0.026
HVC4305 0.026
HVC4359 0.024
HVC4373 0.026
HVC4390 0.018
HVC4437 0.025
HVC4441 0.026
HVC4450 0.022
HVC4451 0.027
HVC4453 0.463
HVC4454 0.052
HVC4456 0.026
HVC4457 0.035
HVC4458 0.026
HVC4459 0.025
HVC4460 0.026
HVC4461 0.027
HVC4463 0.026
HVC4464 0.026
HVC4465 0.026
HVC4466 0.027
HVC4467 0.009
HVC4468 0.023
HVC4478 0.027
HVC4479 0.014
HVC4481 0.027
HVC4484 0.025
HVC4486 0.024
HVC4487 0.027
HVC4489 0.024
HVC4490 0.023
HVC4494 0.026
HVC4498 0.023
HVC4499 0.019
HVC4508 0.016
HVC4511 0.026
HVC4518 0.025
HVC4519 0.029
HVC4528 0.027
HVC4529 0.015
HVC4530 0.023
HVC4536 0.032
HVC4537 0.026
HVC4539 0.026
HVC4545 0.025
HVC4546 0.025
HVC4548 0.023
HVC4550 0.022
HVC4552 0.023
HVC4558 0.024
HVC4559 0.025
HVC4561 0.024
HVC4567 0.021
HVC4570 0.026
HVC4571 0.025
HVC4574 0.019
HVC4583 0.025
HVC4587 0.015
HVC4589 0.021
HVC4590 0.028
HVC4592 0.04
HVC4599 0.028
HVC4600 0.024
HVC4602 0.025
HVC4606 0.028
HVC4608 0.026
HVC4609 0.023
HVC4610 0.022
HVC4617 0.022
HVC4618 0.027
HVC4619 0.026
HVC4620 0.025
HVC4625 0.022
HVC4626 0.026
HVC4627 0.021
HVC4629 0.021
HVC4630 0.024
HVC4642 0.024
HVC4643 0.026
HVC4644 0.021
HVC4645 0.026
HVC4647 0.025
HVC4648 0.025
HVC4653 0.014
HVC4654 0.025
HVC4655 0.02
HVC4656 0.023
HVC4659 0.022
HVC4661 0.018
HVC4664 0.024
HVC4665 0.023
HVC4671 0.019
HVC4673 0.02
HVC4674 0.026
HVC4675 0.027
HVC4681 0.025
HVC4682 0.028
HVC4685 0.025
HVC4687 0.025
HVC4688 0.03
HVC4692 0.027
HVC4704 0.024
HVC4706 0.027
HVC4707 0.024
HVC4710 0.024
HVC4712 0.02
HVC4715 0.026
HVC4716 0.026
HVC4719 0.025
HVC4721 0.025
HVC4724 0.026
HVC4725 0.025
HVC4733 0.027
HVC4734 0.023
HVC4738 0.02
HVC4739 0.027
HVC4740 0.024
HVC4744 0.026
HVC4747 0.023
HVC4749 0.024
HVC4751 0.022
HVC4752 0.022
HVC4753 0.042
HVC4759 0.019
HVC4760 0.02
HVC4761 0.02
HVC4762 0.025
HVC4764 0.027
HVC4765 0.029
HVC4766 0.029
HVC4776 0.02
HVC4777 0.024
HVC4779 0.024
HVC4780 0.018
HVC4783 0.028
HVC4786 0.04
HVC4791 0.027
HVC4792 0.025
HVC4797 0.023
HVC4798 0.024
HVC4800 0.014
HVC4802 0.02
HVC4805 0.024
HVC4807 0.022
HVC4808 0.024
HVC4809 0.027
HVC4810 0.017
HVC4811 0.025
HVC4812 0.035
HVC4814 0.025
HVC4816 0.056
HVC4817 0.028
HVC4824 0.026
HVC4829 0.025
HVC4830 0.463
HVC4836 0.026
HVC4837 0.025
HVC4840 0.025
HVC4841 0.025
HVC4842 0.026
HVC4851 0.018
HVC4853 0.018
HVC4858 0.026
HVC4866 0.169
HVC4868 0.019
HVC4869 0.027
HVC4872 0.019
HVC4873 0.02
HVC4874 0.027
HVC4875 0.018
HVC4876 0.463
HVC4878 0.463
HVC4879 0.015
HVC4880 0.021
HVC4883 0.02
HVC4884 0.024
HVC4885 0.023
HVC4888 0.026
HVC4890 0.035
HVC4891 0.03
HVC4892 0.053
HVC4893 0.023
HVC4894 0.041
HVC4895 0.016
HVC4896 0.017
HVC4898 0.026
HVC4899 0.463
HVC4901 0.062
HVC4908 0.017
HVC4909 0.024
HVC4910 0.024
HVC4912 0.027
HVC4915 0.027
HVC4916 0.022
HVC4918 0.028
HVC4920 0.045
HVC4923 0.035
HVC4924 0.025
HVC4926 0.027
HVC4928 0.022
HVC4929 0.024
HVC4933 0.049
HVC4936 0.022
HVC4937 0.019
HVC4938 0.026
HVC4939 0.026
HVC4940 0.026
HVC4945 0.063
HVC4947 0.027
HVC4948 0.028
HVC4949 0.025
HVC4951 0.002
HVC4952 0.025
HVC4956 0.026
HVC4957 0.463
HVC4959 0.027
HVC4964 0.028
HVC4965 0.022
HVC4967 0.022
HVC4969 0.026
HVC4971 0.027
HVC4975 0.015
HVC4976 0.026
HVC4986 0.027
HVC4987 0.027
HVC4996 0.027
HVC4998 0.024
HVC4999 0.026
HVC5001 0.025
HVC5002 0.026
HVC5003 0.022
HVC5004 0.069
HVC5007 0.023
HVC5008 0.028
HVC5014 0.026
HVC5015 0.023
HVC5016 0.027
HVC5020 0.012
HVC5021 0.027
HVC5022 0.024
HVC5026 0.027
HVC5039 0.021
HVC5040 0.022
HVC5041 0.03
HVC5042 0.025
HVC5044 0.007
HVC5105 0.03
HVC5109 0.026
HVC5110 0.024
HVC5111 0.031
HVC5114 0.024
HVC5115 0.02
HVC5119 0.026
HVC5120 0.025
HVC5121 0.023
HVC5122 0.02
HVC5123 0.03
HVC5124 0.039
HVC5127 0.028
HVC5129 0.023
HVC5130 0.026
HVC5133 0.022
HVC5135 0.027
HVC5137 0.019
HVC5138 0.025
HVC5139 0.024
HVC5140 0.03
HVC5144 0.019
HVC5145 0.039
HVC5147 0.02
HVC5148 0.112
HVC5150 0.021
HVC5151 0.022
HVC5153 0.02
HVC5155 0.023
HVC5156 0.018
HVC5159 0.018
HVC5161 0.02
HVC5162 0.025
HVC5163 0.021
HVC5165 0.02
HVC5166 0.023
HVC5167 0.023
HVC5168 0.036
HVC5175 0.023
HVC5176 0.026
HVC5177 0.026
HVC5178 0.025
HVC5180 0.025
HVC5181 0.027
HVC5182 0.029
HVC5184 0.024
HVC5185 0.028
HVC5187 0.025
HVC5191 0.03
HVC5200 0.026
HVC5206 0.023
HVC5207 0.027
HVC5208 0.218
HVC5209 0.032
HVC5211 0.02
HVC5212 0.026
HVC5215 0.025
HVC5216 0.027
HVC5217 0.029
HVC5220 0.026
HVC5223 0.026
HVC5225 0.024
HVC5227 0.024
HVC5230 0.031
HVC5231 0.026
HVC5235 0.023
HVC5239 0.026
HVC5240 0.027
HVC5242 0.026
HVC5246 0.01
HVC5248 0.057
HVC5251 0.036
HVC5252 0.029
HVC5253 0.022
HVC5257 0.022
HVC5262 0.025
HVC5263 0.026
HVC5265 0.028
HVC5266 0.029
HVC5272 0.023
HVC5273 0.072
HVC5274 0.463
HVC5276 0.021
HVC5277 0.025
HVC5278 0.026
HVC5281 0.027
HVC5285 0.025
HVC5289 0.027
HVC5290 0.028
HVC5291 0.026
HVC5292 0.017
HVC5294 0.463
HVC5299 0.027
HVC5301 0.027
HVC5302 0.026
HVC5304 0.024
HVC5380 0.026
HVC5389 0.026
HVC5390 0.027
HVC5391 0.027
HVC5395 0.025
HVC5396 0.02
HVC5398 0.01
HVC5399 0.024
HVC5400 0.021
HVC5402 0.025
HVC5403 0.022
HVC5404 0.025
HVC5405 0.022
HVC5408 0.022
HVC5410 0.025
HVC5411 0.026
HVC5421 0.028
HVC5422 0.025
HVC5423 0.024
HVC5425 0.02
HVC5427 0.024
HVC5428 0.022
HVC5429 0.027
HVC5430 0.03
HVC5434 0.015
HVC5435 0.026
HVC5436 0.029
HVC5437 0.042
HVC5438 0.024
HVC5439 0.026
HVC5440 0.032
HVC5442 0.026
HVC5445 0.028
HVC5446 0.015
HVC5447 0.025
HVC5448 0.026
HVC5451 0.024
HVC5453 0.026
HVC5466 0.03
HVC5467 0.026
HVC5470 0.026
HVC5471 0.004
HVC5476 0.055
HVC5484 0.026
HVC5486 0.026
HVC5487 0.026
HVC5488 0.02
HVC5489 0.025
HVC5490 0.021
HVC5492 0.024
HVC5495 0.024
HVC5500 0.027
HVC5504 0.022
HVC5508 0.026
HVC5509 0.025
HVC5510 0.027
HVC5512 0.025
HVC5515 0.027
HVC5517 0.029
HVC5519 0.026
HVC5522 0.021
HVC5523 0.025
HVC5524 0.026
HVC5526 0.007
HVC5527 0.026
HVC5528 0.027
HVC5530 0.024
HVC5531 0.026
HVC5535 0.025
HVC5536 0.013
HVC5546 0.026
HVC5547 0.036
HVC5554 0.037
HVC5555 0.021
HVC5557 0.027
HVC5559 0.031
HVC5560 0.022
HVC5561 0.025
HVC5562 0.026
HVC5563 0.027
HVC5564 0.021
HVC5565 0.027
HVC5572 0.025
HVC5574 0.022
HVC5575 0.033
HVC5576 0.028
HVC5577 0.026
HVC5579 0.021
HVC5584 0.026
HVC5585 0.027
HVC5587 0.023
HVC5592 0.018
HVC5593 0.043
HVC5595 0.026
HVC5596 0.027
HVC5597 0.02
HVC5598 0.012
HVC5599 0.022
HVC5601 0.027
HVC5602 0.02
HVC5609 0.012
HVC5610 0.463
HVC5611 0.463
HVC5612 0.026
HVC5614 0.028
HVC5618 0.046
HVC5619 0.025
HVC5620 0.026
HVC5625 0.022
HVC5627 0.026
HVC5629 0.024
HVC5634 0.026
HVC5638 0.026
HVC5639 0.027
HVC5643 0.018
HVC5644 0.025
HVC5645 0.027
HVC5647 0.026
HVC5648 0.026
HVC5649 0.027
HVC5651 0.036
HVC5654 0.026
HVC5655 0.026
HVC5659 0.463
HVC5661 0.047
HVC5662 0.023
HVC5663 0.463
HVC5664 0.024
HVC5665 0.028
HVC5666 0.027
HVC5667 0.07
HVC5668 0.019
HVC5673 0.021
HVC5674 0.026
HVC5677 0.023
HVC5684 0.027
HVC5689 0.027
HVC5691 0.025
HVC5692 0.02
HVC5697 0.036
HVC5698 0.026
HVC5699 0.02
HVC5701 0.025
HVC5702 0.027
HVC5712 0.029
HVC5715 0.024
HVC5716 0.023
HVC5718 0.043
HVC5719 0.022
HVC5724 0.024
HVC5725 0.025
HVC5728 0.05
HVC5729 0.029
HVC5730 0.029
HVC5733 0.021
HVC5735 0.018
HVC5736 0.019
HVC5737 0.03
HVC5738 0.027
HVC5740 0.02
HVC5743 0.027
HVC5753 0.026
HVC5754 0.062
HVC5765 0.017
HVC5766 0.026
HVC5768 0.026
HVC5771 0.018
HVC5772 0.047
HVC5774 0.055
HVC5778 0.021
HVC5779 0.023
HVC5781 0.05
HVC5782 0.026
HVC5785 0.025
HVC5786 0.463
HVC5787 0.026
HVC5789 0.022
HVC5790 0.019
HVC5792 0.019
HVC5795 0.022
HVC5800 0.054
HVC5801 0.027
HVC5802 0.021
HVC5805 0.024
HVC5806 0.027
HVC5810 0.027
HVC5811 0.144
HVC5812 0.027
HVC5813 0.027
HVC5815 0.026
HVC5816 0.046
HVC5817 0.026
HVC5818 0.034
HVC5819 0.024
HVC5820 0.035
HVC5824 0.027
HVC5825 0.027
HVC5826 0.026
HVC5830 0.023
HVC5831 0.024
HVC5834 0.023
HVC5836 0.023
HVC5837 0.019
HVC5838 0.024
HVC5841 0.025
HVC5842 0.002
HVC5844 0.025
HVC5847 0.027
HVC5848 0.025
HVC5849 0.026
HVC5850 0.025
HVC5851 0.018
HVC5852 0.024
HVC5853 0.05
HVC5854 0.026
HVC5860 0.025
HVC5861 0.025
HVC5863 0.011
HVC5864 0.463
HVC5865 0.028
HVC5866 0.027
HVC5867 0.027
HVC5869 0.025
HVC5870 0.023
HVC5871 0.031
HVC5873 0.026
HVC5874 0.026
HVC5875 0.023
HVC5876 0.027
HVC5878 0.025
HVC5882 0.016
HVC5884 0.023
HVC5885 0.027
HVC5886 0.026
HVC5890 0.021
HVC5892 0.026
HVC5894 0.025
HVC5895 0.025
HVC5896 0.025
HVC5898 0.025
HVC5926 0.027
HVC5949 0.025
HVC5953 0.026
HVC5962 0.019
HVC5963 0.026
HVC5973 0.025
HVC5974 0.025
HVC5976 0.035
HVC5977 0.025
HVC5978 0.028
HVC5979 0.017
HVC5980 0.024
HVC5981 0.027
HVC5983 0.027
HVC5988 0.027
HVC5989 0.029
HVC5992 0.025
HVC5993 0.026
HVC5994 0.026
HVC5995 0.028
HVC5996 0.027
HVC5997 0.026
HVC5999 0.024
HVC6000 0.007
HVC6004 0.026
HVC6005 0.023
HVC6008 0.025
HVC6011 0.025
HVC6012 0.021
HVC6016 0.02
HVC6025 0.027
HVC6027 0.022
HVC6028 0.026
HVC6031 0.022
HVC6032 0.025
HVC6035 0.027
HVC6037 0.026
HVC6038 0.026
HVC6039 0.025
HVC6040 0.026
HVC6042 0.026
HVC6044 0.022
HVC6046 0.027
HVC6047 0.018
HVC6048 0.018
HVC6049 0.026
HVC6057 0.027
HVC6059 0.03
HVC6062 0.025
HVC6063 0.025
HVC6065 0.025
HVC6067 0.024
HVC6071 0.026
HVC6072 0.025
HVC6073 0.03
HVC6074 0.027
HVC6079 0.04
HVC6080 0.023
HVC6082 0.023
HVC6083 0.026
HVC6088 0.01
HVC6089 0.027
HVC6090 0.463
HVC6092 0.022
HVC6096 0.028
HVC6103 0.025
HVC6104 0.027
HVC6107 0.027
HVC6108 0.024
HVC6109 0.065
HVC6110 0.025
HVC6121 0.019
HVC6122 0.025
HVC6124 0.027
HVC6127 0.023
HVC6129 0.027
HVC6130 0.026
HVC6132 0.02
HVC6133 0.008
HVC6134 0.018
HVC6139 0.021
HVC6141 0.029
HVC6145 0.069
HVC6146 0.027
HVC6148 0.021
HVC6149 0.019
HVC6151 0.026
HVC6155 0.025
HVC6157 0.025
HVC6158 0.02
HVC6159 0.026
HVC6160 0.016
HVC6162 0.463
HVC6165 0.463
HVC6166 0.039
HVC6167 0.016
HVC6169 0.021
HVC6175 0.025
HVC6176 0.025
HVC6178 0.026
HVC6183 0.026
HVC6184 0.026
HVC6185 0.026
HVC6188 0.463
HVC6189 0.003
HVC6196 0.026
HVC6198 0.024
HVC6199 0.024
HVC6201 0.463
HVC6202 0.006
HVC6208 0.026
HVC6210 0.027
HVC6214 0.025
HVC6217 0.03
HVC6218 0.026
HVC6219 0.07
HVC6223 0.026
HVC6224 0.028
HVC6226 0.027
HVC6228 0.033
HVC6230 0.038
HVC6231 0.088
HVC6232 0.027
HVC6233 0.027
HVC6235 0.016
HVC6239 0.031
HVC6241 0.026
HVC6242 0.058
HVC6244 0.019
HVC6245 0.027
