HVC286 0.215
HVC288 0.049
HVC314 0.046
HVC326 0.262
HVC328 0.094
HVC332 0.008
HVC333 0.021
HVC356 0.033
HVC443 0.01
HVC468 0.004
HVC472 0.001
HVC476 0.001
HVC477 0.002
HVC479 0.007
HVC480 0.023
HVC481 0.002
HVC505 0.008
HVC516 0.002
HVC522 0.211
HVC633 0.702
HVC657 0.001
HVC675 0.001
HVC677 0.0
HVC680 0.002
HVC709 0.123
HVC713 0.353
HVC716 0.356
HVC717 0.491
HVC720 0.001
HVC721 0.012
HVC728 0.027
HVC729 0.019
HVC731 0.001
HVC736 0.009
HVC739 0.001
HVC741 0.02
HVC745 0.44
HVC755 0.009
HVC788 0.023
HVC855 0.04
HVC857 0.069
HVC871 0.002
HVC872 0.001
HVC883 0.01
HVC887 0.0
HVC919 0.0
HVC921 0.086
HVC961 0.001
HVC1035 0.007
HVC1037 0.002
HVC1039 0.005
HVC1063 0.005
HVC1064 0.01
HVC1069 0.003
HVC1076 0.018
HVC1079 0.0
HVC1082 0.001
HVC1083 0.0
HVC1086 0.017
HVC1088 0.001
HVC1105 0.0
HVC1107 0.01
HVC1112 0.0
HVC1118 0.009
HVC1120 0.003
HVC1124 0.029
HVC1125 0.014
HVC1127 0.005
HVC1132 0.065
HVC1133 0.0
HVC1135 0.085
HVC1136 0.001
HVC1138 0.0
HVC1141 0.122
HVC1142 0.0
HVC1143 0.0
HVC1144 0.001
HVC1151 0.001
HVC1152 0.001
HVC1153 0.24
HVC1154 0.393
HVC1155 0.03
HVC1158 0.17
HVC1160 0.004
HVC1161 0.0
HVC1162 0.003
HVC1168 0.003
HVC1191 0.009
HVC1209 0.0
HVC1228 0.005
HVC1229 0.003
HVC1230 0.003
HVC1231 0.001
HVC1232 0.004
HVC1233 0.002
HVC1238 0.0
HVC1242 0.0
HVC1246 0.0
HVC1247 0.104
HVC1258 0.002
HVC1259 0.011
HVC1266 0.001
HVC1268 0.0
HVC1269 0.014
HVC1279 0.014
HVC1281 0.002
HVC1282 0.014
HVC1316 0.472
HVC1340 0.003
HVC1345 0.019
HVC1350 0.007
HVC1379 0.006
HVC1410 0.492
HVC1411 0.093
HVC1412 0.418
HVC1414 0.263
HVC1415 0.262
HVC1416 0.542
HVC1417 0.011
HVC1419 0.001
HVC1422 0.012
HVC1425 0.001
HVC1433 0.0
HVC1436 0.0
HVC1437 0.0
HVC1443 0.14
HVC1555 0.51
HVC1556 0.009
HVC1557 0.478
HVC1563 0.241
HVC1567 0.418
HVC1568 0.478
HVC1579 0.013
HVC1582 0.041
HVC1590 0.002
HVC1600 0.043
HVC1605 0.252
HVC1609 0.385
HVC1610 0.517
HVC1612 0.423
HVC1613 0.457
HVC1615 0.167
HVC1620 0.468
HVC1622 0.0
HVC1637 0.454
HVC1639 0.45
HVC1640 0.444
HVC1646 0.433
HVC1667 0.304
HVC1673 0.516
HVC1681 0.001
HVC1684 0.006
HVC1722 0.002
HVC1724 0.003
HVC1726 0.003
HVC1728 0.001
HVC1729 0.0
HVC1731 0.106
HVC1734 0.021
HVC1742 0.002
HVC1764 0.001
HVC1765 0.029
HVC1769 0.085
HVC1777 0.001
HVC1778 0.074
HVC1779 0.011
HVC1783 0.0
HVC1789 0.018
HVC1792 0.001
HVC1808 0.526
HVC1817 0.011
HVC1819 0.002
HVC1824 0.008
HVC1825 0.171
HVC1828 0.074
HVC1831 0.001
HVC1832 0.016
HVC1834 0.195
HVC1835 0.0
HVC1836 0.001
HVC1840 0.001
HVC1842 0.0
HVC1844 0.052
HVC1845 0.0
HVC1848 0.0
HVC1849 0.014
HVC1850 0.0
HVC1851 0.025
HVC1852 0.0
HVC1854 0.02
HVC1860 0.0
HVC1864 0.008
HVC1865 0.0
HVC1866 0.0
HVC1868 0.074
HVC1872 0.0
HVC1873 0.0
HVC1883 0.0
HVC1887 0.014
HVC1889 0.007
HVC1897 0.0
HVC1898 0.001
HVC1900 0.0
HVC1902 0.001
HVC1907 0.0
HVC1908 0.004
HVC1910 0.021
HVC1938 0.084
HVC1939 0.0
HVC1944 0.0
HVC1945 0.01
HVC1946 0.0
HVC1948 0.0
HVC1950 0.0
HVC1952 0.0
HVC1955 0.002
HVC1957 0.016
HVC1963 0.019
HVC1968 0.002
HVC1971 0.003
HVC1972 0.002
HVC1979 0.059
HVC1980 0.007
HVC1986 0.014
HVC1992 0.136
HVC1995 0.427
HVC2004 0.41
HVC2010 0.039
HVC2018 0.111
HVC2021 0.0
HVC2062 0.0
HVC2065 0.0
HVC2069 0.003
HVC2071 0.0
HVC2079 0.0
HVC2096 0.0
HVC2132 0.267
HVC2135 0.471
HVC2140 0.0
HVC2143 0.0
HVC2147 0.539
HVC2153 0.0
HVC2157 0.002
HVC2158 0.038
HVC2194 0.0
HVC2195 0.002
HVC2196 0.017
HVC2199 0.008
HVC2209 0.005
HVC2219 0.014
HVC2222 0.0
HVC2224 0.024
HVC2225 0.039
HVC2228 0.006
HVC2229 0.535
HVC2233 0.005
HVC2237 0.006
HVC2239 0.002
HVC2248 0.001
HVC2255 0.009
HVC2259 0.0
HVC2267 0.053
HVC2272 0.015
HVC2279 0.0
HVC2289 0.452
HVC2293 0.0
HVC2297 0.438
HVC2298 0.02
HVC2301 0.04
HVC2304 0.007
HVC2306 0.011
HVC2311 0.006
HVC2313 0.0
HVC2317 0.021
HVC2321 0.0
HVC2335 0.0
HVC2352 0.0
HVC2361 0.014
HVC2371 0.003
HVC2375 0.012
HVC2380 0.0
HVC2387 0.706
HVC2390 0.001
HVC2392 0.004
HVC2393 0.004
HVC2399 0.029
HVC2404 0.006
HVC2405 0.003
HVC2409 0.002
HVC2411 0.007
HVC2412 0.0
HVC2415 0.009
HVC2419 0.011
HVC2420 0.014
HVC2422 0.028
HVC2446 0.012
HVC2448 0.015
HVC2496 0.083
HVC2504 0.133
HVC2508 0.003
HVC2521 0.003
HVC2522 0.478
HVC2523 0.001
HVC2526 0.006
HVC2528 0.117
HVC2529 0.001
HVC2532 0.013
HVC2550 0.002
HVC2552 0.009
HVC2553 0.005
HVC2557 0.706
HVC2562 0.006
HVC2566 0.026
HVC2571 0.0
HVC2573 0.002
HVC2574 0.0
HVC2575 0.021
HVC2580 0.0
HVC2584 0.031
HVC2588 0.012
HVC2595 0.0
HVC2599 0.0
HVC2601 0.008
HVC2602 0.001
HVC2604 0.004
HVC2606 0.024
HVC2607 0.001
HVC2608 0.0
HVC2609 0.002
HVC2610 0.001
HVC2615 0.0
HVC2616 0.008
HVC2617 0.0
HVC2618 0.0
HVC2622 0.0
HVC2635 0.008
HVC2639 0.001
HVC2647 0.342
HVC2649 0.016
HVC2650 0.0
HVC2655 0.002
HVC2657 0.614
HVC2658 0.586
HVC2667 0.001
HVC2669 0.023
HVC2674 0.02
HVC2675 0.003
HVC2677 0.005
HVC2682 0.0
HVC2685 0.0
HVC2687 0.0
HVC2691 0.006
HVC2698 0.166
HVC2702 0.0
HVC2703 0.0
HVC2705 0.0
HVC2707 0.067
HVC2710 0.012
HVC2711 0.003
HVC2713 0.003
HVC2714 0.014
HVC2715 0.002
HVC2716 0.01
HVC2718 0.012
HVC2720 0.075
HVC2721 0.009
HVC2723 0.002
HVC2724 0.003
HVC2728 0.002
HVC2736 0.0
HVC2742 0.0
HVC2749 0.0
HVC2759 0.005
HVC2760 0.009
HVC2762 0.012
HVC2768 0.001
HVC2769 0.0
HVC2780 0.014
HVC2782 0.0
HVC2786 0.012
HVC2789 0.001
HVC2791 0.0
HVC2807 0.0
HVC2809 0.014
HVC2810 0.007
HVC2812 0.006
HVC2814 0.004
HVC2818 0.0
HVC2825 0.027
HVC2828 0.006
HVC2832 0.009
HVC2834 0.006
HVC2835 0.013
HVC2836 0.014
HVC2837 0.001
HVC2838 0.066
HVC2839 0.0
HVC2840 0.001
HVC2842 0.023
HVC2846 0.0
HVC2848 0.011
HVC2856 0.001
HVC2857 0.032
HVC2858 0.006
HVC3002 0.063
HVC3006 0.071
HVC3007 0.005
HVC3012 0.0
HVC3013 0.008
HVC3014 0.028
HVC3015 0.012
HVC3016 0.007
HVC3017 0.0
HVC3019 0.0
HVC3020 0.002
HVC3021 0.006
HVC3022 0.0
HVC3024 0.007
HVC3025 0.021
HVC3027 0.006
HVC3031 0.131
HVC3032 0.001
HVC3034 0.001
HVC3071 0.003
HVC3072 0.008
HVC3077 0.03
HVC3078 0.005
HVC3081 0.002
HVC3082 0.001
HVC3097 0.0
HVC3099 0.083
HVC3100 0.0
HVC3107 0.023
HVC3113 0.002
HVC3114 0.102
HVC3116 0.022
HVC3117 0.043
HVC3118 0.275
HVC3119 0.0
HVC3123 0.0
HVC3124 0.0
HVC3126 0.012
HVC3129 0.054
HVC3131 0.014
HVC3132 0.015
HVC3135 0.118
HVC3136 0.004
HVC3137 0.003
HVC3143 0.062
HVC3148 0.006
HVC3154 0.006
HVC3155 0.023
HVC3157 0.0
HVC3160 0.024
HVC3161 0.014
HVC3162 0.0
HVC3168 0.001
HVC3169 0.001
HVC3170 0.001
HVC3171 0.032
HVC3173 0.041
HVC3174 0.003
HVC3180 0.0
HVC3183 0.002
HVC3184 0.001
HVC3185 0.0
HVC3187 0.001
HVC3189 0.003
HVC3190 0.011
HVC3196 0.216
HVC3199 0.001
HVC3204 0.004
HVC3205 0.0
HVC3209 0.013
HVC3210 0.011
HVC3211 0.015
HVC3212 0.004
HVC3217 0.001
HVC3218 0.039
HVC3223 0.025
HVC3254 0.0
HVC3259 0.07
HVC3261 0.706
HVC3262 0.004
HVC3264 0.018
HVC3265 0.194
HVC3266 0.001
HVC3267 0.0
HVC3268 0.008
HVC3269 0.067
HVC3270 0.024
HVC3271 0.009
HVC3280 0.0
HVC3285 0.001
HVC3287 0.008
HVC3296 0.007
HVC3297 0.019
HVC3300 0.002
HVC3302 0.07
HVC3304 0.0
HVC3307 0.004
HVC3308 0.001
HVC3311 0.049
HVC3313 0.006
HVC3314 0.0
HVC3315 0.314
HVC3320 0.006
HVC3321 0.001
HVC3323 0.0
HVC3329 0.019
HVC3332 0.012
HVC3333 0.0
HVC3334 0.0
HVC3336 0.0
HVC3337 0.012
HVC3338 0.0
HVC3348 0.002
HVC3349 0.007
HVC3353 0.017
HVC3371 0.002
HVC3372 0.0
HVC3373 0.0
HVC3400 0.004
HVC3410 0.003
HVC3414 0.014
HVC3416 0.001
HVC3419 0.014
HVC3422 0.014
HVC3424 0.002
HVC3429 0.007
HVC3432 0.0
HVC3492 0.007
HVC3493 0.002
HVC3495 0.008
HVC3496 0.016
HVC3499 0.0
HVC3503 0.027
HVC3507 0.014
HVC3512 0.013
HVC3516 0.027
HVC3517 0.001
HVC3521 0.0
HVC3522 0.013
HVC3523 0.706
HVC3524 0.006
HVC3526 0.008
HVC3535 0.014
HVC3537 0.007
HVC3540 0.005
HVC3541 0.001
HVC3542 0.07
HVC3545 0.005
HVC3550 0.014
HVC3551 0.016
HVC3556 0.01
HVC3557 0.006
HVC3558 0.0
HVC3560 0.001
HVC3564 0.014
HVC3571 0.014
HVC3572 0.009
HVC3573 0.01
HVC3577 0.002
HVC3583 0.001
HVC3584 0.002
HVC3587 0.038
HVC3589 0.01
HVC3591 0.01
HVC3592 0.007
HVC3593 0.006
HVC3596 0.003
HVC3598 0.0
HVC3621 0.432
HVC3639 0.011
HVC3644 0.011
HVC3645 0.012
HVC3647 0.012
HVC3648 0.014
HVC3649 0.0
HVC3652 0.001
HVC3654 0.001
HVC3657 0.0
HVC3661 0.014
HVC3662 0.283
HVC3664 0.001
HVC3667 0.014
HVC3669 0.001
HVC3686 0.0
HVC3688 0.003
HVC3689 0.001
HVC3690 0.0
HVC3691 0.005
HVC3692 0.005
HVC3697 0.004
HVC3698 0.0
HVC3700 0.003
HVC3701 0.012
HVC3704 0.018
HVC3705 0.0
HVC3710 0.017
HVC3712 0.0
HVC3714 0.002
HVC3719 0.003
HVC3722 0.002
HVC3724 0.002
HVC3738 0.0
HVC3741 0.0
HVC3744 0.003
HVC3746 0.001
HVC3748 0.0
HVC3754 0.0
HVC3756 0.0
HVC3757 0.02
HVC3763 0.002
HVC3765 0.015
HVC3771 0.0
HVC3777 0.0
HVC3782 0.122
HVC3786 0.003
HVC3787 0.002
HVC3794 0.006
HVC3796 0.004
HVC3798 0.001
HVC3799 0.342
HVC3800 0.001
HVC3802 0.003
HVC3803 0.006
HVC3804 0.002
HVC3805 0.0
HVC3808 0.038
HVC3809 0.008
HVC3811 0.001
HVC3812 0.043
HVC3814 0.039
HVC3821 0.052
HVC3822 0.01
HVC3835 0.001
HVC3837 0.004
HVC3841 0.001
HVC3842 0.003
HVC3843 0.003
HVC3845 0.003
HVC3846 0.001
HVC3848 0.001
HVC3852 0.007
HVC3855 0.004
HVC3856 0.019
HVC3859 0.001
HVC3860 0.001
HVC3861 0.002
HVC3865 0.011
HVC3866 0.005
HVC3871 0.002
HVC3876 0.002
HVC3877 0.001
HVC3880 0.002
HVC3881 0.0
HVC3888 0.002
HVC3889 0.002
HVC3891 0.0
HVC3897 0.006
HVC3898 0.01
HVC3900 0.0
HVC3901 0.0
HVC3907 0.004
HVC3908 0.184
HVC3912 0.25
HVC3916 0.001
HVC3919 0.011
HVC3920 0.026
HVC3925 0.098
HVC3926 0.011
HVC3931 0.003
HVC3933 0.001
HVC3935 0.001
HVC3936 0.001
HVC3937 0.001
HVC3938 0.0
HVC3941 0.121
HVC3942 0.033
HVC3943 0.0
HVC3952 0.039
HVC3956 0.072
HVC3962 0.024
HVC3965 0.012
HVC3968 0.003
HVC3970 0.006
HVC3988 0.0
HVC3990 0.02
HVC3992 0.014
HVC3994 0.005
HVC3995 0.005
HVC3996 0.001
HVC3999 0.056
HVC4003 0.007
HVC4004 0.008
HVC4021 0.0
HVC4022 0.004
HVC4025 0.011
HVC4026 0.005
HVC4032 0.004
HVC4042 0.0
HVC4043 0.002
HVC4044 0.05
HVC4045 0.117
HVC4046 0.015
HVC4047 0.012
HVC4051 0.024
HVC4052 0.0
HVC4055 0.0
HVC4056 0.004
HVC4057 0.457
HVC4066 0.494
HVC4068 0.0
HVC4070 0.014
HVC4073 0.0
HVC4074 0.003
HVC4099 0.706
HVC4104 0.015
HVC4106 0.0
HVC4107 0.448
HVC4108 0.001
HVC4109 0.0
HVC4110 0.024
HVC4111 0.023
HVC4112 0.0
HVC4114 0.098
HVC4115 0.003
HVC4116 0.003
HVC4117 0.157
HVC4119 0.012
HVC4121 0.005
HVC4122 0.011
HVC4123 0.001
HVC4124 0.006
HVC4125 0.003
HVC4126 0.0
HVC4127 0.0
HVC4128 0.706
HVC4129 0.001
HVC4130 0.0
HVC4131 0.0
HVC4132 0.014
HVC4134 0.137
HVC4135 0.003
HVC4136 0.004
HVC4137 0.001
HVC4138 0.026
HVC4140 0.033
HVC4141 0.035
HVC4142 0.0
HVC4143 0.39
HVC4144 0.124
HVC4147 0.009
HVC4149 0.007
HVC4151 0.0
HVC4152 0.0
HVC4153 0.0
HVC4163 0.007
HVC4170 0.0
HVC4171 0.0
HVC4173 0.025
HVC4175 0.029
HVC4178 0.014
HVC4185 0.014
HVC4189 0.706
HVC4194 0.003
HVC4197 0.0
HVC4201 0.001
HVC4203 0.008
HVC4205 0.021
HVC4209 0.012
HVC4218 0.0
HVC4219 0.018
HVC4220 0.001
HVC4223 0.001
HVC4230 0.001
HVC4232 0.001
HVC4233 0.0
HVC4234 0.073
HVC4239 0.014
HVC4241 0.0
HVC4243 0.026
HVC4246 0.005
HVC4248 0.001
HVC4258 0.0
HVC4261 0.0
HVC4262 0.0
HVC4267 0.0
HVC4268 0.007
HVC4270 0.001
HVC4271 0.017
HVC4273 0.44
HVC4275 0.0
HVC4278 0.0
HVC4283 0.0
HVC4288 0.007
HVC4295 0.009
HVC4307 0.01
HVC4309 0.11
HVC4319 0.004
HVC4321 0.003
HVC4323 0.014
HVC4324 0.0
HVC4325 0.706
HVC4326 0.046
HVC4330 0.219
HVC4333 0.014
HVC4335 0.007
HVC4343 0.001
HVC4350 0.0
HVC4351 0.06
HVC4352 0.0
HVC4355 0.015
HVC4356 0.001
HVC4362 0.0
HVC4363 0.032
HVC4364 0.002
HVC4366 0.001
HVC4368 0.005
HVC4371 0.014
HVC4374 0.384
HVC4375 0.001
HVC4377 0.0
HVC4381 0.0
HVC4387 0.006
HVC4392 0.009
HVC4394 0.041
HVC4395 0.002
HVC4397 0.0
HVC4398 0.002
HVC4399 0.014
HVC4400 0.031
HVC4402 0.035
HVC4406 0.014
HVC4407 0.022
HVC4410 0.0
HVC4411 0.0
HVC4417 0.002
HVC4419 0.002
HVC4422 0.018
HVC4423 0.291
HVC4425 0.002
HVC4428 0.234
HVC4430 0.021
HVC4432 0.008
HVC4433 0.003
HVC4434 0.002
HVC4435 0.006
HVC4444 0.013
HVC4445 0.028
HVC4446 0.007
HVC4447 0.0
HVC4472 0.001
HVC4474 0.001
HVC4475 0.0
HVC4476 0.005
HVC532 0.001
HVC535 0.001
HVC624 0.011
HVC725 0.018
HVC893 0.001
HVC918 0.037
HVC1094 0.0
HVC1163 0.003
HVC1270 0.005
HVC1322 0.0
HVC1413 0.041
HVC1643 0.013
HVC1875 0.076
HVC1912 0.002
HVC1934 0.005
HVC1935 0.068
HVC1983 0.001
HVC1985 0.371
HVC2015 0.02
HVC2019 0.012
HVC2027 0.046
HVC2044 0.04
HVC2045 0.01
HVC2051 0.0
HVC2054 0.0
HVC2067 0.0
HVC2080 0.0
HVC2084 0.0
HVC2099 0.002
HVC2101 0.0
HVC2119 0.0
HVC2131 0.5
HVC2141 0.0
HVC2151 0.0
HVC2156 0.009
HVC2160 0.453
HVC2201 0.0
HVC2203 0.0
HVC2206 0.001
HVC2207 0.073
HVC2210 0.0
HVC2217 0.0
HVC2231 0.015
HVC2261 0.008
HVC2275 0.008
HVC2276 0.014
HVC2285 0.001
HVC2286 0.706
HVC2300 0.008
HVC2310 0.019
HVC2314 0.0
HVC2338 0.365
HVC2339 0.006
HVC2345 0.404
HVC2394 0.0
HVC2398 0.0
HVC2421 0.002
HVC2427 0.064
HVC2429 0.0
HVC2436 0.002
HVC2438 0.0
HVC2459 0.001
HVC2489 0.001
HVC2492 0.0
HVC2502 0.001
HVC2514 0.006
HVC2524 0.0
HVC2548 0.016
HVC2586 0.0
HVC2587 0.6
HVC2590 0.0
HVC2612 0.123
HVC2613 0.043
HVC2624 0.001
HVC2627 0.007
HVC2708 0.0
HVC2719 0.011
HVC2730 0.0
HVC2735 0.274
HVC2739 0.0
HVC2740 0.015
HVC2802 0.048
HVC2805 0.022
HVC3087 0.321
HVC3090 0.001
HVC3091 0.024
HVC3092 0.0
HVC3095 0.0
HVC3103 0.002
HVC3106 0.009
HVC3110 0.015
HVC3111 0.004
HVC3277 0.328
HVC3279 0.0
HVC3288 0.006
HVC3289 0.001
HVC3292 0.431
HVC3293 0.314
HVC3295 0.051
HVC3335 0.554
HVC3358 0.009
HVC3449 0.002
HVC3510 0.042
HVC3513 0.09
HVC3590 0.073
HVC3605 0.001
HVC3971 0.003
HVC3977 0.009
HVC4054 0.0
HVC4061 0.001
HVC4065 0.014
HVC4071 0.454
HVC4072 0.001
HVC4082 0.0
HVC4084 0.014
HVC4085 0.0
HVC4086 0.052
HVC4087 0.0
HVC4088 0.011
HVC4089 0.212
HVC4091 0.008
HVC4093 0.003
HVC4100 0.061
HVC4101 0.001
HVC4102 0.0
HVC4155 0.0
HVC4157 0.0
HVC4159 0.0
HVC4160 0.231
HVC4177 0.0
HVC4251 0.0
HVC4305 0.343
HVC4359 0.004
HVC4373 0.0
HVC4390 0.008
HVC4437 0.004
HVC4441 0.0
HVC4450 0.065
HVC4451 0.0
HVC4453 0.014
HVC4454 0.001
HVC4456 0.0
HVC4457 0.003
HVC4458 0.372
HVC4459 0.0
HVC4460 0.002
HVC4461 0.33
HVC4463 0.0
HVC4464 0.0
HVC4465 0.0
HVC4466 0.0
HVC4467 0.648
HVC4468 0.001
HVC4478 0.001
HVC4479 0.005
HVC4481 0.009
HVC4484 0.003
HVC4486 0.0
HVC4487 0.155
HVC4489 0.0
HVC4490 0.001
HVC4494 0.0
HVC4498 0.005
HVC4499 0.007
HVC4508 0.016
HVC4511 0.001
HVC4518 0.0
HVC4519 0.0
HVC4528 0.001
HVC4529 0.0
HVC4530 0.039
HVC4536 0.013
HVC4537 0.089
HVC4539 0.001
HVC4545 0.0
HVC4546 0.0
HVC4548 0.027
HVC4550 0.008
HVC4552 0.494
HVC4558 0.0
HVC4559 0.455
HVC4561 0.001
HVC4567 0.013
HVC4570 0.077
HVC4571 0.004
HVC4574 0.001
HVC4583 0.0
HVC4587 0.06
HVC4589 0.0
HVC4590 0.0
HVC4592 0.008
HVC4599 0.001
HVC4600 0.011
HVC4602 0.002
HVC4606 0.002
HVC4608 0.001
HVC4609 0.001
HVC4610 0.006
HVC4617 0.007
HVC4618 0.0
HVC4619 0.017
HVC4620 0.01
HVC4625 0.033
HVC4626 0.0
HVC4627 0.004
HVC4629 0.001
HVC4630 0.145
HVC4642 0.001
HVC4643 0.002
HVC4644 0.001
HVC4645 0.002
HVC4647 0.023
HVC4648 0.001
HVC4653 0.023
HVC4654 0.011
HVC4655 0.003
HVC4656 0.511
HVC4659 0.0
HVC4661 0.0
HVC4664 0.005
HVC4665 0.044
HVC4671 0.061
HVC4673 0.061
HVC4674 0.028
HVC4675 0.0
HVC4681 0.045
HVC4682 0.0
HVC4685 0.195
HVC4687 0.0
HVC4688 0.002
HVC4692 0.258
HVC4704 0.0
HVC4706 0.037
HVC4707 0.0
HVC4710 0.0
HVC4712 0.003
HVC4715 0.0
HVC4716 0.0
HVC4719 0.0
HVC4721 0.0
HVC4724 0.0
HVC4725 0.0
HVC4733 0.036
HVC4734 0.003
HVC4738 0.02
HVC4739 0.0
HVC4740 0.092
HVC4744 0.0
HVC4747 0.002
HVC4749 0.035
HVC4751 0.004
HVC4752 0.0
HVC4753 0.044
HVC4759 0.01
HVC4760 0.011
HVC4761 0.001
HVC4762 0.007
HVC4764 0.0
HVC4765 0.0
HVC4766 0.002
HVC4776 0.004
HVC4777 0.004
HVC4779 0.006
HVC4780 0.002
HVC4783 0.0
HVC4786 0.037
HVC4791 0.001
HVC4792 0.0
HVC4797 0.004
HVC4798 0.008
HVC4800 0.017
HVC4802 0.005
HVC4805 0.011
HVC4807 0.009
HVC4808 0.0
HVC4809 0.0
HVC4810 0.009
HVC4811 0.1
HVC4812 0.006
HVC4814 0.032
HVC4816 0.025
HVC4817 0.092
HVC4824 0.03
HVC4829 0.002
HVC4830 0.014
HVC4836 0.121
HVC4837 0.0
HVC4840 0.262
HVC4841 0.029
HVC4842 0.009
HVC4851 0.026
HVC4853 0.001
HVC4858 0.028
HVC4866 0.0
HVC4868 0.001
HVC4869 0.0
HVC4872 0.002
HVC4873 0.001
HVC4874 0.0
HVC4875 0.0
HVC4876 0.014
HVC4878 0.014
HVC4879 0.025
HVC4880 0.017
HVC4883 0.001
HVC4884 0.001
HVC4885 0.0
HVC4888 0.002
HVC4890 0.001
HVC4891 0.0
HVC4892 0.001
HVC4893 0.01
HVC4894 0.014
HVC4895 0.006
HVC4896 0.011
HVC4898 0.006
HVC4899 0.014
HVC4901 0.003
HVC4908 0.006
HVC4909 0.001
HVC4910 0.003
HVC4912 0.0
HVC4915 0.001
HVC4916 0.062
HVC4918 0.001
HVC4920 0.016
HVC4923 0.0
HVC4924 0.014
HVC4926 0.004
HVC4928 0.067
HVC4929 0.002
HVC4933 0.018
HVC4936 0.002
HVC4937 0.005
HVC4938 0.0
HVC4939 0.0
HVC4940 0.002
HVC4945 0.001
HVC4947 0.01
HVC4948 0.0
HVC4949 0.0
HVC4951 0.0
HVC4952 0.0
HVC4956 0.0
HVC4957 0.014
HVC4959 0.003
HVC4964 0.005
HVC4965 0.009
HVC4967 0.002
HVC4969 0.242
HVC4971 0.0
HVC4975 0.005
HVC4976 0.0
HVC4986 0.0
HVC4987 0.091
HVC4996 0.0
HVC4998 0.007
HVC4999 0.009
HVC5001 0.033
HVC5002 0.057
HVC5003 0.007
HVC5004 0.001
HVC5007 0.142
HVC5008 0.0
HVC5014 0.0
HVC5015 0.462
HVC5016 0.001
HVC5020 0.006
HVC5021 0.002
HVC5022 0.002
HVC5026 0.002
HVC5039 0.004
HVC5040 0.0
HVC5041 0.007
HVC5042 0.024
HVC5044 0.019
HVC5105 0.0
HVC5109 0.019
HVC5110 0.06
HVC5111 0.008
HVC5114 0.0
HVC5115 0.003
HVC5119 0.006
HVC5120 0.098
HVC5121 0.013
HVC5122 0.027
HVC5123 0.013
HVC5124 0.002
HVC5127 0.003
HVC5129 0.076
HVC5130 0.05
HVC5133 0.013
HVC5135 0.004
HVC5137 0.001
HVC5138 0.049
HVC5139 0.07
HVC5140 0.074
HVC5144 0.024
HVC5145 0.142
HVC5147 0.037
HVC5148 0.008
HVC5150 0.008
HVC5151 0.004
HVC5153 0.004
HVC5155 0.022
HVC5156 0.003
HVC5159 0.005
HVC5161 0.011
HVC5162 0.006
HVC5163 0.0
HVC5165 0.042
HVC5166 0.007
HVC5167 0.224
HVC5168 0.006
HVC5175 0.456
HVC5176 0.0
HVC5177 0.0
HVC5178 0.0
HVC5180 0.062
HVC5181 0.0
HVC5182 0.007
HVC5184 0.001
HVC5185 0.008
HVC5187 0.001
HVC5191 0.001
HVC5200 0.007
HVC5206 0.025
HVC5207 0.0
HVC5208 0.014
HVC5209 0.1
HVC5211 0.005
HVC5212 0.004
HVC5215 0.0
HVC5216 0.002
HVC5217 0.003
HVC5220 0.073
HVC5223 0.277
HVC5225 0.004
HVC5227 0.0
HVC5230 0.003
HVC5231 0.066
HVC5235 0.004
HVC5239 0.237
HVC5240 0.0
HVC5242 0.0
HVC5246 0.019
HVC5248 0.005
HVC5251 0.011
HVC5252 0.022
HVC5253 0.092
HVC5257 0.008
HVC5262 0.165
HVC5263 0.184
HVC5265 0.048
HVC5266 0.007
HVC5272 0.129
HVC5273 0.001
HVC5274 0.014
HVC5276 0.007
HVC5277 0.002
HVC5278 0.003
HVC5281 0.001
HVC5285 0.0
HVC5289 0.154
HVC5290 0.001
HVC5291 0.0
HVC5292 0.011
HVC5294 0.014
HVC5299 0.0
HVC5301 0.0
HVC5302 0.301
HVC5304 0.139
HVC5380 0.021
HVC5389 0.33
HVC5390 0.086
HVC5391 0.0
HVC5395 0.284
HVC5396 0.007
HVC5398 0.008
HVC5399 0.0
HVC5400 0.004
HVC5402 0.013
HVC5403 0.001
HVC5404 0.376
HVC5405 0.043
HVC5408 0.02
HVC5410 0.036
HVC5411 0.0
HVC5421 0.0
HVC5422 0.0
HVC5423 0.425
HVC5425 0.005
HVC5427 0.099
HVC5428 0.021
HVC5429 0.0
HVC5430 0.0
HVC5434 0.014
HVC5435 0.0
HVC5436 0.154
HVC5437 0.001
HVC5438 0.005
HVC5439 0.001
HVC5440 0.0
HVC5442 0.001
HVC5445 0.004
HVC5446 0.024
HVC5447 0.106
HVC5448 0.001
HVC5451 0.001
HVC5453 0.013
HVC5466 0.045
HVC5467 0.0
HVC5470 0.092
HVC5471 0.001
HVC5476 0.026
HVC5484 0.001
HVC5486 0.0
HVC5487 0.0
HVC5488 0.0
HVC5489 0.0
HVC5490 0.001
HVC5492 0.096
HVC5495 0.0
HVC5500 0.0
HVC5504 0.0
HVC5508 0.013
HVC5509 0.076
HVC5510 0.0
HVC5512 0.037
HVC5515 0.0
HVC5517 0.001
HVC5519 0.002
HVC5522 0.171
HVC5523 0.002
HVC5524 0.0
HVC5526 0.047
HVC5527 0.001
HVC5528 0.0
HVC5530 0.0
HVC5531 0.008
HVC5535 0.105
HVC5536 0.016
HVC5546 0.002
HVC5547 0.004
HVC5554 0.003
HVC5555 0.034
HVC5557 0.022
HVC5559 0.022
HVC5560 0.021
HVC5561 0.009
HVC5562 0.0
HVC5563 0.0
HVC5564 0.06
HVC5565 0.0
HVC5572 0.036
HVC5574 0.0
HVC5575 0.008
HVC5576 0.011
HVC5577 0.335
HVC5579 0.0
HVC5584 0.013
HVC5585 0.008
HVC5587 0.101
HVC5592 0.003
HVC5593 0.0
HVC5595 0.009
HVC5596 0.0
HVC5597 0.006
HVC5598 0.017
HVC5599 0.017
HVC5601 0.001
HVC5602 0.016
HVC5609 0.054
HVC5610 0.014
HVC5611 0.014
HVC5612 0.0
HVC5614 0.007
HVC5618 0.0
HVC5619 0.004
HVC5620 0.001
HVC5625 0.06
HVC5627 0.42
HVC5629 0.072
HVC5634 0.001
HVC5638 0.016
HVC5639 0.0
HVC5643 0.004
HVC5644 0.041
HVC5645 0.012
HVC5647 0.0
HVC5648 0.185
HVC5649 0.011
HVC5651 0.041
HVC5654 0.028
HVC5655 0.004
HVC5659 0.014
HVC5661 0.004
HVC5662 0.003
HVC5663 0.014
HVC5664 0.002
HVC5665 0.001
HVC5666 0.052
HVC5667 0.003
HVC5668 0.006
HVC5673 0.041
HVC5674 0.0
HVC5677 0.01
HVC5684 0.001
HVC5689 0.001
HVC5691 0.104
HVC5692 0.005
HVC5697 0.048
HVC5698 0.157
HVC5699 0.202
HVC5701 0.064
HVC5702 0.004
HVC5712 0.001
HVC5715 0.312
HVC5716 0.007
HVC5718 0.065
HVC5719 0.0
HVC5724 0.116
HVC5725 0.014
HVC5728 0.002
HVC5729 0.001
HVC5730 0.036
HVC5733 0.007
HVC5735 0.0
HVC5736 0.004
HVC5737 0.0
HVC5738 0.003
HVC5740 0.001
HVC5743 0.003
HVC5753 0.005
HVC5754 0.003
HVC5765 0.0
HVC5766 0.002
HVC5768 0.001
HVC5771 0.001
HVC5772 0.0
HVC5774 0.036
HVC5778 0.001
HVC5779 0.002
HVC5781 0.0
HVC5782 0.018
HVC5785 0.001
HVC5786 0.014
HVC5787 0.0
HVC5789 0.002
HVC5790 0.0
HVC5792 0.026
HVC5795 0.033
HVC5800 0.001
HVC5801 0.004
HVC5802 0.011
HVC5805 0.492
HVC5806 0.154
HVC5810 0.0
HVC5811 0.004
HVC5812 0.0
HVC5813 0.005
HVC5815 0.0
HVC5816 0.002
HVC5817 0.022
HVC5818 0.005
HVC5819 0.002
HVC5820 0.065
HVC5824 0.662
HVC5825 0.029
HVC5826 0.051
HVC5830 0.001
HVC5831 0.0
HVC5834 0.0
HVC5836 0.001
HVC5837 0.03
HVC5838 0.02
HVC5841 0.001
HVC5842 0.0
HVC5844 0.001
HVC5847 0.002
HVC5848 0.005
HVC5849 0.0
HVC5850 0.0
HVC5851 0.046
HVC5852 0.051
HVC5853 0.0
HVC5854 0.009
HVC5860 0.014
HVC5861 0.0
HVC5863 0.027
HVC5864 0.014
HVC5865 0.001
HVC5866 0.001
HVC5867 0.0
HVC5869 0.013
HVC5870 0.172
HVC5871 0.629
HVC5873 0.05
HVC5874 0.0
HVC5875 0.023
HVC5876 0.015
HVC5878 0.017
HVC5882 0.0
HVC5884 0.006
HVC5885 0.019
HVC5886 0.075
HVC5890 0.05
HVC5892 0.0
HVC5894 0.002
HVC5895 0.003
HVC5896 0.004
HVC5898 0.003
HVC5926 0.0
HVC5949 0.0
HVC5953 0.022
HVC5962 0.007
HVC5963 0.002
HVC5973 0.005
HVC5974 0.009
HVC5976 0.011
HVC5977 0.0
HVC5978 0.047
HVC5979 0.003
HVC5980 0.003
HVC5981 0.0
HVC5983 0.085
HVC5988 0.007
HVC5989 0.069
HVC5992 0.002
HVC5993 0.015
HVC5994 0.016
HVC5995 0.021
HVC5996 0.031
HVC5997 0.052
HVC5999 0.033
HVC6000 0.012
HVC6004 0.058
HVC6005 0.039
HVC6008 0.021
HVC6011 0.004
HVC6012 0.122
HVC6016 0.001
HVC6025 0.009
HVC6027 0.011
HVC6028 0.053
HVC6031 0.001
HVC6032 0.004
HVC6035 0.0
HVC6037 0.0
HVC6038 0.0
HVC6039 0.0
HVC6040 0.0
HVC6042 0.0
HVC6044 0.001
HVC6046 0.0
HVC6047 0.002
HVC6048 0.006
HVC6049 0.0
HVC6057 0.026
HVC6059 0.01
HVC6062 0.0
HVC6063 0.035
HVC6065 0.0
HVC6067 0.0
HVC6071 0.0
HVC6072 0.002
HVC6073 0.015
HVC6074 0.0
HVC6079 0.005
HVC6080 0.003
HVC6082 0.004
HVC6083 0.017
HVC6088 0.0
HVC6089 0.002
HVC6090 0.014
HVC6092 0.007
HVC6096 0.002
HVC6103 0.017
HVC6104 0.0
HVC6107 0.141
HVC6108 0.009
HVC6109 0.0
HVC6110 0.002
HVC6121 0.0
HVC6122 0.001
HVC6124 0.008
HVC6127 0.165
HVC6129 0.024
HVC6130 0.0
HVC6132 0.006
HVC6133 0.706
HVC6134 0.007
HVC6139 0.03
HVC6141 0.004
HVC6145 0.007
HVC6146 0.279
HVC6148 0.005
HVC6149 0.009
HVC6151 0.006
HVC6155 0.037
HVC6157 0.072
HVC6158 0.176
HVC6159 0.0
HVC6160 0.009
HVC6162 0.014
HVC6165 0.014
HVC6166 0.01
HVC6167 0.009
HVC6169 0.011
HVC6175 0.018
HVC6176 0.021
HVC6178 0.0
HVC6183 0.048
HVC6184 0.0
HVC6185 0.0
HVC6188 0.014
HVC6189 0.0
HVC6196 0.0
HVC6198 0.0
HVC6199 0.255
HVC6201 0.014
HVC6202 0.035
HVC6208 0.036
HVC6210 0.0
HVC6214 0.0
HVC6217 0.001
HVC6218 0.001
HVC6219 0.005
HVC6223 0.001
HVC6224 0.0
HVC6226 0.0
HVC6228 0.002
HVC6230 0.004
HVC6231 0.0
HVC6232 0.262
HVC6233 0.0
HVC6235 0.004
HVC6239 0.0
HVC6241 0.284
HVC6242 0.548
HVC6244 0.0
HVC6245 0.036
