HVC286 0.058
HVC288 0.055
HVC314 0.023
HVC326 0.019
HVC328 0.032
HVC332 0.02
HVC333 0.037
HVC356 0.067
HVC443 0.07
HVC468 0.06
HVC472 0.051
HVC476 0.057
HVC477 0.031
HVC479 0.065
HVC480 0.035
HVC481 0.033
HVC505 0.093
HVC516 0.018
HVC522 0.038
HVC633 0.037
HVC657 0.037
HVC675 0.051
HVC677 0.079
HVC680 0.074
HVC709 0.049
HVC713 0.034
HVC716 0.035
HVC717 0.019
HVC720 0.059
HVC721 0.048
HVC728 0.048
HVC729 0.063
HVC731 0.062
HVC736 0.074
HVC739 0.038
HVC741 0.017
HVC745 0.018
HVC755 0.031
HVC788 0.051
HVC855 0.07
HVC857 0.038
HVC871 0.069
HVC872 0.045
HVC883 0.023
HVC887 0.054
HVC919 0.068
HVC921 0.058
HVC961 0.043
HVC1035 0.04
HVC1037 0.028
HVC1039 0.032
HVC1063 0.084
HVC1064 0.062
HVC1069 0.056
HVC1076 0.026
HVC1079 0.064
HVC1082 0.061
HVC1083 0.027
HVC1086 0.031
HVC1088 0.045
HVC1105 0.048
HVC1107 0.038
HVC1112 0.061
HVC1118 0.028
HVC1120 0.043
HVC1124 0.06
HVC1125 0.023
HVC1127 0.072
HVC1132 0.025
HVC1133 0.065
HVC1135 0.037
HVC1136 0.063
HVC1138 0.074
HVC1141 0.073
HVC1142 0.042
HVC1143 0.033
HVC1144 0.051
HVC1151 0.047
HVC1152 0.049
HVC1153 0.023
HVC1154 0.021
HVC1155 0.025
HVC1158 0.029
HVC1160 0.063
HVC1161 0.023
HVC1162 0.074
HVC1168 0.049
HVC1191 0.092
HVC1209 0.042
HVC1228 0.064
HVC1229 0.061
HVC1230 0.05
HVC1231 0.028
HVC1232 0.072
HVC1233 0.062
HVC1238 0.023
HVC1242 0.024
HVC1246 0.035
HVC1247 0.036
HVC1258 0.023
HVC1259 0.023
HVC1266 0.048
HVC1268 0.027
HVC1269 0.049
HVC1279 0.049
HVC1281 0.07
HVC1282 0.049
HVC1316 0.04
HVC1340 0.086
HVC1345 0.066
HVC1350 0.045
HVC1379 0.083
HVC1410 0.018
HVC1411 0.061
HVC1412 0.055
HVC1414 0.048
HVC1415 0.011
HVC1416 0.035
HVC1417 0.045
HVC1419 0.026
HVC1422 0.072
HVC1425 0.072
HVC1433 0.046
HVC1436 0.036
HVC1437 0.065
HVC1443 0.045
HVC1555 0.023
HVC1556 0.049
HVC1557 0.057
HVC1563 0.041
HVC1567 0.052
HVC1568 0.034
HVC1579 0.067
HVC1582 0.035
HVC1590 0.034
HVC1600 0.025
HVC1605 0.056
HVC1609 0.054
HVC1610 0.032
HVC1612 0.037
HVC1613 0.031
HVC1615 0.066
HVC1620 0.018
HVC1622 0.047
HVC1637 0.018
HVC1639 0.019
HVC1640 0.018
HVC1646 0.017
HVC1667 0.03
HVC1673 0.021
HVC1681 0.065
HVC1684 0.067
HVC1722 0.065
HVC1724 0.058
HVC1726 0.034
HVC1728 0.04
HVC1729 0.049
HVC1731 0.026
HVC1734 0.037
HVC1742 0.043
HVC1764 0.07
HVC1765 0.088
HVC1769 0.047
HVC1777 0.026
HVC1778 0.028
HVC1779 0.005
HVC1783 0.064
HVC1789 0.017
HVC1792 0.056
HVC1808 0.019
HVC1817 0.044
HVC1819 0.025
HVC1824 0.066
HVC1825 0.036
HVC1828 0.061
HVC1831 0.035
HVC1832 0.043
HVC1834 0.01
HVC1835 0.063
HVC1836 0.098
HVC1840 0.049
HVC1842 0.027
HVC1844 0.031
HVC1845 0.05
HVC1848 0.068
HVC1849 0.036
HVC1850 0.079
HVC1851 0.039
HVC1852 0.06
HVC1854 0.072
HVC1860 0.06
HVC1864 0.045
HVC1865 0.04
HVC1866 0.041
HVC1868 0.028
HVC1872 0.064
HVC1873 0.048
HVC1883 0.002
HVC1887 0.049
HVC1889 0.083
HVC1897 0.06
HVC1898 0.018
HVC1900 0.012
HVC1902 0.072
HVC1907 0.047
HVC1908 0.06
HVC1910 0.059
HVC1938 0.06
HVC1939 0.017
HVC1944 0.064
HVC1945 0.081
HVC1946 0.044
HVC1948 0.021
HVC1950 0.037
HVC1952 0.028
HVC1955 0.06
HVC1957 0.057
HVC1963 0.038
HVC1968 0.031
HVC1971 0.056
HVC1972 0.03
HVC1979 0.046
HVC1980 0.03
HVC1986 0.049
HVC1992 0.037
HVC1995 0.031
HVC2004 0.055
HVC2010 0.019
HVC2018 0.022
HVC2021 0.064
HVC2062 0.06
HVC2065 0.059
HVC2069 0.042
HVC2071 0.017
HVC2079 0.086
HVC2096 0.058
HVC2132 0.024
HVC2135 0.018
HVC2140 0.027
HVC2143 0.025
HVC2147 0.02
HVC2153 0.027
HVC2157 0.035
HVC2158 0.062
HVC2194 0.036
HVC2195 0.06
HVC2196 0.071
HVC2199 0.063
HVC2209 0.061
HVC2219 0.049
HVC2222 0.06
HVC2224 0.034
HVC2225 0.049
HVC2228 0.116
HVC2229 0.02
HVC2233 0.059
HVC2237 0.081
HVC2239 0.067
HVC2248 0.075
HVC2255 0.027
HVC2259 0.04
HVC2267 0.063
HVC2272 0.067
HVC2279 0.047
HVC2289 0.018
HVC2293 0.038
HVC2297 0.017
HVC2298 0.037
HVC2301 0.073
HVC2304 0.037
HVC2306 0.031
HVC2311 0.059
HVC2313 0.066
HVC2317 0.029
HVC2321 0.061
HVC2335 0.079
HVC2352 0.05
HVC2361 0.049
HVC2371 0.035
HVC2375 0.049
HVC2380 0.074
HVC2387 0.007
HVC2390 0.083
HVC2392 0.036
HVC2393 0.073
HVC2399 0.061
HVC2404 0.06
HVC2405 0.081
HVC2409 0.068
HVC2411 0.025
HVC2412 0.065
HVC2415 0.059
HVC2419 0.076
HVC2420 0.049
HVC2422 0.054
HVC2446 0.087
HVC2448 0.048
HVC2496 0.049
HVC2504 0.04
HVC2508 0.027
HVC2521 0.06
HVC2522 0.022
HVC2523 0.051
HVC2526 0.032
HVC2528 0.047
HVC2529 0.047
HVC2532 0.028
HVC2550 0.067
HVC2552 0.075
HVC2553 0.068
HVC2557 0.007
HVC2562 0.036
HVC2566 0.009
HVC2571 0.061
HVC2573 0.081
HVC2574 0.043
HVC2575 0.027
HVC2580 0.04
HVC2584 0.054
HVC2588 0.048
HVC2595 0.08
HVC2599 0.063
HVC2601 0.009
HVC2602 0.06
HVC2604 0.047
HVC2606 0.042
HVC2607 0.061
HVC2608 0.027
HVC2609 0.03
HVC2610 0.036
HVC2615 0.051
HVC2616 0.05
HVC2617 0.026
HVC2618 0.069
HVC2622 0.047
HVC2635 0.052
HVC2639 0.059
HVC2647 0.037
HVC2649 0.073
HVC2650 0.062
HVC2655 0.049
HVC2657 0.008
HVC2658 0.008
HVC2667 0.062
HVC2669 0.042
HVC2674 0.124
HVC2675 0.041
HVC2677 0.082
HVC2682 0.063
HVC2685 0.091
HVC2687 0.042
HVC2691 0.084
HVC2698 0.016
HVC2702 0.06
HVC2703 0.064
HVC2705 0.034
HVC2707 0.032
HVC2710 0.028
HVC2711 0.03
HVC2713 0.063
HVC2714 0.049
HVC2715 0.057
HVC2716 0.052
HVC2718 0.084
HVC2720 0.062
HVC2721 0.047
HVC2723 0.061
HVC2724 0.032
HVC2728 0.041
HVC2736 0.072
HVC2742 0.05
HVC2749 0.101
HVC2759 0.061
HVC2760 0.056
HVC2762 0.055
HVC2768 0.059
HVC2769 0.072
HVC2780 0.049
HVC2782 0.049
HVC2786 0.052
HVC2789 0.057
HVC2791 0.079
HVC2807 0.059
HVC2809 0.049
HVC2810 0.021
HVC2812 0.051
HVC2814 0.041
HVC2818 0.061
HVC2825 0.07
HVC2828 0.041
HVC2832 0.062
HVC2834 0.031
HVC2835 0.042
HVC2836 0.039
HVC2837 0.045
HVC2838 0.06
HVC2839 0.063
HVC2840 0.055
HVC2842 0.085
HVC2846 0.038
HVC2848 0.025
HVC2856 0.061
HVC2857 0.051
HVC2858 0.008
HVC3002 0.04
HVC3006 0.028
HVC3007 0.026
HVC3012 0.084
HVC3013 0.094
HVC3014 0.052
HVC3015 0.058
HVC3016 0.026
HVC3017 0.085
HVC3019 0.042
HVC3020 0.043
HVC3021 0.054
HVC3022 0.057
HVC3024 0.024
HVC3025 0.047
HVC3027 0.054
HVC3031 0.034
HVC3032 0.061
HVC3034 0.061
HVC3071 0.043
HVC3072 0.036
HVC3077 0.058
HVC3078 0.065
HVC3081 0.033
HVC3082 0.06
HVC3097 0.046
HVC3099 0.041
HVC3100 0.051
HVC3107 0.036
HVC3113 0.036
HVC3114 0.021
HVC3116 0.05
HVC3117 0.033
HVC3118 0.053
HVC3119 0.032
HVC3123 0.042
HVC3124 0.052
HVC3126 0.026
HVC3129 0.049
HVC3131 0.062
HVC3132 0.042
HVC3135 0.018
HVC3136 0.045
HVC3137 0.059
HVC3143 0.026
HVC3148 0.047
HVC3154 0.032
HVC3155 0.056
HVC3157 0.063
HVC3160 0.06
HVC3161 0.049
HVC3162 0.067
HVC3168 0.047
HVC3169 0.051
HVC3170 0.033
HVC3171 0.038
HVC3173 0.026
HVC3174 0.066
HVC3180 0.043
HVC3183 0.049
HVC3184 0.09
HVC3185 0.024
HVC3187 0.028
HVC3189 0.035
HVC3190 0.041
HVC3196 0.022
HVC3199 0.022
HVC3204 0.029
HVC3205 0.056
HVC3209 0.093
HVC3210 0.011
HVC3211 0.043
HVC3212 0.083
HVC3217 0.035
HVC3218 0.042
HVC3223 0.041
HVC3254 0.056
HVC3259 0.025
HVC3261 0.007
HVC3262 0.069
HVC3264 0.052
HVC3265 0.031
HVC3266 0.059
HVC3267 0.051
HVC3268 0.033
HVC3269 0.04
HVC3270 0.031
HVC3271 0.038
HVC3280 0.063
HVC3285 0.06
HVC3287 0.044
HVC3296 0.028
HVC3297 0.052
HVC3300 0.026
HVC3302 0.034
HVC3304 0.021
HVC3307 0.046
HVC3308 0.02
HVC3311 0.058
HVC3313 0.041
HVC3314 0.033
HVC3315 0.017
HVC3320 0.075
HVC3321 0.043
HVC3323 0.08
HVC3329 0.052
HVC3332 0.062
HVC3333 0.046
HVC3334 0.06
HVC3336 0.066
HVC3337 0.075
HVC3338 0.003
HVC3348 0.05
HVC3349 0.07
HVC3353 0.068
HVC3371 0.048
HVC3372 0.042
HVC3373 0.048
HVC3400 0.061
HVC3410 0.061
HVC3414 0.049
HVC3416 0.054
HVC3419 0.049
HVC3422 0.049
HVC3424 0.03
HVC3429 0.071
HVC3432 0.005
HVC3492 0.053
HVC3493 0.07
HVC3495 0.018
HVC3496 0.038
HVC3499 0.039
HVC3503 0.061
HVC3507 0.049
HVC3512 0.057
HVC3516 0.046
HVC3517 0.075
HVC3521 0.03
HVC3522 0.067
HVC3523 0.007
HVC3524 0.065
HVC3526 0.043
HVC3535 0.049
HVC3537 0.022
HVC3540 0.045
HVC3541 0.038
HVC3542 0.024
HVC3545 0.062
HVC3550 0.049
HVC3551 0.076
HVC3556 0.029
HVC3557 0.049
HVC3558 0.054
HVC3560 0.02
HVC3564 0.075
HVC3571 0.035
HVC3572 0.059
HVC3573 0.057
HVC3577 0.039
HVC3583 0.062
HVC3584 0.064
HVC3587 0.02
HVC3589 0.057
HVC3591 0.062
HVC3592 0.071
HVC3593 0.049
HVC3596 0.036
HVC3598 0.09
HVC3621 0.02
HVC3639 0.021
HVC3644 0.039
HVC3645 0.055
HVC3647 0.047
HVC3648 0.049
HVC3649 0.054
HVC3652 0.065
HVC3654 0.031
HVC3657 0.0
HVC3661 0.049
HVC3662 0.054
HVC3664 0.06
HVC3667 0.049
HVC3669 0.077
HVC3686 0.03
HVC3688 0.036
HVC3689 0.044
HVC3690 0.043
HVC3691 0.045
HVC3692 0.049
HVC3697 0.027
HVC3698 0.056
HVC3700 0.085
HVC3701 0.032
HVC3704 0.061
HVC3705 0.038
HVC3710 0.087
HVC3712 0.075
HVC3714 0.054
HVC3719 0.059
HVC3722 0.052
HVC3724 0.023
HVC3738 0.044
HVC3741 0.053
HVC3744 0.05
HVC3746 0.069
HVC3748 0.016
HVC3754 0.035
HVC3756 0.06
HVC3757 0.075
HVC3763 0.065
HVC3765 0.044
HVC3771 0.067
HVC3777 0.05
HVC3782 0.043
HVC3786 0.046
HVC3787 0.042
HVC3794 0.047
HVC3796 0.039
HVC3798 0.035
HVC3799 0.022
HVC3800 0.009
HVC3802 0.031
HVC3803 0.069
HVC3804 0.076
HVC3805 0.069
HVC3808 0.032
HVC3809 0.051
HVC3811 0.049
HVC3812 0.04
HVC3814 0.061
HVC3821 0.043
HVC3822 0.034
HVC3835 0.047
HVC3837 0.051
HVC3841 0.038
HVC3842 0.038
HVC3843 0.033
HVC3845 0.052
HVC3846 0.087
HVC3848 0.065
HVC3852 0.037
HVC3855 0.046
HVC3856 0.055
HVC3859 0.037
HVC3860 0.051
HVC3861 0.043
HVC3865 0.057
HVC3866 0.06
HVC3871 0.02
HVC3876 0.068
HVC3877 0.058
HVC3880 0.057
HVC3881 0.024
HVC3888 0.047
HVC3889 0.015
HVC3891 0.13
HVC3897 0.023
HVC3898 0.04
HVC3900 0.061
HVC3901 0.075
HVC3907 0.024
HVC3908 0.023
HVC3912 0.011
HVC3916 0.069
HVC3919 0.049
HVC3920 0.057
HVC3925 0.041
HVC3926 0.077
HVC3931 0.07
HVC3933 0.048
HVC3935 0.035
HVC3936 0.04
HVC3937 0.069
HVC3938 0.055
HVC3941 0.028
HVC3942 0.06
HVC3943 0.06
HVC3952 0.04
HVC3956 0.082
HVC3962 0.025
HVC3965 0.021
HVC3968 0.058
HVC3970 0.033
HVC3988 0.028
HVC3990 0.039
HVC3992 0.049
HVC3994 0.001
HVC3995 0.018
HVC3996 0.047
HVC3999 0.034
HVC4003 0.018
HVC4004 0.056
HVC4021 0.062
HVC4022 0.053
HVC4025 0.061
HVC4026 0.005
HVC4032 0.082
HVC4042 0.058
HVC4043 0.039
HVC4044 0.048
HVC4045 0.043
HVC4046 0.069
HVC4047 0.034
HVC4051 0.021
HVC4052 0.056
HVC4055 0.078
HVC4056 0.055
HVC4057 0.018
HVC4066 0.02
HVC4068 0.026
HVC4070 0.069
HVC4073 0.053
HVC4074 0.06
HVC4099 0.007
HVC4104 0.063
HVC4106 0.062
HVC4107 0.018
HVC4108 0.054
HVC4109 0.005
HVC4110 0.04
HVC4111 0.085
HVC4112 0.006
HVC4114 0.03
HVC4115 0.063
HVC4116 0.062
HVC4117 0.042
HVC4119 0.032
HVC4121 0.069
HVC4122 0.034
HVC4123 0.043
HVC4124 0.08
HVC4125 0.045
HVC4126 0.059
HVC4127 0.062
HVC4128 0.007
HVC4129 0.032
HVC4130 0.042
HVC4131 0.032
HVC4132 0.028
HVC4134 0.039
HVC4135 0.042
HVC4136 0.082
HVC4137 0.028
HVC4138 0.033
HVC4140 0.034
HVC4141 0.075
HVC4142 0.006
HVC4143 0.026
HVC4144 0.03
HVC4147 0.082
HVC4149 0.084
HVC4151 0.012
HVC4152 0.041
HVC4153 0.024
HVC4163 0.036
HVC4170 0.026
HVC4171 0.066
HVC4173 0.03
HVC4175 0.032
HVC4178 0.049
HVC4185 0.049
HVC4189 0.007
HVC4194 0.053
HVC4197 0.015
HVC4201 0.055
HVC4203 0.043
HVC4205 0.031
HVC4209 0.031
HVC4218 0.076
HVC4219 0.042
HVC4220 0.049
HVC4223 0.038
HVC4230 0.049
HVC4232 0.069
HVC4233 0.025
HVC4234 0.075
HVC4239 0.049
HVC4241 0.042
HVC4243 0.063
HVC4246 0.023
HVC4248 0.025
HVC4258 0.067
HVC4261 0.062
HVC4262 0.073
HVC4267 0.052
HVC4268 0.052
HVC4270 0.056
HVC4271 0.035
HVC4273 0.017
HVC4275 0.064
HVC4278 0.049
HVC4283 0.099
HVC4288 0.061
HVC4295 0.024
HVC4307 0.045
HVC4309 0.028
HVC4319 0.052
HVC4321 0.041
HVC4323 0.044
HVC4324 0.043
HVC4325 0.007
HVC4326 0.032
HVC4330 0.026
HVC4333 0.049
HVC4335 0.039
HVC4343 0.053
HVC4350 0.036
HVC4351 0.055
HVC4352 0.068
HVC4355 0.067
HVC4356 0.03
HVC4362 0.059
HVC4363 0.067
HVC4364 0.03
HVC4366 0.038
HVC4368 0.052
HVC4371 0.049
HVC4374 0.057
HVC4375 0.061
HVC4377 0.062
HVC4381 0.061
HVC4387 0.062
HVC4392 0.071
HVC4394 0.044
HVC4395 0.013
HVC4397 0.048
HVC4398 0.07
HVC4399 0.048
HVC4400 0.021
HVC4402 0.057
HVC4406 0.049
HVC4407 0.026
HVC4410 0.06
HVC4411 0.051
HVC4417 0.038
HVC4419 0.036
HVC4422 0.05
HVC4423 0.025
HVC4425 0.044
HVC4428 0.055
HVC4430 0.024
HVC4432 0.033
HVC4433 0.07
HVC4434 0.014
HVC4435 0.061
HVC4444 0.071
HVC4445 0.063
HVC4446 0.075
HVC4447 0.037
HVC4472 0.062
HVC4474 0.063
HVC4475 0.023
HVC4476 0.046
HVC532 0.06
HVC535 0.061
HVC624 0.03
HVC725 0.065
HVC893 0.031
HVC918 0.084
HVC1094 0.028
HVC1163 0.079
HVC1270 0.096
HVC1322 0.06
HVC1413 0.026
HVC1643 0.049
HVC1875 0.06
HVC1912 0.037
HVC1934 0.045
HVC1935 0.025
HVC1983 0.012
HVC1985 0.034
HVC2015 0.028
HVC2019 0.03
HVC2027 0.037
HVC2044 0.017
HVC2045 0.024
HVC2051 0.045
HVC2054 0.028
HVC2067 0.054
HVC2080 0.071
HVC2084 0.028
HVC2099 0.019
HVC2101 0.079
HVC2119 0.027
HVC2131 0.018
HVC2141 0.029
HVC2151 0.025
HVC2156 0.026
HVC2160 0.038
HVC2201 0.074
HVC2203 0.035
HVC2206 0.062
HVC2207 0.049
HVC2210 0.008
HVC2217 0.038
HVC2231 0.061
HVC2261 0.07
HVC2275 0.052
HVC2276 0.049
HVC2285 0.055
HVC2286 0.007
HVC2300 0.066
HVC2310 0.052
HVC2314 0.077
HVC2338 0.052
HVC2339 0.029
HVC2345 0.045
HVC2394 0.074
HVC2398 0.07
HVC2421 0.026
HVC2427 0.051
HVC2429 0.029
HVC2436 0.032
HVC2438 0.061
HVC2459 0.035
HVC2489 0.112
HVC2492 0.05
HVC2502 0.056
HVC2514 0.087
HVC2524 0.067
HVC2548 0.042
HVC2586 0.08
HVC2587 0.059
HVC2590 0.05
HVC2612 0.038
HVC2613 0.048
HVC2624 0.018
HVC2627 0.035
HVC2708 0.082
HVC2719 0.061
HVC2730 0.037
HVC2735 0.024
HVC2739 0.049
HVC2740 0.057
HVC2802 0.036
HVC2805 0.022
HVC3087 0.039
HVC3090 0.079
HVC3091 0.043
HVC3092 0.104
HVC3095 0.038
HVC3103 0.06
HVC3106 0.08
HVC3110 0.027
HVC3111 0.076
HVC3277 0.03
HVC3279 0.027
HVC3288 0.061
HVC3289 0.069
HVC3292 0.038
HVC3293 0.041
HVC3295 0.036
HVC3335 0.03
HVC3358 0.059
HVC3449 0.021
HVC3510 0.017
HVC3513 0.047
HVC3590 0.06
HVC3605 0.021
HVC3971 0.061
HVC3977 0.057
HVC4054 0.053
HVC4061 0.029
HVC4065 0.041
HVC4071 0.014
HVC4072 0.035
HVC4082 0.0
HVC4084 0.059
HVC4085 0.01
HVC4086 0.055
HVC4087 0.02
HVC4088 0.043
HVC4089 0.03
HVC4091 0.043
HVC4093 0.095
HVC4100 0.034
HVC4101 0.022
HVC4102 0.027
HVC4155 0.052
HVC4157 0.029
HVC4159 0.057
HVC4160 0.047
HVC4177 0.056
HVC4251 0.027
HVC4305 0.054
HVC4359 0.025
HVC4373 0.062
HVC4390 0.038
HVC4437 0.027
HVC4441 0.031
HVC4450 0.048
HVC4451 0.014
HVC4453 0.049
HVC4454 0.038
HVC4456 0.028
HVC4457 0.095
HVC4458 0.034
HVC4459 0.067
HVC4460 0.077
HVC4461 0.049
HVC4463 0.03
HVC4464 0.027
HVC4465 0.028
HVC4466 0.031
HVC4467 0.008
HVC4468 0.053
HVC4478 0.026
HVC4479 0.033
HVC4481 0.065
HVC4484 0.073
HVC4486 0.06
HVC4487 0.018
HVC4489 0.047
HVC4490 0.034
HVC4494 0.057
HVC4498 0.041
HVC4499 0.017
HVC4508 0.062
HVC4511 0.057
HVC4518 0.03
HVC4519 0.019
HVC4528 0.063
HVC4529 0.077
HVC4530 0.036
HVC4536 0.054
HVC4537 0.031
HVC4539 0.05
HVC4545 0.03
HVC4546 0.062
HVC4548 0.03
HVC4550 0.046
HVC4552 0.021
HVC4558 0.054
HVC4559 0.018
HVC4561 0.04
HVC4567 0.029
HVC4570 0.026
HVC4571 0.049
HVC4574 0.062
HVC4583 0.074
HVC4587 0.053
HVC4589 0.085
HVC4590 0.025
HVC4592 0.058
HVC4599 0.066
HVC4600 0.076
HVC4602 0.083
HVC4606 0.066
HVC4608 0.06
HVC4609 0.064
HVC4610 0.038
HVC4617 0.046
HVC4618 0.056
HVC4619 0.063
HVC4620 0.036
HVC4625 0.028
HVC4626 0.028
HVC4627 0.061
HVC4629 0.059
HVC4630 0.035
HVC4642 0.04
HVC4643 0.048
HVC4644 0.051
HVC4645 0.058
HVC4647 0.06
HVC4648 0.06
HVC4653 0.049
HVC4654 0.043
HVC4655 0.049
HVC4656 0.021
HVC4659 0.052
HVC4661 0.061
HVC4664 0.029
HVC4665 0.022
HVC4671 0.052
HVC4673 0.027
HVC4674 0.041
HVC4675 0.041
HVC4681 0.009
HVC4682 0.115
HVC4685 0.024
HVC4687 0.027
HVC4688 0.066
HVC4692 0.017
HVC4704 0.04
HVC4706 0.067
HVC4707 0.06
HVC4710 0.06
HVC4712 0.059
HVC4715 0.056
HVC4716 0.059
HVC4719 0.059
HVC4721 0.057
HVC4724 0.057
HVC4725 0.047
HVC4733 0.016
HVC4734 0.062
HVC4738 0.046
HVC4739 0.034
HVC4740 0.024
HVC4744 0.027
HVC4747 0.053
HVC4749 0.042
HVC4751 0.064
HVC4752 0.046
HVC4753 0.044
HVC4759 0.076
HVC4760 0.064
HVC4761 0.079
HVC4762 0.053
HVC4764 0.049
HVC4765 0.046
HVC4766 0.069
HVC4776 0.035
HVC4777 0.031
HVC4779 0.037
HVC4780 0.035
HVC4783 0.03
HVC4786 0.041
HVC4791 0.062
HVC4792 0.059
HVC4797 0.056
HVC4798 0.04
HVC4800 0.047
HVC4802 0.103
HVC4805 0.035
HVC4807 0.01
HVC4808 0.06
HVC4809 0.013
HVC4810 0.055
HVC4811 0.025
HVC4812 0.051
HVC4814 0.023
HVC4816 0.03
HVC4817 0.041
HVC4824 0.016
HVC4829 0.057
HVC4830 0.049
HVC4836 0.022
HVC4837 0.039
HVC4840 0.031
HVC4841 0.039
HVC4842 0.034
HVC4851 0.061
HVC4853 0.059
HVC4858 0.052
HVC4866 0.021
HVC4868 0.057
HVC4869 0.012
HVC4872 0.048
HVC4873 0.056
HVC4874 0.034
HVC4875 0.063
HVC4876 0.049
HVC4878 0.049
HVC4879 0.042
HVC4880 0.052
HVC4883 0.075
HVC4884 0.067
HVC4885 0.06
HVC4888 0.048
HVC4890 0.054
HVC4891 0.051
HVC4892 0.049
HVC4893 0.056
HVC4894 0.068
HVC4895 0.095
HVC4896 0.045
HVC4898 0.072
HVC4899 0.049
HVC4901 0.031
HVC4908 0.05
HVC4909 0.043
HVC4910 0.041
HVC4912 0.068
HVC4915 0.018
HVC4916 0.053
HVC4918 0.041
HVC4920 0.07
HVC4923 0.016
HVC4924 0.079
HVC4926 0.035
HVC4928 0.022
HVC4929 0.036
HVC4933 0.086
HVC4936 0.049
HVC4937 0.066
HVC4938 0.025
HVC4939 0.03
HVC4940 0.06
HVC4945 0.044
HVC4947 0.023
HVC4948 0.057
HVC4949 0.047
HVC4951 0.025
HVC4952 0.025
HVC4956 0.084
HVC4957 0.049
HVC4959 0.051
HVC4964 0.048
HVC4965 0.042
HVC4967 0.053
HVC4969 0.023
HVC4971 0.02
HVC4975 0.054
HVC4976 0.028
HVC4986 0.03
HVC4987 0.005
HVC4996 0.036
HVC4998 0.063
HVC4999 0.062
HVC5001 0.04
HVC5002 0.032
HVC5003 0.059
HVC5004 0.035
HVC5007 0.026
HVC5008 0.018
HVC5014 0.049
HVC5015 0.022
HVC5016 0.035
HVC5020 0.077
HVC5021 0.03
HVC5022 0.055
HVC5026 0.04
HVC5039 0.088
HVC5040 0.054
HVC5041 0.013
HVC5042 0.024
HVC5044 0.073
HVC5105 0.035
HVC5109 0.041
HVC5110 0.027
HVC5111 0.058
HVC5114 0.045
HVC5115 0.065
HVC5119 0.032
HVC5120 0.031
HVC5121 0.081
HVC5122 0.053
HVC5123 0.064
HVC5124 0.038
HVC5127 0.036
HVC5129 0.026
HVC5130 0.021
HVC5133 0.06
HVC5135 0.054
HVC5137 0.056
HVC5138 0.025
HVC5139 0.03
HVC5140 0.037
HVC5144 0.043
HVC5145 0.041
HVC5147 0.057
HVC5148 0.077
HVC5150 0.048
HVC5151 0.055
HVC5153 0.039
HVC5155 0.04
HVC5156 0.056
HVC5159 0.07
HVC5161 0.024
HVC5162 0.064
HVC5163 0.066
HVC5165 0.032
HVC5166 0.06
HVC5167 0.023
HVC5168 0.052
HVC5175 0.022
HVC5176 0.054
HVC5177 0.005
HVC5178 0.027
HVC5180 0.045
HVC5181 0.053
HVC5182 0.054
HVC5184 0.049
HVC5185 0.058
HVC5187 0.035
HVC5191 0.059
HVC5200 0.063
HVC5206 0.052
HVC5207 0.048
HVC5208 0.075
HVC5209 0.056
HVC5211 0.031
HVC5212 0.027
HVC5215 0.026
HVC5216 0.069
HVC5217 0.07
HVC5220 0.027
HVC5223 0.032
HVC5225 0.066
HVC5227 0.079
HVC5230 0.075
HVC5231 0.047
HVC5235 0.054
HVC5239 0.016
HVC5240 0.014
HVC5242 0.072
HVC5246 0.061
HVC5248 0.052
HVC5251 0.094
HVC5252 0.022
HVC5253 0.025
HVC5257 0.044
HVC5262 0.022
HVC5263 0.028
HVC5265 0.019
HVC5266 0.01
HVC5272 0.051
HVC5273 0.05
HVC5274 0.049
HVC5276 0.037
HVC5277 0.052
HVC5278 0.014
HVC5281 0.007
HVC5285 0.025
HVC5289 0.05
HVC5290 0.047
HVC5291 0.074
HVC5292 0.078
HVC5294 0.049
HVC5299 0.073
HVC5301 0.043
HVC5302 0.026
HVC5304 0.021
HVC5380 0.019
HVC5389 0.025
HVC5390 0.008
HVC5391 0.061
HVC5395 0.036
HVC5396 0.07
HVC5398 0.073
HVC5399 0.079
HVC5400 0.056
HVC5402 0.042
HVC5403 0.058
HVC5404 0.03
HVC5405 0.036
HVC5408 0.048
HVC5410 0.025
HVC5411 0.05
HVC5421 0.075
HVC5422 0.041
HVC5423 0.034
HVC5425 0.095
HVC5427 0.025
HVC5428 0.015
HVC5429 0.014
HVC5430 0.05
HVC5434 0.046
HVC5435 0.081
HVC5436 0.055
HVC5437 0.059
HVC5438 0.073
HVC5439 0.027
HVC5440 0.049
HVC5442 0.021
HVC5445 0.029
HVC5446 0.062
HVC5447 0.062
HVC5448 0.033
HVC5451 0.049
HVC5453 0.06
HVC5466 0.039
HVC5467 0.063
HVC5470 0.027
HVC5471 0.024
HVC5476 0.06
HVC5484 0.045
HVC5486 0.027
HVC5487 0.056
HVC5488 0.057
HVC5489 0.089
HVC5490 0.053
HVC5492 0.037
HVC5495 0.065
HVC5500 0.075
HVC5504 0.081
HVC5508 0.061
HVC5509 0.025
HVC5510 0.061
HVC5512 0.02
HVC5515 0.083
HVC5517 0.046
HVC5519 0.031
HVC5522 0.045
HVC5523 0.063
HVC5524 0.011
HVC5526 0.049
HVC5527 0.064
HVC5528 0.003
HVC5530 0.036
HVC5531 0.059
HVC5535 0.025
HVC5536 0.054
HVC5546 0.027
HVC5547 0.048
HVC5554 0.05
HVC5555 0.061
HVC5557 0.028
HVC5559 0.027
HVC5560 0.039
HVC5561 0.093
HVC5562 0.048
HVC5563 0.048
HVC5564 0.035
HVC5565 0.023
HVC5572 0.025
HVC5574 0.048
HVC5575 0.044
HVC5576 0.004
HVC5577 0.031
HVC5579 0.044
HVC5584 0.011
HVC5585 0.036
HVC5587 0.038
HVC5592 0.049
HVC5593 0.062
HVC5595 0.011
HVC5596 0.032
HVC5597 0.026
HVC5598 0.064
HVC5599 0.03
HVC5601 0.052
HVC5602 0.043
HVC5609 0.028
HVC5610 0.049
HVC5611 0.049
HVC5612 0.035
HVC5614 0.04
HVC5618 0.063
HVC5619 0.027
HVC5620 0.068
HVC5625 0.031
HVC5627 0.049
HVC5629 0.045
HVC5634 0.016
HVC5638 0.033
HVC5639 0.039
HVC5643 0.074
HVC5644 0.036
HVC5645 0.025
HVC5647 0.024
HVC5648 0.009
HVC5649 0.055
HVC5651 0.026
HVC5654 0.04
HVC5655 0.046
HVC5659 0.049
HVC5661 0.03
HVC5662 0.027
HVC5663 0.049
HVC5664 0.047
HVC5665 0.02
HVC5666 0.041
HVC5667 0.065
HVC5668 0.052
HVC5673 0.04
HVC5674 0.023
HVC5677 0.038
HVC5684 0.037
HVC5689 0.02
HVC5691 0.046
HVC5692 0.064
HVC5697 0.076
HVC5698 0.038
HVC5699 0.053
HVC5701 0.047
HVC5702 0.044
HVC5712 0.022
HVC5715 0.02
HVC5716 0.029
HVC5718 0.067
HVC5719 0.06
HVC5724 0.037
HVC5725 0.051
HVC5728 0.061
HVC5729 0.045
HVC5730 0.04
HVC5733 0.058
HVC5735 0.082
HVC5736 0.054
HVC5737 0.05
HVC5738 0.05
HVC5740 0.057
HVC5743 0.023
HVC5753 0.053
HVC5754 0.066
HVC5765 0.057
HVC5766 0.046
HVC5768 0.054
HVC5771 0.06
HVC5772 0.065
HVC5774 0.063
HVC5778 0.078
HVC5779 0.06
HVC5781 0.057
HVC5782 0.051
HVC5785 0.078
HVC5786 0.049
HVC5787 0.024
HVC5789 0.049
HVC5790 0.06
HVC5792 0.034
HVC5795 0.049
HVC5800 0.04
HVC5801 0.016
HVC5802 0.033
HVC5805 0.02
HVC5806 0.015
HVC5810 0.022
HVC5811 0.035
HVC5812 0.054
HVC5813 0.031
HVC5815 0.028
HVC5816 0.047
HVC5817 0.026
HVC5818 0.07
HVC5819 0.047
HVC5820 0.036
HVC5824 0.028
HVC5825 0.054
HVC5826 0.043
HVC5830 0.064
HVC5831 0.074
HVC5834 0.06
HVC5836 0.06
HVC5837 0.033
HVC5838 0.034
HVC5841 0.04
HVC5842 0.041
HVC5844 0.053
HVC5847 0.033
HVC5848 0.034
HVC5849 0.046
HVC5850 0.048
HVC5851 0.047
HVC5852 0.042
HVC5853 0.008
HVC5854 0.061
HVC5860 0.028
HVC5861 0.04
HVC5863 0.063
HVC5864 0.049
HVC5865 0.066
HVC5866 0.061
HVC5867 0.041
HVC5869 0.019
HVC5870 0.031
HVC5871 0.029
HVC5873 0.05
HVC5874 0.011
HVC5875 0.039
HVC5876 0.038
HVC5878 0.046
HVC5882 0.067
HVC5884 0.062
HVC5885 0.049
HVC5886 0.035
HVC5890 0.051
HVC5892 0.029
HVC5894 0.058
HVC5895 0.014
HVC5896 0.028
HVC5898 0.025
HVC5926 0.038
HVC5949 0.06
HVC5953 0.039
HVC5962 0.061
HVC5963 0.069
HVC5973 0.032
HVC5974 0.026
HVC5976 0.056
HVC5977 0.066
HVC5978 0.034
HVC5979 0.027
HVC5980 0.048
HVC5981 0.078
HVC5983 0.041
HVC5988 0.012
HVC5989 0.068
HVC5992 0.066
HVC5993 0.057
HVC5994 0.056
HVC5995 0.073
HVC5996 0.052
HVC5997 0.032
HVC5999 0.057
HVC6000 0.074
HVC6004 0.046
HVC6005 0.035
HVC6008 0.015
HVC6011 0.025
HVC6012 0.021
HVC6016 0.065
HVC6025 0.038
HVC6027 0.017
HVC6028 0.06
HVC6031 0.047
HVC6032 0.043
HVC6035 0.057
HVC6037 0.026
HVC6038 0.026
HVC6039 0.038
HVC6040 0.025
HVC6042 0.026
HVC6044 0.072
HVC6046 0.042
HVC6047 0.047
HVC6048 0.068
HVC6049 0.038
HVC6057 0.044
HVC6059 0.015
HVC6062 0.037
HVC6063 0.045
HVC6065 0.062
HVC6067 0.087
HVC6071 0.033
HVC6072 0.025
HVC6073 0.053
HVC6074 0.046
HVC6079 0.092
HVC6080 0.06
HVC6082 0.052
HVC6083 0.025
HVC6088 0.024
HVC6089 0.033
HVC6090 0.049
HVC6092 0.032
HVC6096 0.08
HVC6103 0.067
HVC6104 0.027
HVC6107 0.053
HVC6108 0.057
HVC6109 0.002
HVC6110 0.028
HVC6121 0.065
HVC6122 0.016
HVC6124 0.037
HVC6127 0.032
HVC6129 0.013
HVC6130 0.027
HVC6132 0.033
HVC6133 0.007
HVC6134 0.031
HVC6139 0.042
HVC6141 0.057
HVC6145 0.04
HVC6146 0.025
HVC6148 0.071
HVC6149 0.03
HVC6151 0.057
HVC6155 0.027
HVC6157 0.039
HVC6158 0.038
HVC6159 0.012
HVC6160 0.016
HVC6162 0.049
HVC6165 0.049
HVC6166 0.065
HVC6167 0.028
HVC6169 0.14
HVC6175 0.031
HVC6176 0.036
HVC6178 0.039
HVC6183 0.036
HVC6184 0.031
HVC6185 0.036
HVC6188 0.049
HVC6189 0.021
HVC6196 0.086
HVC6198 0.06
HVC6199 0.025
HVC6201 0.049
HVC6202 0.064
HVC6208 0.032
HVC6210 0.03
HVC6214 0.03
HVC6217 0.051
HVC6218 0.088
HVC6219 0.071
HVC6223 0.06
HVC6224 0.049
HVC6226 0.105
HVC6228 0.065
HVC6230 0.061
HVC6231 0.002
HVC6232 0.014
HVC6233 0.047
HVC6235 0.045
HVC6239 0.068
HVC6241 0.039
HVC6242 0.021
HVC6244 0.052
HVC6245 0.054
